{
  "F:/25T2/COMP9900/Project/capstone-project-25t2-9900-h18b-donut/src/components/StudentHelp.jsx": {
    "path": "F:/25T2/COMP9900/Project/capstone-project-25t2-9900-h18b-donut/src/components/StudentHelp.jsx",
    "statementMap": {
      "0": {
        "start": {
          "line": 3,
          "column": 20
        },
        "end": {
          "line": 3,
          "column": 97
        }
      },
      "1": {
        "start": {
          "line": 6,
          "column": 0
        },
        "end": {
          "line": 16,
          "column": 1
        }
      },
      "2": {
        "start": {
          "line": 7,
          "column": 2
        },
        "end": {
          "line": 11,
          "column": 3
        }
      },
      "3": {
        "start": {
          "line": 8,
          "column": 4
        },
        "end": {
          "line": 10,
          "column": 6
        }
      },
      "4": {
        "start": {
          "line": 12,
          "column": 2
        },
        "end": {
          "line": 12,
          "column": 39
        }
      },
      "5": {
        "start": {
          "line": 13,
          "column": 2
        },
        "end": {
          "line": 13,
          "column": 39
        }
      },
      "6": {
        "start": {
          "line": 14,
          "column": 2
        },
        "end": {
          "line": 14,
          "column": 150
        }
      },
      "7": {
        "start": {
          "line": 15,
          "column": 2
        },
        "end": {
          "line": 15,
          "column": 75
        }
      },
      "8": {
        "start": {
          "line": 17,
          "column": 9
        },
        "end": {
          "line": 17,
          "column": 23
        }
      },
      "9": {
        "start": {
          "line": 22,
          "column": 2
        },
        "end": {
          "line": 22,
          "column": 7
        }
      },
      "10": {
        "start": {
          "line": 23,
          "column": 38
        },
        "end": {
          "line": 23,
          "column": 50
        }
      },
      "11": {
        "start": {
          "line": 24,
          "column": 46
        },
        "end": {
          "line": 24,
          "column": 61
        }
      },
      "12": {
        "start": {
          "line": 25,
          "column": 40
        },
        "end": {
          "line": 25,
          "column": 54
        }
      },
      "13": {
        "start": {
          "line": 26,
          "column": 44
        },
        "end": {
          "line": 26,
          "column": 56
        }
      },
      "14": {
        "start": {
          "line": 27,
          "column": 48
        },
        "end": {
          "line": 27,
          "column": 63
        }
      },
      "15": {
        "start": {
          "line": 28,
          "column": 21
        },
        "end": {
          "line": 35,
          "column": 3
        }
      },
      "16": {
        "start": {
          "line": 36,
          "column": 22
        },
        "end": {
          "line": 107,
          "column": 3
        }
      },
      "17": {
        "start": {
          "line": 108,
          "column": 23
        },
        "end": {
          "line": 113,
          "column": 3
        }
      },
      "18": {
        "start": {
          "line": 114,
          "column": 26
        },
        "end": {
          "line": 118,
          "column": 4
        }
      },
      "19": {
        "start": {
          "line": 115,
          "column": 26
        },
        "end": {
          "line": 115,
          "column": 254
        }
      },
      "20": {
        "start": {
          "line": 115,
          "column": 201
        },
        "end": {
          "line": 115,
          "column": 253
        }
      },
      "21": {
        "start": {
          "line": 116,
          "column": 28
        },
        "end": {
          "line": 116,
          "column": 88
        }
      },
      "22": {
        "start": {
          "line": 117,
          "column": 4
        },
        "end": {
          "line": 117,
          "column": 44
        }
      },
      "23": {
        "start": {
          "line": 119,
          "column": 20
        },
        "end": {
          "line": 121,
          "column": 3
        }
      },
      "24": {
        "start": {
          "line": 120,
          "column": 4
        },
        "end": {
          "line": 120,
          "column": 51
        }
      },
      "25": {
        "start": {
          "line": 122,
          "column": 25
        },
        "end": {
          "line": 127,
          "column": 3
        }
      },
      "26": {
        "start": {
          "line": 123,
          "column": 4
        },
        "end": {
          "line": 126,
          "column": 8
        }
      },
      "27": {
        "start": {
          "line": 123,
          "column": 32
        },
        "end": {
          "line": 126,
          "column": 5
        }
      },
      "28": {
        "start": {
          "line": 128,
          "column": 24
        },
        "end": {
          "line": 133,
          "column": 3
        }
      },
      "29": {
        "start": {
          "line": 129,
          "column": 4
        },
        "end": {
          "line": 132,
          "column": 5
        }
      },
      "30": {
        "start": {
          "line": 130,
          "column": 6
        },
        "end": {
          "line": 130,
          "column": 25
        }
      },
      "31": {
        "start": {
          "line": 131,
          "column": 6
        },
        "end": {
          "line": 131,
          "column": 23
        }
      },
      "32": {
        "start": {
          "line": 134,
          "column": 2
        },
        "end": {
          "line": 634,
          "column": 11
        }
      },
      "33": {
        "start": {
          "line": 158,
          "column": 41
        },
        "end": {
          "line": 196,
          "column": 9
        }
      },
      "34": {
        "start": {
          "line": 213,
          "column": 25
        },
        "end": {
          "line": 213,
          "column": 54
        }
      },
      "35": {
        "start": {
          "line": 241,
          "column": 42
        },
        "end": {
          "line": 257,
          "column": 9
        }
      },
      "36": {
        "start": {
          "line": 245,
          "column": 27
        },
        "end": {
          "line": 245,
          "column": 49
        }
      },
      "37": {
        "start": {
          "line": 303,
          "column": 34
        },
        "end": {
          "line": 413,
          "column": 16
        }
      },
      "38": {
        "start": {
          "line": 308,
          "column": 29
        },
        "end": {
          "line": 308,
          "column": 47
        }
      },
      "39": {
        "start": {
          "line": 309,
          "column": 32
        },
        "end": {
          "line": 309,
          "column": 57
        }
      },
      "40": {
        "start": {
          "line": 358,
          "column": 39
        },
        "end": {
          "line": 358,
          "column": 68
        }
      },
      "41": {
        "start": {
          "line": 375,
          "column": 39
        },
        "end": {
          "line": 375,
          "column": 69
        }
      },
      "42": {
        "start": {
          "line": 463,
          "column": 29
        },
        "end": {
          "line": 463,
          "column": 65
        }
      },
      "43": {
        "start": {
          "line": 610,
          "column": 101
        },
        "end": {
          "line": 610,
          "column": 126
        }
      },
      "44": {
        "start": {
          "line": 636,
          "column": 0
        },
        "end": {
          "line": 636,
          "column": 48
        }
      },
      "45": {
        "start": {
          "line": 637,
          "column": 0
        },
        "end": {
          "line": 637,
          "column": 17
        }
      },
      "46": {
        "start": {
          "line": 640,
          "column": 0
        },
        "end": {
          "line": 640,
          "column": 32
        }
      },
      "47": {
        "start": {
          "line": 641,
          "column": 0
        },
        "end": {
          "line": 644,
          "column": 1
        }
      },
      "48": {
        "start": {
          "line": 642,
          "column": 2
        },
        "end": {
          "line": 642,
          "column": 39
        }
      },
      "49": {
        "start": {
          "line": 643,
          "column": 2
        },
        "end": {
          "line": 643,
          "column": 39
        }
      },
      "50": {
        "start": {
          "line": 645,
          "column": 0
        },
        "end": {
          "line": 656,
          "column": 1
        }
      },
      "51": {
        "start": {
          "line": 646,
          "column": 2
        },
        "end": {
          "line": 655,
          "column": 5
        }
      },
      "52": {
        "start": {
          "line": 647,
          "column": 4
        },
        "end": {
          "line": 647,
          "column": 163
        }
      },
      "53": {
        "start": {
          "line": 648,
          "column": 4
        },
        "end": {
          "line": 654,
          "column": 7
        }
      },
      "54": {
        "start": {
          "line": 649,
          "column": 6
        },
        "end": {
          "line": 650,
          "column": 15
        }
      },
      "55": {
        "start": {
          "line": 650,
          "column": 8
        },
        "end": {
          "line": 650,
          "column": 15
        }
      },
      "56": {
        "start": {
          "line": 651,
          "column": 32
        },
        "end": {
          "line": 651,
          "column": 212
        }
      },
      "57": {
        "start": {
          "line": 652,
          "column": 6
        },
        "end": {
          "line": 653,
          "column": 54
        }
      },
      "58": {
        "start": {
          "line": 653,
          "column": 8
        },
        "end": {
          "line": 653,
          "column": 54
        }
      },
      "59": {
        "start": {
          "line": 6,
          "column": 38
        },
        "end": {
          "line": 6,
          "column": 50
        }
      },
      "60": {
        "start": {
          "line": 7,
          "column": 46
        },
        "end": {
          "line": 7,
          "column": 61
        }
      },
      "61": {
        "start": {
          "line": 8,
          "column": 40
        },
        "end": {
          "line": 8,
          "column": 54
        }
      },
      "62": {
        "start": {
          "line": 9,
          "column": 44
        },
        "end": {
          "line": 9,
          "column": 56
        }
      },
      "63": {
        "start": {
          "line": 10,
          "column": 48
        },
        "end": {
          "line": 10,
          "column": 63
        }
      },
      "64": {
        "start": {
          "line": 11,
          "column": 21
        },
        "end": {
          "line": 18,
          "column": 3
        }
      },
      "65": {
        "start": {
          "line": 19,
          "column": 22
        },
        "end": {
          "line": 90,
          "column": 3
        }
      },
      "66": {
        "start": {
          "line": 91,
          "column": 23
        },
        "end": {
          "line": 96,
          "column": 3
        }
      },
      "67": {
        "start": {
          "line": 97,
          "column": 26
        },
        "end": {
          "line": 101,
          "column": 4
        }
      },
      "68": {
        "start": {
          "line": 98,
          "column": 26
        },
        "end": {
          "line": 98,
          "column": 254
        }
      },
      "69": {
        "start": {
          "line": 98,
          "column": 201
        },
        "end": {
          "line": 98,
          "column": 253
        }
      },
      "70": {
        "start": {
          "line": 99,
          "column": 28
        },
        "end": {
          "line": 99,
          "column": 88
        }
      },
      "71": {
        "start": {
          "line": 100,
          "column": 4
        },
        "end": {
          "line": 100,
          "column": 44
        }
      },
      "72": {
        "start": {
          "line": 102,
          "column": 20
        },
        "end": {
          "line": 104,
          "column": 3
        }
      },
      "73": {
        "start": {
          "line": 103,
          "column": 4
        },
        "end": {
          "line": 103,
          "column": 51
        }
      },
      "74": {
        "start": {
          "line": 105,
          "column": 25
        },
        "end": {
          "line": 110,
          "column": 3
        }
      },
      "75": {
        "start": {
          "line": 106,
          "column": 4
        },
        "end": {
          "line": 109,
          "column": 8
        }
      },
      "76": {
        "start": {
          "line": 106,
          "column": 32
        },
        "end": {
          "line": 109,
          "column": 5
        }
      },
      "77": {
        "start": {
          "line": 111,
          "column": 24
        },
        "end": {
          "line": 116,
          "column": 3
        }
      },
      "78": {
        "start": {
          "line": 112,
          "column": 4
        },
        "end": {
          "line": 115,
          "column": 5
        }
      },
      "79": {
        "start": {
          "line": 113,
          "column": 6
        },
        "end": {
          "line": 113,
          "column": 25
        }
      },
      "80": {
        "start": {
          "line": 114,
          "column": 6
        },
        "end": {
          "line": 114,
          "column": 23
        }
      },
      "81": {
        "start": {
          "line": 117,
          "column": 2
        },
        "end": {
          "line": 611,
          "column": 11
        }
      },
      "82": {
        "start": {
          "line": 140,
          "column": 125
        },
        "end": {
          "line": 178,
          "column": 7
        }
      },
      "83": {
        "start": {
          "line": 194,
          "column": 25
        },
        "end": {
          "line": 194,
          "column": 54
        }
      },
      "84": {
        "start": {
          "line": 221,
          "column": 141
        },
        "end": {
          "line": 237,
          "column": 7
        }
      },
      "85": {
        "start": {
          "line": 225,
          "column": 25
        },
        "end": {
          "line": 225,
          "column": 47
        }
      },
      "86": {
        "start": {
          "line": 281,
          "column": 63
        },
        "end": {
          "line": 391,
          "column": 14
        }
      },
      "87": {
        "start": {
          "line": 286,
          "column": 27
        },
        "end": {
          "line": 286,
          "column": 45
        }
      },
      "88": {
        "start": {
          "line": 287,
          "column": 30
        },
        "end": {
          "line": 287,
          "column": 55
        }
      },
      "89": {
        "start": {
          "line": 336,
          "column": 37
        },
        "end": {
          "line": 336,
          "column": 66
        }
      },
      "90": {
        "start": {
          "line": 353,
          "column": 37
        },
        "end": {
          "line": 353,
          "column": 67
        }
      },
      "91": {
        "start": {
          "line": 440,
          "column": 29
        },
        "end": {
          "line": 440,
          "column": 65
        }
      },
      "92": {
        "start": {
          "line": 587,
          "column": 101
        },
        "end": {
          "line": 587,
          "column": 126
        }
      }
    },
    "fnMap": {
      "0": {
        "name": "StudentHelp",
        "decl": {
          "start": {
            "line": 21,
            "column": 9
          },
          "end": {
            "line": 21,
            "column": 20
          }
        },
        "loc": {
          "start": {
            "line": 21,
            "column": 23
          },
          "end": {
            "line": 635,
            "column": 1
          }
        },
        "line": 21
      },
      "1": {
        "name": "(anonymous_1)",
        "decl": {
          "start": {
            "line": 114,
            "column": 45
          },
          "end": {
            "line": 114,
            "column": 46
          }
        },
        "loc": {
          "start": {
            "line": 114,
            "column": 55
          },
          "end": {
            "line": 118,
            "column": 3
          }
        },
        "line": 114
      },
      "2": {
        "name": "(anonymous_2)",
        "decl": {
          "start": {
            "line": 115,
            "column": 192
          },
          "end": {
            "line": 115,
            "column": 193
          }
        },
        "loc": {
          "start": {
            "line": 115,
            "column": 201
          },
          "end": {
            "line": 115,
            "column": 253
          }
        },
        "line": 115
      },
      "3": {
        "name": "(anonymous_3)",
        "decl": {
          "start": {
            "line": 119,
            "column": 20
          },
          "end": {
            "line": 119,
            "column": 21
          }
        },
        "loc": {
          "start": {
            "line": 119,
            "column": 28
          },
          "end": {
            "line": 121,
            "column": 3
          }
        },
        "line": 119
      },
      "4": {
        "name": "(anonymous_4)",
        "decl": {
          "start": {
            "line": 122,
            "column": 25
          },
          "end": {
            "line": 122,
            "column": 26
          }
        },
        "loc": {
          "start": {
            "line": 122,
            "column": 47
          },
          "end": {
            "line": 127,
            "column": 3
          }
        },
        "line": 122
      },
      "5": {
        "name": "(anonymous_5)",
        "decl": {
          "start": {
            "line": 123,
            "column": 21
          },
          "end": {
            "line": 123,
            "column": 22
          }
        },
        "loc": {
          "start": {
            "line": 123,
            "column": 32
          },
          "end": {
            "line": 126,
            "column": 5
          }
        },
        "line": 123
      },
      "6": {
        "name": "(anonymous_6)",
        "decl": {
          "start": {
            "line": 128,
            "column": 24
          },
          "end": {
            "line": 128,
            "column": 25
          }
        },
        "loc": {
          "start": {
            "line": 128,
            "column": 38
          },
          "end": {
            "line": 133,
            "column": 3
          }
        },
        "line": 128
      },
      "7": {
        "name": "(anonymous_7)",
        "decl": {
          "start": {
            "line": 158,
            "column": 8
          },
          "end": {
            "line": 158,
            "column": 9
          }
        },
        "loc": {
          "start": {
            "line": 158,
            "column": 41
          },
          "end": {
            "line": 196,
            "column": 9
          }
        },
        "line": 158
      },
      "8": {
        "name": "(anonymous_8)",
        "decl": {
          "start": {
            "line": 213,
            "column": 18
          },
          "end": {
            "line": 213,
            "column": 19
          }
        },
        "loc": {
          "start": {
            "line": 213,
            "column": 25
          },
          "end": {
            "line": 213,
            "column": 54
          }
        },
        "line": 213
      },
      "9": {
        "name": "(anonymous_9)",
        "decl": {
          "start": {
            "line": 241,
            "column": 8
          },
          "end": {
            "line": 241,
            "column": 9
          }
        },
        "loc": {
          "start": {
            "line": 241,
            "column": 42
          },
          "end": {
            "line": 257,
            "column": 9
          }
        },
        "line": 241
      },
      "10": {
        "name": "(anonymous_10)",
        "decl": {
          "start": {
            "line": 245,
            "column": 21
          },
          "end": {
            "line": 245,
            "column": 22
          }
        },
        "loc": {
          "start": {
            "line": 245,
            "column": 27
          },
          "end": {
            "line": 245,
            "column": 49
          }
        },
        "line": 245
      },
      "11": {
        "name": "(anonymous_11)",
        "decl": {
          "start": {
            "line": 303,
            "column": 8
          },
          "end": {
            "line": 303,
            "column": 9
          }
        },
        "loc": {
          "start": {
            "line": 303,
            "column": 34
          },
          "end": {
            "line": 413,
            "column": 16
          }
        },
        "line": 303
      },
      "12": {
        "name": "(anonymous_12)",
        "decl": {
          "start": {
            "line": 308,
            "column": 23
          },
          "end": {
            "line": 308,
            "column": 24
          }
        },
        "loc": {
          "start": {
            "line": 308,
            "column": 29
          },
          "end": {
            "line": 308,
            "column": 47
          }
        },
        "line": 308
      },
      "13": {
        "name": "(anonymous_13)",
        "decl": {
          "start": {
            "line": 309,
            "column": 25
          },
          "end": {
            "line": 309,
            "column": 26
          }
        },
        "loc": {
          "start": {
            "line": 309,
            "column": 32
          },
          "end": {
            "line": 309,
            "column": 57
          }
        },
        "line": 309
      },
      "14": {
        "name": "(anonymous_14)",
        "decl": {
          "start": {
            "line": 358,
            "column": 33
          },
          "end": {
            "line": 358,
            "column": 34
          }
        },
        "loc": {
          "start": {
            "line": 358,
            "column": 39
          },
          "end": {
            "line": 358,
            "column": 68
          }
        },
        "line": 358
      },
      "15": {
        "name": "(anonymous_15)",
        "decl": {
          "start": {
            "line": 375,
            "column": 33
          },
          "end": {
            "line": 375,
            "column": 34
          }
        },
        "loc": {
          "start": {
            "line": 375,
            "column": 39
          },
          "end": {
            "line": 375,
            "column": 69
          }
        },
        "line": 375
      },
      "16": {
        "name": "(anonymous_16)",
        "decl": {
          "start": {
            "line": 463,
            "column": 23
          },
          "end": {
            "line": 463,
            "column": 24
          }
        },
        "loc": {
          "start": {
            "line": 463,
            "column": 29
          },
          "end": {
            "line": 463,
            "column": 65
          }
        },
        "line": 463
      },
      "17": {
        "name": "(anonymous_17)",
        "decl": {
          "start": {
            "line": 610,
            "column": 95
          },
          "end": {
            "line": 610,
            "column": 96
          }
        },
        "loc": {
          "start": {
            "line": 610,
            "column": 101
          },
          "end": {
            "line": 610,
            "column": 126
          }
        },
        "line": 610
      },
      "18": {
        "name": "(anonymous_18)",
        "decl": {
          "start": {
            "line": 646,
            "column": 52
          },
          "end": {
            "line": 646,
            "column": 53
          }
        },
        "loc": {
          "start": {
            "line": 646,
            "column": 72
          },
          "end": {
            "line": 655,
            "column": 3
          }
        },
        "line": 646
      },
      "19": {
        "name": "(anonymous_19)",
        "decl": {
          "start": {
            "line": 648,
            "column": 27
          },
          "end": {
            "line": 648,
            "column": 28
          }
        },
        "loc": {
          "start": {
            "line": 648,
            "column": 44
          },
          "end": {
            "line": 654,
            "column": 5
          }
        },
        "line": 648
      },
      "20": {
        "name": "StudentHelp",
        "decl": {
          "start": {
            "line": 5,
            "column": 9
          },
          "end": {
            "line": 5,
            "column": 20
          }
        },
        "loc": {
          "start": {
            "line": 5,
            "column": 23
          },
          "end": {
            "line": 612,
            "column": 1
          }
        },
        "line": 5
      },
      "21": {
        "name": "(anonymous_1)",
        "decl": {
          "start": {
            "line": 97,
            "column": 45
          },
          "end": {
            "line": 97,
            "column": 46
          }
        },
        "loc": {
          "start": {
            "line": 97,
            "column": 55
          },
          "end": {
            "line": 101,
            "column": 3
          }
        },
        "line": 97
      },
      "22": {
        "name": "(anonymous_2)",
        "decl": {
          "start": {
            "line": 98,
            "column": 192
          },
          "end": {
            "line": 98,
            "column": 193
          }
        },
        "loc": {
          "start": {
            "line": 98,
            "column": 201
          },
          "end": {
            "line": 98,
            "column": 253
          }
        },
        "line": 98
      },
      "23": {
        "name": "(anonymous_3)",
        "decl": {
          "start": {
            "line": 102,
            "column": 20
          },
          "end": {
            "line": 102,
            "column": 21
          }
        },
        "loc": {
          "start": {
            "line": 102,
            "column": 28
          },
          "end": {
            "line": 104,
            "column": 3
          }
        },
        "line": 102
      },
      "24": {
        "name": "(anonymous_4)",
        "decl": {
          "start": {
            "line": 105,
            "column": 25
          },
          "end": {
            "line": 105,
            "column": 26
          }
        },
        "loc": {
          "start": {
            "line": 105,
            "column": 47
          },
          "end": {
            "line": 110,
            "column": 3
          }
        },
        "line": 105
      },
      "25": {
        "name": "(anonymous_5)",
        "decl": {
          "start": {
            "line": 106,
            "column": 21
          },
          "end": {
            "line": 106,
            "column": 22
          }
        },
        "loc": {
          "start": {
            "line": 106,
            "column": 32
          },
          "end": {
            "line": 109,
            "column": 5
          }
        },
        "line": 106
      },
      "26": {
        "name": "(anonymous_6)",
        "decl": {
          "start": {
            "line": 111,
            "column": 24
          },
          "end": {
            "line": 111,
            "column": 25
          }
        },
        "loc": {
          "start": {
            "line": 111,
            "column": 38
          },
          "end": {
            "line": 116,
            "column": 3
          }
        },
        "line": 111
      },
      "27": {
        "name": "(anonymous_7)",
        "decl": {
          "start": {
            "line": 140,
            "column": 92
          },
          "end": {
            "line": 140,
            "column": 93
          }
        },
        "loc": {
          "start": {
            "line": 140,
            "column": 125
          },
          "end": {
            "line": 178,
            "column": 7
          }
        },
        "line": 140
      },
      "28": {
        "name": "(anonymous_8)",
        "decl": {
          "start": {
            "line": 194,
            "column": 18
          },
          "end": {
            "line": 194,
            "column": 19
          }
        },
        "loc": {
          "start": {
            "line": 194,
            "column": 25
          },
          "end": {
            "line": 194,
            "column": 54
          }
        },
        "line": 194
      },
      "29": {
        "name": "(anonymous_9)",
        "decl": {
          "start": {
            "line": 221,
            "column": 107
          },
          "end": {
            "line": 221,
            "column": 108
          }
        },
        "loc": {
          "start": {
            "line": 221,
            "column": 141
          },
          "end": {
            "line": 237,
            "column": 7
          }
        },
        "line": 221
      },
      "30": {
        "name": "(anonymous_10)",
        "decl": {
          "start": {
            "line": 225,
            "column": 19
          },
          "end": {
            "line": 225,
            "column": 20
          }
        },
        "loc": {
          "start": {
            "line": 225,
            "column": 25
          },
          "end": {
            "line": 225,
            "column": 47
          }
        },
        "line": 225
      },
      "31": {
        "name": "(anonymous_11)",
        "decl": {
          "start": {
            "line": 281,
            "column": 37
          },
          "end": {
            "line": 281,
            "column": 38
          }
        },
        "loc": {
          "start": {
            "line": 281,
            "column": 63
          },
          "end": {
            "line": 391,
            "column": 14
          }
        },
        "line": 281
      },
      "32": {
        "name": "(anonymous_12)",
        "decl": {
          "start": {
            "line": 286,
            "column": 21
          },
          "end": {
            "line": 286,
            "column": 22
          }
        },
        "loc": {
          "start": {
            "line": 286,
            "column": 27
          },
          "end": {
            "line": 286,
            "column": 45
          }
        },
        "line": 286
      },
      "33": {
        "name": "(anonymous_13)",
        "decl": {
          "start": {
            "line": 287,
            "column": 23
          },
          "end": {
            "line": 287,
            "column": 24
          }
        },
        "loc": {
          "start": {
            "line": 287,
            "column": 30
          },
          "end": {
            "line": 287,
            "column": 55
          }
        },
        "line": 287
      },
      "34": {
        "name": "(anonymous_14)",
        "decl": {
          "start": {
            "line": 336,
            "column": 31
          },
          "end": {
            "line": 336,
            "column": 32
          }
        },
        "loc": {
          "start": {
            "line": 336,
            "column": 37
          },
          "end": {
            "line": 336,
            "column": 66
          }
        },
        "line": 336
      },
      "35": {
        "name": "(anonymous_15)",
        "decl": {
          "start": {
            "line": 353,
            "column": 31
          },
          "end": {
            "line": 353,
            "column": 32
          }
        },
        "loc": {
          "start": {
            "line": 353,
            "column": 37
          },
          "end": {
            "line": 353,
            "column": 67
          }
        },
        "line": 353
      },
      "36": {
        "name": "(anonymous_16)",
        "decl": {
          "start": {
            "line": 440,
            "column": 23
          },
          "end": {
            "line": 440,
            "column": 24
          }
        },
        "loc": {
          "start": {
            "line": 440,
            "column": 29
          },
          "end": {
            "line": 440,
            "column": 65
          }
        },
        "line": 440
      },
      "37": {
        "name": "(anonymous_17)",
        "decl": {
          "start": {
            "line": 587,
            "column": 95
          },
          "end": {
            "line": 587,
            "column": 96
          }
        },
        "loc": {
          "start": {
            "line": 587,
            "column": 101
          },
          "end": {
            "line": 587,
            "column": 126
          }
        },
        "line": 587
      }
    },
    "branchMap": {
      "0": {
        "loc": {
          "start": {
            "line": 3,
            "column": 20
          },
          "end": {
            "line": 3,
            "column": 97
          }
        },
        "type": "binary-expr",
        "locations": [
          {
            "start": {
              "line": 3,
              "column": 20
            },
            "end": {
              "line": 3,
              "column": 60
            }
          },
          {
            "start": {
              "line": 3,
              "column": 64
            },
            "end": {
              "line": 3,
              "column": 97
            }
          }
        ],
        "line": 3
      },
      "1": {
        "loc": {
          "start": {
            "line": 6,
            "column": 0
          },
          "end": {
            "line": 16,
            "column": 1
          }
        },
        "type": "if",
        "locations": [
          {
            "start": {
              "line": 6,
              "column": 0
            },
            "end": {
              "line": 16,
              "column": 1
            }
          },
          {
            "start": {},
            "end": {}
          }
        ],
        "line": 6
      },
      "2": {
        "loc": {
          "start": {
            "line": 6,
            "column": 4
          },
          "end": {
            "line": 6,
            "column": 35
          }
        },
        "type": "binary-expr",
        "locations": [
          {
            "start": {
              "line": 6,
              "column": 4
            },
            "end": {
              "line": 6,
              "column": 19
            }
          },
          {
            "start": {
              "line": 6,
              "column": 23
            },
            "end": {
              "line": 6,
              "column": 35
            }
          }
        ],
        "line": 6
      },
      "3": {
        "loc": {
          "start": {
            "line": 7,
            "column": 2
          },
          "end": {
            "line": 11,
            "column": 3
          }
        },
        "type": "if",
        "locations": [
          {
            "start": {
              "line": 7,
              "column": 2
            },
            "end": {
              "line": 11,
              "column": 3
            }
          },
          {
            "start": {},
            "end": {}
          }
        ],
        "line": 7
      },
      "4": {
        "loc": {
          "start": {
            "line": 115,
            "column": 26
          },
          "end": {
            "line": 115,
            "column": 254
          }
        },
        "type": "binary-expr",
        "locations": [
          {
            "start": {
              "line": 115,
              "column": 26
            },
            "end": {
              "line": 115,
              "column": 43
            }
          },
          {
            "start": {
              "line": 115,
              "column": 47
            },
            "end": {
              "line": 115,
              "column": 109
            }
          },
          {
            "start": {
              "line": 115,
              "column": 113
            },
            "end": {
              "line": 115,
              "column": 173
            }
          },
          {
            "start": {
              "line": 115,
              "column": 177
            },
            "end": {
              "line": 115,
              "column": 254
            }
          }
        ],
        "line": 115
      },
      "5": {
        "loc": {
          "start": {
            "line": 116,
            "column": 28
          },
          "end": {
            "line": 116,
            "column": 88
          }
        },
        "type": "binary-expr",
        "locations": [
          {
            "start": {
              "line": 116,
              "column": 28
            },
            "end": {
              "line": 116,
              "column": 52
            }
          },
          {
            "start": {
              "line": 116,
              "column": 56
            },
            "end": {
              "line": 116,
              "column": 88
            }
          }
        ],
        "line": 116
      },
      "6": {
        "loc": {
          "start": {
            "line": 117,
            "column": 11
          },
          "end": {
            "line": 117,
            "column": 43
          }
        },
        "type": "binary-expr",
        "locations": [
          {
            "start": {
              "line": 117,
              "column": 11
            },
            "end": {
              "line": 117,
              "column": 24
            }
          },
          {
            "start": {
              "line": 117,
              "column": 28
            },
            "end": {
              "line": 117,
              "column": 43
            }
          }
        ],
        "line": 117
      },
      "7": {
        "loc": {
          "start": {
            "line": 120,
            "column": 19
          },
          "end": {
            "line": 120,
            "column": 49
          }
        },
        "type": "cond-expr",
        "locations": [
          {
            "start": {
              "line": 120,
              "column": 40
            },
            "end": {
              "line": 120,
              "column": 44
            }
          },
          {
            "start": {
              "line": 120,
              "column": 47
            },
            "end": {
              "line": 120,
              "column": 49
            }
          }
        ],
        "line": 120
      },
      "8": {
        "loc": {
          "start": {
            "line": 129,
            "column": 4
          },
          "end": {
            "line": 132,
            "column": 5
          }
        },
        "type": "if",
        "locations": [
          {
            "start": {
              "line": 129,
              "column": 4
            },
            "end": {
              "line": 132,
              "column": 5
            }
          },
          {
            "start": {},
            "end": {}
          }
        ],
        "line": 129
      },
      "9": {
        "loc": {
          "start": {
            "line": 129,
            "column": 8
          },
          "end": {
            "line": 129,
            "column": 42
          }
        },
        "type": "binary-expr",
        "locations": [
          {
            "start": {
              "line": 129,
              "column": 8
            },
            "end": {
              "line": 129,
              "column": 25
            }
          },
          {
            "start": {
              "line": 129,
              "column": 29
            },
            "end": {
              "line": 129,
              "column": 42
            }
          }
        ],
        "line": 129
      },
      "10": {
        "loc": {
          "start": {
            "line": 244,
            "column": 39
          },
          "end": {
            "line": 244,
            "column": 77
          }
        },
        "type": "cond-expr",
        "locations": [
          {
            "start": {
              "line": 244,
              "column": 64
            },
            "end": {
              "line": 244,
              "column": 72
            }
          },
          {
            "start": {
              "line": 244,
              "column": 75
            },
            "end": {
              "line": 244,
              "column": 77
            }
          }
        ],
        "line": 244
      },
      "11": {
        "loc": {
          "start": {
            "line": 278,
            "column": 10
          },
          "end": {
            "line": 278,
            "column": 49
          }
        },
        "type": "cond-expr",
        "locations": [
          {
            "start": {
              "line": 278,
              "column": 41
            },
            "end": {
              "line": 278,
              "column": 44
            }
          },
          {
            "start": {
              "line": 278,
              "column": 47
            },
            "end": {
              "line": 278,
              "column": 49
            }
          }
        ],
        "line": 278
      },
      "12": {
        "loc": {
          "start": {
            "line": 290,
            "column": 6
          },
          "end": {
            "line": 414,
            "column": 7
          }
        },
        "type": "cond-expr",
        "locations": [
          {
            "start": {
              "line": 290,
              "column": 53
            },
            "end": {
              "line": 302,
              "column": 14
            }
          },
          {
            "start": {
              "line": 302,
              "column": 17
            },
            "end": {
              "line": 414,
              "column": 7
            }
          }
        ],
        "line": 290
      },
      "13": {
        "loc": {
          "start": {
            "line": 307,
            "column": 41
          },
          "end": {
            "line": 307,
            "column": 78
          }
        },
        "type": "cond-expr",
        "locations": [
          {
            "start": {
              "line": 307,
              "column": 67
            },
            "end": {
              "line": 307,
              "column": 73
            }
          },
          {
            "start": {
              "line": 307,
              "column": 76
            },
            "end": {
              "line": 307,
              "column": 78
            }
          }
        ],
        "line": 307
      },
      "14": {
        "loc": {
          "start": {
            "line": 338,
            "column": 27
          },
          "end": {
            "line": 338,
            "column": 66
          }
        },
        "type": "cond-expr",
        "locations": [
          {
            "start": {
              "line": 338,
              "column": 53
            },
            "end": {
              "line": 338,
              "column": 60
            }
          },
          {
            "start": {
              "line": 338,
              "column": 63
            },
            "end": {
              "line": 338,
              "column": 66
            }
          }
        ],
        "line": 338
      },
      "15": {
        "loc": {
          "start": {
            "line": 339,
            "column": 25
          },
          "end": {
            "line": 339,
            "column": 68
          }
        },
        "type": "cond-expr",
        "locations": [
          {
            "start": {
              "line": 339,
              "column": 51
            },
            "end": {
              "line": 339,
              "column": 57
            }
          },
          {
            "start": {
              "line": 339,
              "column": 60
            },
            "end": {
              "line": 339,
              "column": 68
            }
          }
        ],
        "line": 339
      },
      "16": {
        "loc": {
          "start": {
            "line": 347,
            "column": 16
          },
          "end": {
            "line": 397,
            "column": 24
          }
        },
        "type": "binary-expr",
        "locations": [
          {
            "start": {
              "line": 347,
              "column": 16
            },
            "end": {
              "line": 347,
              "column": 39
            }
          },
          {
            "start": {
              "line": 347,
              "column": 59
            },
            "end": {
              "line": 397,
              "column": 24
            }
          }
        ],
        "line": 347
      },
      "17": {
        "loc": {
          "start": {
            "line": 357,
            "column": 51
          },
          "end": {
            "line": 357,
            "column": 98
          }
        },
        "type": "cond-expr",
        "locations": [
          {
            "start": {
              "line": 357,
              "column": 85
            },
            "end": {
              "line": 357,
              "column": 93
            }
          },
          {
            "start": {
              "line": 357,
              "column": 96
            },
            "end": {
              "line": 357,
              "column": 98
            }
          }
        ],
        "line": 357
      },
      "18": {
        "loc": {
          "start": {
            "line": 374,
            "column": 51
          },
          "end": {
            "line": 374,
            "column": 99
          }
        },
        "type": "cond-expr",
        "locations": [
          {
            "start": {
              "line": 374,
              "column": 86
            },
            "end": {
              "line": 374,
              "column": 94
            }
          },
          {
            "start": {
              "line": 374,
              "column": 97
            },
            "end": {
              "line": 374,
              "column": 99
            }
          }
        ],
        "line": 374
      },
      "19": {
        "loc": {
          "start": {
            "line": 464,
            "column": 24
          },
          "end": {
            "line": 464,
            "column": 67
          }
        },
        "type": "cond-expr",
        "locations": [
          {
            "start": {
              "line": 464,
              "column": 42
            },
            "end": {
              "line": 464,
              "column": 53
            }
          },
          {
            "start": {
              "line": 464,
              "column": 56
            },
            "end": {
              "line": 464,
              "column": 67
            }
          }
        ],
        "line": 464
      },
      "20": {
        "loc": {
          "start": {
            "line": 485,
            "column": 6
          },
          "end": {
            "line": 624,
            "column": 14
          }
        },
        "type": "binary-expr",
        "locations": [
          {
            "start": {
              "line": 485,
              "column": 6
            },
            "end": {
              "line": 485,
              "column": 21
            }
          },
          {
            "start": {
              "line": 485,
              "column": 41
            },
            "end": {
              "line": 624,
              "column": 14
            }
          }
        ],
        "line": 485
      },
      "21": {
        "loc": {
          "start": {
            "line": 641,
            "column": 0
          },
          "end": {
            "line": 644,
            "column": 1
          }
        },
        "type": "if",
        "locations": [
          {
            "start": {
              "line": 641,
              "column": 0
            },
            "end": {
              "line": 644,
              "column": 1
            }
          },
          {
            "start": {},
            "end": {}
          }
        ],
        "line": 641
      },
      "22": {
        "loc": {
          "start": {
            "line": 641,
            "column": 4
          },
          "end": {
            "line": 641,
            "column": 35
          }
        },
        "type": "binary-expr",
        "locations": [
          {
            "start": {
              "line": 641,
              "column": 4
            },
            "end": {
              "line": 641,
              "column": 19
            }
          },
          {
            "start": {
              "line": 641,
              "column": 23
            },
            "end": {
              "line": 641,
              "column": 35
            }
          }
        ],
        "line": 641
      },
      "23": {
        "loc": {
          "start": {
            "line": 645,
            "column": 0
          },
          "end": {
            "line": 656,
            "column": 1
          }
        },
        "type": "if",
        "locations": [
          {
            "start": {
              "line": 645,
              "column": 0
            },
            "end": {
              "line": 656,
              "column": 1
            }
          },
          {
            "start": {},
            "end": {}
          }
        ],
        "line": 645
      },
      "24": {
        "loc": {
          "start": {
            "line": 645,
            "column": 4
          },
          "end": {
            "line": 645,
            "column": 35
          }
        },
        "type": "binary-expr",
        "locations": [
          {
            "start": {
              "line": 645,
              "column": 4
            },
            "end": {
              "line": 645,
              "column": 19
            }
          },
          {
            "start": {
              "line": 645,
              "column": 23
            },
            "end": {
              "line": 645,
              "column": 35
            }
          }
        ],
        "line": 645
      },
      "25": {
        "loc": {
          "start": {
            "line": 649,
            "column": 6
          },
          "end": {
            "line": 650,
            "column": 15
          }
        },
        "type": "if",
        "locations": [
          {
            "start": {
              "line": 649,
              "column": 6
            },
            "end": {
              "line": 650,
              "column": 15
            }
          },
          {
            "start": {},
            "end": {}
          }
        ],
        "line": 649
      },
      "26": {
        "loc": {
          "start": {
            "line": 652,
            "column": 6
          },
          "end": {
            "line": 653,
            "column": 54
          }
        },
        "type": "if",
        "locations": [
          {
            "start": {
              "line": 652,
              "column": 6
            },
            "end": {
              "line": 653,
              "column": 54
            }
          },
          {
            "start": {},
            "end": {}
          }
        ],
        "line": 652
      },
      "27": {
        "loc": {
          "start": {
            "line": 98,
            "column": 26
          },
          "end": {
            "line": 98,
            "column": 254
          }
        },
        "type": "binary-expr",
        "locations": [
          {
            "start": {
              "line": 98,
              "column": 26
            },
            "end": {
              "line": 98,
              "column": 43
            }
          },
          {
            "start": {
              "line": 98,
              "column": 47
            },
            "end": {
              "line": 98,
              "column": 109
            }
          },
          {
            "start": {
              "line": 98,
              "column": 113
            },
            "end": {
              "line": 98,
              "column": 173
            }
          },
          {
            "start": {
              "line": 98,
              "column": 177
            },
            "end": {
              "line": 98,
              "column": 254
            }
          }
        ],
        "line": 98
      },
      "28": {
        "loc": {
          "start": {
            "line": 99,
            "column": 28
          },
          "end": {
            "line": 99,
            "column": 88
          }
        },
        "type": "binary-expr",
        "locations": [
          {
            "start": {
              "line": 99,
              "column": 28
            },
            "end": {
              "line": 99,
              "column": 52
            }
          },
          {
            "start": {
              "line": 99,
              "column": 56
            },
            "end": {
              "line": 99,
              "column": 88
            }
          }
        ],
        "line": 99
      },
      "29": {
        "loc": {
          "start": {
            "line": 100,
            "column": 11
          },
          "end": {
            "line": 100,
            "column": 43
          }
        },
        "type": "binary-expr",
        "locations": [
          {
            "start": {
              "line": 100,
              "column": 11
            },
            "end": {
              "line": 100,
              "column": 24
            }
          },
          {
            "start": {
              "line": 100,
              "column": 28
            },
            "end": {
              "line": 100,
              "column": 43
            }
          }
        ],
        "line": 100
      },
      "30": {
        "loc": {
          "start": {
            "line": 103,
            "column": 19
          },
          "end": {
            "line": 103,
            "column": 49
          }
        },
        "type": "cond-expr",
        "locations": [
          {
            "start": {
              "line": 103,
              "column": 40
            },
            "end": {
              "line": 103,
              "column": 44
            }
          },
          {
            "start": {
              "line": 103,
              "column": 47
            },
            "end": {
              "line": 103,
              "column": 49
            }
          }
        ],
        "line": 103
      },
      "31": {
        "loc": {
          "start": {
            "line": 112,
            "column": 4
          },
          "end": {
            "line": 115,
            "column": 5
          }
        },
        "type": "if",
        "locations": [
          {
            "start": {
              "line": 112,
              "column": 4
            },
            "end": {
              "line": 115,
              "column": 5
            }
          },
          {
            "start": {},
            "end": {}
          }
        ],
        "line": 112
      },
      "32": {
        "loc": {
          "start": {
            "line": 112,
            "column": 8
          },
          "end": {
            "line": 112,
            "column": 42
          }
        },
        "type": "binary-expr",
        "locations": [
          {
            "start": {
              "line": 112,
              "column": 8
            },
            "end": {
              "line": 112,
              "column": 25
            }
          },
          {
            "start": {
              "line": 112,
              "column": 29
            },
            "end": {
              "line": 112,
              "column": 42
            }
          }
        ],
        "line": 112
      },
      "33": {
        "loc": {
          "start": {
            "line": 224,
            "column": 37
          },
          "end": {
            "line": 224,
            "column": 75
          }
        },
        "type": "cond-expr",
        "locations": [
          {
            "start": {
              "line": 224,
              "column": 62
            },
            "end": {
              "line": 224,
              "column": 70
            }
          },
          {
            "start": {
              "line": 224,
              "column": 73
            },
            "end": {
              "line": 224,
              "column": 75
            }
          }
        ],
        "line": 224
      },
      "34": {
        "loc": {
          "start": {
            "line": 257,
            "column": 10
          },
          "end": {
            "line": 257,
            "column": 49
          }
        },
        "type": "cond-expr",
        "locations": [
          {
            "start": {
              "line": 257,
              "column": 41
            },
            "end": {
              "line": 257,
              "column": 44
            }
          },
          {
            "start": {
              "line": 257,
              "column": 47
            },
            "end": {
              "line": 257,
              "column": 49
            }
          }
        ],
        "line": 257
      },
      "35": {
        "loc": {
          "start": {
            "line": 269,
            "column": 6
          },
          "end": {
            "line": 391,
            "column": 15
          }
        },
        "type": "cond-expr",
        "locations": [
          {
            "start": {
              "line": 269,
              "column": 53
            },
            "end": {
              "line": 281,
              "column": 14
            }
          },
          {
            "start": {
              "line": 281,
              "column": 17
            },
            "end": {
              "line": 391,
              "column": 15
            }
          }
        ],
        "line": 269
      },
      "36": {
        "loc": {
          "start": {
            "line": 285,
            "column": 39
          },
          "end": {
            "line": 285,
            "column": 76
          }
        },
        "type": "cond-expr",
        "locations": [
          {
            "start": {
              "line": 285,
              "column": 65
            },
            "end": {
              "line": 285,
              "column": 71
            }
          },
          {
            "start": {
              "line": 285,
              "column": 74
            },
            "end": {
              "line": 285,
              "column": 76
            }
          }
        ],
        "line": 285
      },
      "37": {
        "loc": {
          "start": {
            "line": 316,
            "column": 25
          },
          "end": {
            "line": 316,
            "column": 64
          }
        },
        "type": "cond-expr",
        "locations": [
          {
            "start": {
              "line": 316,
              "column": 51
            },
            "end": {
              "line": 316,
              "column": 58
            }
          },
          {
            "start": {
              "line": 316,
              "column": 61
            },
            "end": {
              "line": 316,
              "column": 64
            }
          }
        ],
        "line": 316
      },
      "38": {
        "loc": {
          "start": {
            "line": 317,
            "column": 23
          },
          "end": {
            "line": 317,
            "column": 66
          }
        },
        "type": "cond-expr",
        "locations": [
          {
            "start": {
              "line": 317,
              "column": 49
            },
            "end": {
              "line": 317,
              "column": 55
            }
          },
          {
            "start": {
              "line": 317,
              "column": 58
            },
            "end": {
              "line": 317,
              "column": 66
            }
          }
        ],
        "line": 317
      },
      "39": {
        "loc": {
          "start": {
            "line": 325,
            "column": 14
          },
          "end": {
            "line": 375,
            "column": 22
          }
        },
        "type": "binary-expr",
        "locations": [
          {
            "start": {
              "line": 325,
              "column": 14
            },
            "end": {
              "line": 325,
              "column": 37
            }
          },
          {
            "start": {
              "line": 325,
              "column": 57
            },
            "end": {
              "line": 375,
              "column": 22
            }
          }
        ],
        "line": 325
      },
      "40": {
        "loc": {
          "start": {
            "line": 335,
            "column": 49
          },
          "end": {
            "line": 335,
            "column": 96
          }
        },
        "type": "cond-expr",
        "locations": [
          {
            "start": {
              "line": 335,
              "column": 83
            },
            "end": {
              "line": 335,
              "column": 91
            }
          },
          {
            "start": {
              "line": 335,
              "column": 94
            },
            "end": {
              "line": 335,
              "column": 96
            }
          }
        ],
        "line": 335
      },
      "41": {
        "loc": {
          "start": {
            "line": 352,
            "column": 49
          },
          "end": {
            "line": 352,
            "column": 97
          }
        },
        "type": "cond-expr",
        "locations": [
          {
            "start": {
              "line": 352,
              "column": 84
            },
            "end": {
              "line": 352,
              "column": 92
            }
          },
          {
            "start": {
              "line": 352,
              "column": 95
            },
            "end": {
              "line": 352,
              "column": 97
            }
          }
        ],
        "line": 352
      },
      "42": {
        "loc": {
          "start": {
            "line": 441,
            "column": 24
          },
          "end": {
            "line": 441,
            "column": 67
          }
        },
        "type": "cond-expr",
        "locations": [
          {
            "start": {
              "line": 441,
              "column": 42
            },
            "end": {
              "line": 441,
              "column": 53
            }
          },
          {
            "start": {
              "line": 441,
              "column": 56
            },
            "end": {
              "line": 441,
              "column": 67
            }
          }
        ],
        "line": 441
      },
      "43": {
        "loc": {
          "start": {
            "line": 462,
            "column": 6
          },
          "end": {
            "line": 601,
            "column": 14
          }
        },
        "type": "binary-expr",
        "locations": [
          {
            "start": {
              "line": 462,
              "column": 6
            },
            "end": {
              "line": 462,
              "column": 21
            }
          },
          {
            "start": {
              "line": 462,
              "column": 41
            },
            "end": {
              "line": 601,
              "column": 14
            }
          }
        ],
        "line": 462
      }
    },
    "s": {
      "0": 8,
      "1": 8,
      "2": 8,
      "3": 0,
      "4": 2212,
      "5": 2212,
      "6": 2212,
      "7": 2212,
      "8": 2212,
      "9": 2320,
      "10": 2320,
      "11": 2320,
      "12": 2320,
      "13": 2320,
      "14": 2320,
      "15": 2320,
      "16": 116,
      "17": 116,
      "18": 116,
      "19": 3364,
      "20": 3562,
      "21": 1160,
      "22": 3364,
      "23": 2320,
      "24": 2212,
      "25": 2320,
      "26": 2208,
      "27": 2208,
      "28": 2320,
      "29": 2210,
      "30": 2210,
      "31": 2210,
      "32": 116,
      "33": 2668,
      "34": 2253,
      "35": 2900,
      "36": 2210,
      "37": 2994,
      "38": 15012,
      "39": 15016,
      "40": 15012,
      "41": 15012,
      "42": 2213,
      "43": 2209,
      "44": 8,
      "45": 8,
      "46": 8,
      "47": 8,
      "48": 8,
      "49": 8,
      "50": 8,
      "51": 8,
      "52": 8,
      "53": 8,
      "54": 0,
      "55": 0,
      "56": 0,
      "57": 0,
      "58": 0,
      "59": 2212,
      "60": 2212,
      "61": 2204,
      "62": 2204,
      "63": 2212,
      "64": 2204,
      "65": 2204,
      "66": 2320,
      "67": 2320,
      "68": 22156,
      "69": 25918,
      "70": 22156,
      "71": 22156,
      "72": 2320,
      "73": 268,
      "74": 2204,
      "75": 76,
      "76": 76,
      "77": 2204,
      "78": 114,
      "79": 114,
      "80": 114,
      "81": 2204,
      "82": 8932,
      "83": 1395,
      "84": 13340,
      "85": 230,
      "86": 15126,
      "87": 154,
      "88": 230,
      "89": 828,
      "90": 828,
      "91": 287,
      "92": 211
    },
    "f": {
      "0": 116,
      "1": 3364,
      "2": 1472,
      "3": 2212,
      "4": 2208,
      "5": 2208,
      "6": 2210,
      "7": 2668,
      "8": 2253,
      "9": 2900,
      "10": 2210,
      "11": 2994,
      "12": 15012,
      "13": 15016,
      "14": 15012,
      "15": 15012,
      "16": 2213,
      "17": 2209,
      "18": 8,
      "19": 0,
      "20": 2204,
      "21": 22156,
      "22": 25918,
      "23": 268,
      "24": 192,
      "25": 192,
      "26": 230,
      "27": 8932,
      "28": 1395,
      "29": 13340,
      "30": 230,
      "31": 15126,
      "32": 154,
      "33": 230,
      "34": 828,
      "35": 828,
      "36": 287,
      "37": 211
    },
    "b": {
      "0": [
        8,
        0
      ],
      "1": [
        8,
        0
      ],
      "2": [
        8,
        8
      ],
      "3": [
        0,
        8
      ],
      "4": [
        1160,
        490,
        378,
        322
      ],
      "5": [
        1160,
        60
      ],
      "6": [
        1160,
        838
      ],
      "7": [
        3,
        5
      ],
      "8": [
        6,
        0
      ],
      "9": [
        6,
        3
      ],
      "10": [
        116,
        580
      ],
      "11": [
        88,
        2232
      ],
      "12": [
        0,
        116
      ],
      "13": [
        9,
        2985
      ],
      "14": [
        15019,
        952
      ],
      "15": [
        15019,
        952
      ],
      "16": [
        790,
        9
      ],
      "17": [
        15012,
        178
      ],
      "18": [
        15012,
        178
      ],
      "19": [
        2213,
        278
      ],
      "20": [
        116,
        9
      ],
      "21": [
        8,
        0
      ],
      "22": [
        8,
        8
      ],
      "23": [
        8,
        0
      ],
      "24": [
        8,
        8
      ],
      "25": [
        0,
        0
      ],
      "26": [
        0,
        0
      ],
      "27": [
        22040,
        9310,
        7182,
        6118
      ],
      "28": [
        22040,
        1140
      ],
      "29": [
        22040,
        15922
      ],
      "30": [
        57,
        95
      ],
      "31": [
        114,
        0
      ],
      "32": [
        114,
        57
      ],
      "33": [
        2204,
        11020
      ],
      "34": [
        1672,
        532
      ],
      "35": [
        0,
        2204
      ],
      "36": [
        171,
        14839
      ],
      "37": [
        171,
        14955
      ],
      "38": [
        171,
        14955
      ],
      "39": [
        15010,
        287
      ],
      "40": [
        38,
        249
      ],
      "41": [
        828,
        142
      ],
      "42": [
        171,
        2033
      ],
      "43": [
        2204,
        171
      ]
    },
    "inputSourceMap": {
      "version": 3,
      "mappings": "AAuIQ;;;;;;;;;;;;;;;;;AAtIR,OAAOA,SAASC,gBAAgB;AAChC,SAASC,YAAY;AACrB,OAAO;AAEP,SAASC,cAAc;AAAAC,KAAA;AACrB,QAAM,CAACC,YAAYC,aAAa,IAAIL,SAAS,EAAE;AAC/C,QAAM,CAACM,gBAAgBC,iBAAiB,IAAIP,SAAS,KAAK;AAC1D,QAAM,CAACQ,aAAaC,cAAc,IAAIT,SAAS,IAAI;AACnD,QAAM,CAACU,eAAeC,gBAAgB,IAAIX,SAAS,CAAC,CAAC;AACrD,QAAM,CAACY,iBAAiBC,kBAAkB,IAAIb,SAAS,KAAK;AAE5D,QAAMc,aAAa;AAAA,IACjB,OAAO;AAAA,IACP,mBAAmB;AAAA,IACnB,YAAY;AAAA,IACZ,aAAa;AAAA,IACb,iBAAiB;AAAA,IACjB,WAAW;AAAA,EACb;AAEA,QAAMC,cAAc;AAAA,IAClB;AAAA,MACEC,IAAI;AAAA,MACJC,UAAU;AAAA,MACVC,UAAU;AAAA,MACVC,QAAQ;AAAA,MACRC,MAAM,CAAC,SAAS,SAAS,SAAS,WAAW;AAAA,IAC/C;AAAA,IACA;AAAA,MACEJ,IAAI;AAAA,MACJC,UAAU;AAAA,MACVC,UAAU;AAAA,MACVC,QAAQ;AAAA,MACRC,MAAM,CAAC,WAAW,SAAS,mBAAmB,UAAU;AAAA,IAC1D;AAAA,IACA;AAAA,MACEJ,IAAI;AAAA,MACJC,UAAU;AAAA,MACVC,UAAU;AAAA,MACVC,QAAQ;AAAA,MACRC,MAAM,CAAC,gBAAgB,YAAY,UAAU,QAAQ;AAAA,IACvD;AAAA,IACA;AAAA,MACEJ,IAAI;AAAA,MACJC,UAAU;AAAA,MACVC,UAAU;AAAA,MACVC,QAAQ;AAAA,MACRC,MAAM,CAAC,UAAU,QAAQ,SAAS,SAAS;AAAA,IAC7C;AAAA,IACA;AAAA,MACEJ,IAAI;AAAA,MACJC,UAAU;AAAA,MACVC,UAAU;AAAA,MACVC,QAAQ;AAAA,MACRC,MAAM,CAAC,kBAAkB,SAAS,WAAW,OAAO;AAAA,IACtD;AAAA,IACA;AAAA,MACEJ,IAAI;AAAA,MACJC,UAAU;AAAA,MACVC,UAAU;AAAA,MACVC,QAAQ;AAAA,MACRC,MAAM,CAAC,QAAQ,WAAW,SAAS,UAAU;AAAA,IAC/C;AAAA,IACA;AAAA,MACEJ,IAAI;AAAA,MACJC,UAAU;AAAA,MACVC,UAAU;AAAA,MACVC,QAAQ;AAAA,MACRC,MAAM,CAAC,QAAQ,QAAQ,SAAS,YAAY,eAAe;AAAA,IAC7D;AAAA,IACA;AAAA,MACEJ,IAAI;AAAA,MACJC,UAAU;AAAA,MACVC,UAAU;AAAA,MACVC,QAAQ;AAAA,MACRC,MAAM,CAAC,iBAAiB,QAAQ,QAAQ,aAAa,MAAM;AAAA,IAC7D;AAAA,IACA;AAAA,MACEJ,IAAI;AAAA,MACJC,UAAU;AAAA,MACVC,UAAU;AAAA,MACVC,QAAQ;AAAA,MACRC,MAAM,CAAC,YAAY,UAAU,WAAW,UAAU;AAAA,IACpD;AAAA,IACA;AAAA,MACEJ,IAAI;AAAA,MACJC,UAAU;AAAA,MACVC,UAAU;AAAA,MACVC,QAAQ;AAAA,MACRC,MAAM,CAAC,WAAW,SAAS,YAAY,UAAU;AAAA,IACnD;AAAA,EAAC;AAGH,QAAMC,eAAe;AAAA,IACnB,EAAEC,OAAO,kBAAkBC,QAAQ,eAAeC,MAAM,MAAMC,IAAI,gBAAgB;AAAA,IAClF,EAAEH,OAAO,qBAAqBC,QAAQ,kBAAkBC,MAAM,MAAMC,IAAI,wBAAwB;AAAA,IAChG,EAAEH,OAAO,0BAA0BC,QAAQ,mBAAmBC,MAAM,KAAKC,IAAI,yBAAyB;AAAA,IACtG,EAAEH,OAAO,iBAAiBC,QAAQ,aAAaC,MAAM,MAAMC,IAAI,mBAAmB;AAAA,EAAC;AAIrF,QAAMC,kBAAkBX,YAAYY,OAAO,CAAAC,SAAQ;AACjD,UAAMC,gBAAgBzB,eAAe,MACnCwB,KAAKV,SAASY,YAAY,EAAEC,SAAS3B,WAAW0B,YAAY,CAAC,KAC7DF,KAAKT,OAAOW,YAAY,EAAEC,SAAS3B,WAAW0B,YAAY,CAAC,KAC3DF,KAAKR,KAAKY,KAAK,CAAAC,QAAOA,IAAIH,YAAY,EAAEC,SAAS3B,WAAW0B,YAAY,CAAC,CAAC;AAE5E,UAAMI,kBAAkB5B,mBAAmB,SAASsB,KAAKX,aAAaX;AAEtE,WAAOuB,iBAAiBK;AAAAA,EAC1B,CAAC;AAED,QAAMC,YAAYA,CAACnB,OAAO;AACxBP,mBAAeD,gBAAgBQ,KAAK,OAAOA,EAAE;AAAA,EAC/C;AAEA,QAAMoB,iBAAiBA,CAACC,OAAOC,cAAc;AAC3C3B,qBAAiB,CAAA4B,UAAS;AAAA,MACxB,GAAGA;AAAAA,MACH,CAACF,KAAK,GAAGC;AAAAA,IACX,EAAE;AAAA,EAEJ;AAEA,QAAME,gBAAgBA,CAACC,GAAGJ,UAAU;AAClC,QAAII,EAAEC,QAAQ,WAAWD,EAAEC,QAAQ,KAAK;AACtCD,QAAEE,eAAe;AACjBR,gBAAUE,KAAK;AAAA,IACjB;AAAA,EACF;AAEA,SACE,uBAAC,SAAI,WAAU,wBACb;AAAA,2BAAC,SAAI,WAAU,eACb;AAAA,6BAAC,QAAG,qCAAJ;AAAA;AAAA;AAAA;AAAA,aAAyB;AAAA,MACzB,uBAAC,OAAE,yEAAH;AAAA;AAAA;AAAA;AAAA,aAA4D;AAAA,SAF9D;AAAA;AAAA;AAAA;AAAA,WAGA;AAAA,IAGA,uBAAC,SAAI,WAAU,iBACb;AAAA,6BAAC,QAAG,6BAAJ;AAAA;AAAA;AAAA;AAAA,aAAiB;AAAA,MACjB,uBAAC,SAAI,WAAU,gBACZhB,uBAAauB;AAAAA,QAAI,CAACrB,QAAQsB,QACzB;AAAA,UAAC;AAAA;AAAA,YAEC,IAAItB,OAAOE;AAAAA,YACX,WAAU;AAAA,YACV,cAAY,SAASF,OAAOD,KAAK;AAAA,YAEjC;AAAA,qCAAC,UAAK,WAAU,eAAeC,iBAAOC,QAAtC;AAAA;AAAA;AAAA;AAAA,qBAA2C;AAAA,cAC3C,uBAAC,SAAI,WAAU,kBACb;AAAA,uCAAC,QAAID,iBAAOD,SAAZ;AAAA;AAAA;AAAA;AAAA,uBAAkB;AAAA,gBAClB,uBAAC,UAAK,WAAU,eAAeC,iBAAOA,UAAtC;AAAA;AAAA;AAAA;AAAA,uBAA6C;AAAA,mBAF/C;AAAA;AAAA;AAAA;AAAA,qBAGA;AAAA;AAAA;AAAA,UATKsB;AAAAA,UADP;AAAA;AAAA;AAAA;AAAA;AAAA;AAAA;AAAA,QAWA;AAAA,MACD,KAdH;AAAA;AAAA;AAAA;AAAA,aAeA;AAAA,SAjBF;AAAA;AAAA;AAAA;AAAA,WAkBA;AAAA,IAGA,uBAAC,SAAI,WAAU,kBACb,iCAAC,SAAI,WAAU,cACb;AAAA,MAAC;AAAA;AAAA,QACC,MAAK;AAAA,QACL,aAAY;AAAA,QACZ,OAAOzC;AAAAA,QACP,UAAU,CAACqC,MAAMpC,cAAcoC,EAAEK,OAAOC,KAAK;AAAA,QAC7C,WAAU;AAAA,QACV,cAAW;AAAA;AAAA,MANb;AAAA;AAAA;AAAA;AAAA;AAAA;AAAA;AAAA;AAAA,IAMiC,KAPnC;AAAA;AAAA;AAAA;AAAA,WASA,KAVF;AAAA;AAAA;AAAA;AAAA,WAWA;AAAA,IAGA,uBAAC,SAAI,WAAU,mBACb;AAAA,6BAAC,QAAG,kCAAJ;AAAA;AAAA;AAAA;AAAA,aAAsB;AAAA,MACtB,uBAAC,SAAI,WAAU,iBACZC,iBAAOC,QAAQnC,UAAU,EAAE8B;AAAAA,QAAI,CAAC,CAACF,KAAKQ,KAAK,MAC1C;AAAA,UAAC;AAAA;AAAA,YAEC,WAAW,gBAAgB5C,mBAAmBoC,MAAM,WAAW,EAAE;AAAA,YACjE,SAAS,MAAMnC,kBAAkBmC,GAAG;AAAA,YACpC,gBAAcpC,mBAAmBoC;AAAAA,YAEhCQ;AAAAA;AAAAA,UALIR;AAAAA,UADP;AAAA;AAAA;AAAA;AAAA;AAAA;AAAA;AAAA,QAOA;AAAA,MACD,KAVH;AAAA;AAAA;AAAA;AAAA,aAWA;AAAA,SAbF;AAAA;AAAA;AAAA;AAAA,WAcA;AAAA,IAGA,uBAAC,SAAI,WAAU,eACb;AAAA,6BAAC,SAAI,WAAU,kBACb;AAAA,+BAAC,QAAG,0CAAJ;AAAA;AAAA;AAAA;AAAA,eAA8B;AAAA,QAC9B,uBAAC,UAAK,WAAU,iBACbhB;AAAAA,0BAAgByB;AAAAA,UAAO;AAAA,UAAQzB,gBAAgByB,WAAW,IAAI,MAAM;AAAA,UAAG;AAAA,aAD1E;AAAA;AAAA;AAAA;AAAA,eAEA;AAAA,WAJF;AAAA;AAAA;AAAA;AAAA,aAKA;AAAA,MAECzB,gBAAgByB,WAAW,IAC1B,uBAAC,SAAI,WAAU,cACb,iCAAC,OAAE;AAAA;AAAA,QAAuB/C;AAAAA,QAAW;AAAA,WAArC;AAAA;AAAA;AAAA;AAAA,aAA0F,KAD5F;AAAA;AAAA;AAAA;AAAA,aAEA,IAEAsB,gBAAgBkB;AAAAA,QAAI,CAAChB,SACnB,uBAAC,SAAkB,WAAU,YAC3B;AAAA;AAAA,YAAC;AAAA;AAAA,cACC,WAAW,gBAAgBpB,gBAAgBoB,KAAKZ,KAAK,SAAS,EAAE;AAAA,cAChE,SAAS,MAAMmB,UAAUP,KAAKZ,EAAE;AAAA,cAChC,WAAW,CAACyB,MAAMD,cAAcC,GAAGb,KAAKZ,EAAE;AAAA,cAC1C,UAAS;AAAA,cACT,MAAK;AAAA,cACL,iBAAeR,gBAAgBoB,KAAKZ;AAAAA,cACpC,iBAAe,cAAcY,KAAKZ,EAAE;AAAA,cAEpC;AAAA,uCAAC,UAAK,WAAU,kBAAkBF,qBAAWc,KAAKX,QAAQ,KAA1D;AAAA;AAAA;AAAA;AAAA,uBAA4D;AAAA,gBAC3DW,KAAKV;AAAAA;AAAAA;AAAAA,YAVR;AAAA;AAAA;AAAA;AAAA;AAAA;AAAA;AAAA;AAAA,UAWA;AAAA,UACA;AAAA,YAAC;AAAA;AAAA,cACC,IAAI,cAAcU,KAAKZ,EAAE;AAAA,cACzB,WAAU;AAAA,cACV,OAAO;AAAA,gBACLoC,WAAW5C,gBAAgBoB,KAAKZ,KAAK,UAAU;AAAA,gBAC/CqC,SAAS7C,gBAAgBoB,KAAKZ,KAAK,SAAS;AAAA,cAC9C;AAAA,cAEA;AAAA,uCAAC,OAAGY,eAAKT,UAAT;AAAA;AAAA;AAAA;AAAA,uBAAgB;AAAA,gBAEfX,gBAAgBoB,KAAKZ,MACpB,uBAAC,SAAI,WAAU,gBACb;AAAA,yCAAC,UAAK,iCAAN;AAAA;AAAA;AAAA;AAAA,yBAAuB;AAAA,kBACvB,uBAAC,SAAI,WAAU,oBACb;AAAA;AAAA,sBAAC;AAAA;AAAA,wBACC,WAAW,gBAAgBN,cAAckB,KAAKZ,EAAE,MAAM,OAAO,WAAW,EAAE;AAAA,wBAC1E,SAAS,MAAMoB,eAAeR,KAAKZ,IAAI,IAAI;AAAA,wBAC3C,cAAW;AAAA,wBAAiB;AAAA;AAAA,sBAH9B;AAAA;AAAA;AAAA;AAAA;AAAA;AAAA;AAAA;AAAA,oBAMA;AAAA,oBACA;AAAA,sBAAC;AAAA;AAAA,wBACC,WAAW,gBAAgBN,cAAckB,KAAKZ,EAAE,MAAM,QAAQ,WAAW,EAAE;AAAA,wBAC3E,SAAS,MAAMoB,eAAeR,KAAKZ,IAAI,KAAK;AAAA,wBAC5C,cAAW;AAAA,wBAAqB;AAAA;AAAA,sBAHlC;AAAA;AAAA;AAAA;AAAA;AAAA;AAAA;AAAA;AAAA,oBAMA;AAAA,uBAdF;AAAA;AAAA;AAAA;AAAA,yBAeA;AAAA,qBAjBF;AAAA;AAAA;AAAA;AAAA,uBAkBA;AAAA;AAAA;AAAA,YA7BJ;AAAA;AAAA;AAAA;AAAA;AAAA;AAAA;AAAA;AAAA,UA+BA;AAAA,aA5CQY,KAAKZ,IAAf;AAAA;AAAA;AAAA;AAAA,eA6CA;AAAA,MACD;AAAA,SA5DL;AAAA;AAAA;AAAA;AAAA,WA8DA;AAAA,IAGA,uBAAC,SAAI,WAAU,mBACb;AAAA,6BAAC,QAAG,gCAAJ;AAAA;AAAA;AAAA;AAAA,aAAoB;AAAA,MACpB,uBAAC,SAAI,WAAU,mBACb;AAAA,+BAAC,SAAI,WAAU,gBACb;AAAA,iCAAC,QAAG,gCAAJ;AAAA;AAAA;AAAA;AAAA,iBAAoB;AAAA,UACpB,uBAAC,OAAE,2CAAH;AAAA;AAAA;AAAA;AAAA,iBAA8B;AAAA,UAC9B,uBAAC,OAAE,MAAK,yCAAwC,WAAU,gBAAe,8CAAzE;AAAA;AAAA;AAAA;AAAA,iBAEA;AAAA,aALF;AAAA;AAAA;AAAA;AAAA,eAMA;AAAA,QAEA,uBAAC,SAAI,WAAU,gBACb;AAAA,iCAAC,QAAG,kCAAJ;AAAA;AAAA;AAAA;AAAA,iBAAsB;AAAA,UACtB,uBAAC,OAAE,4CAAH;AAAA;AAAA;AAAA;AAAA,iBAA+B;AAAA,UAC/B;AAAA,YAAC;AAAA;AAAA,cACC,WAAU;AAAA,cACV,SAAS,MAAMH,mBAAmB,CAACD,eAAe;AAAA,cAEjDA,4BAAkB,cAAc;AAAA;AAAA,YAJnC;AAAA;AAAA;AAAA;AAAA;AAAA;AAAA;AAAA;AAAA,UAKA;AAAA,aARF;AAAA;AAAA;AAAA;AAAA,eASA;AAAA,WAlBF;AAAA;AAAA;AAAA;AAAA,aAmBA;AAAA,MAECA,mBACC,uBAAC,UAAK,WAAU,gBACd;AAAA,+BAAC,QAAG,+BAAJ;AAAA;AAAA;AAAA;AAAA,eAAmB;AAAA,QACnB,uBAAC,SAAI,WAAU,YACb;AAAA,iCAAC,SAAI,WAAU,cACb;AAAA,mCAAC,WAAM,SAAQ,QAAO,2BAAtB;AAAA;AAAA;AAAA;AAAA,mBAAiC;AAAA,YACjC,uBAAC,WAAM,IAAG,QAAO,aAAY,wBAAuB,UAAQ,QAA5D;AAAA;AAAA;AAAA;AAAA,mBAA4D;AAAA,eAF9D;AAAA;AAAA;AAAA;AAAA,iBAGA;AAAA,UACA,uBAAC,SAAI,WAAU,cACb;AAAA,mCAAC,WAAM,SAAQ,SAAQ,+BAAvB;AAAA;AAAA;AAAA;AAAA,mBAAsC;AAAA,YACtC,uBAAC,WAAM,IAAG,SAAQ,MAAK,SAAQ,aAAY,kCAAiC,UAAQ,QAApF;AAAA;AAAA;AAAA;AAAA,mBAAoF;AAAA,eAFtF;AAAA;AAAA;AAAA;AAAA,iBAGA;AAAA,aARF;AAAA;AAAA;AAAA;AAAA,eASA;AAAA,QAEA,uBAAC,SAAI,WAAU,cACb;AAAA,iCAAC,WAAM,SAAQ,YAAW,8BAA1B;AAAA;AAAA;AAAA;AAAA,iBAAwC;AAAA,UACxC,uBAAC,YAAO,IAAG,YACT;AAAA,mCAAC,YAAO,OAAM,IAAG,iCAAjB;AAAA;AAAA;AAAA;AAAA,mBAAkC;AAAA,YAClC,uBAAC,YAAO,OAAM,aAAY,+BAA1B;AAAA;AAAA;AAAA;AAAA,mBAAyC;AAAA,YACzC,uBAAC,YAAO,OAAM,iBAAgB,6BAA9B;AAAA;AAAA;AAAA;AAAA,mBAA2C;AAAA,YAC3C,uBAAC,YAAO,OAAM,WAAU,oCAAxB;AAAA;AAAA;AAAA;AAAA,mBAA4C;AAAA,YAC5C,uBAAC,YAAO,OAAM,WAAU,6BAAxB;AAAA;AAAA;AAAA;AAAA,mBAAqC;AAAA,YACrC,uBAAC,YAAO,OAAM,SAAQ,qBAAtB;AAAA;AAAA;AAAA;AAAA,mBAA2B;AAAA,eAN7B;AAAA;AAAA;AAAA;AAAA,iBAOA;AAAA,aATF;AAAA;AAAA;AAAA;AAAA,eAUA;AAAA,QAEA,uBAAC,SAAI,WAAU,cACb;AAAA,iCAAC,WAAM,SAAQ,WAAU,qCAAzB;AAAA;AAAA;AAAA;AAAA,iBAA8C;AAAA,UAC9C;AAAA,YAAC;AAAA;AAAA,cACC,IAAG;AAAA,cACH,MAAK;AAAA,cACL,aAAY;AAAA,cACZ,UAAQ;AAAA;AAAA,YAJV;AAAA;AAAA;AAAA;AAAA;AAAA;AAAA;AAAA;AAAA,UAIU;AAAA,aANZ;AAAA;AAAA;AAAA;AAAA,eAQA;AAAA,QAEA,uBAAC,SAAI,WAAU,gBACb;AAAA,iCAAC,YAAO,MAAK,UAAS,WAAU,cAAa,6BAA7C;AAAA;AAAA;AAAA;AAAA,iBAA0D;AAAA,UAC1D,uBAAC,YAAO,MAAK,UAAS,WAAU,cAAa,SAAS,MAAMC,mBAAmB,KAAK,GAAG,sBAAvF;AAAA;AAAA;AAAA;AAAA,iBAEA;AAAA,aAJF;AAAA;AAAA;AAAA;AAAA,eAKA;AAAA,WAxCF;AAAA;AAAA;AAAA;AAAA,aAyCA;AAAA,SAjEJ;AAAA;AAAA;AAAA;AAAA,WAmEA;AAAA,OA/LF;AAAA;AAAA;AAAA;AAAA,SAgMA;AAEJ;AAACV,GAlUQD,aAAW;AAAAoD,KAAXpD;AAoUT,eAAeA;AAAY,IAAAoD;AAAAC,aAAAD,IAAA",
      "names": [
        "React",
        "useState",
        "Link",
        "StudentHelp",
        "_s",
        "searchTerm",
        "setSearchTerm",
        "activeCategory",
        "setActiveCategory",
        "expandedFaq",
        "setExpandedFaq",
        "feedbackGiven",
        "setFeedbackGiven",
        "showContactForm",
        "setShowContactForm",
        "categories",
        "helpContent",
        "id",
        "category",
        "question",
        "answer",
        "tags",
        "quickActions",
        "title",
        "action",
        "icon",
        "to",
        "filteredContent",
        "filter",
        "item",
        "matchesSearch",
        "toLowerCase",
        "includes",
        "some",
        "tag",
        "matchesCategory",
        "toggleFaq",
        "handleFeedback",
        "faqId",
        "isHelpful",
        "prev",
        "handleKeyDown",
        "e",
        "key",
        "preventDefault",
        "map",
        "idx",
        "target",
        "value",
        "Object",
        "entries",
        "label",
        "length",
        "maxHeight",
        "padding",
        "_c",
        "$RefreshReg$"
      ],
      "sources": [
        "F:/25T2/COMP9900/Project/capstone-project-25t2-9900-h18b-donut/src/components/StudentHelp.jsx"
      ],
      "file": "F:/25T2/COMP9900/Project/capstone-project-25t2-9900-h18b-donut/src/components/StudentHelp.jsx"
    },
    "_coverageSchema": "1a1c01bbd47fc00a2c39e90264f33305004495a9",
    "hash": "169c482c8a52ace973e82633b2461c6d33d46fdc"
  },
  "F:/25T2/COMP9900/Project/capstone-project-25t2-9900-h18b-donut/src/config.js": {
    "path": "F:/25T2/COMP9900/Project/capstone-project-25t2-9900-h18b-donut/src/config.js",
    "statementMap": {
      "0": {
        "start": {
          "line": 4,
          "column": 2
        },
        "end": {
          "line": 6,
[...]
            "column": 4
          },
          "end": {
            "line": 23,
            "column": 22
          }
        },
        "type": "default-arg",
        "locations": [
          {
            "start": {
              "line": 23,
              "column": 17
            },
            "end": {
              "line": 23,
              "column": 22
            }
          }
        ],
        "line": 23
      },
      "7": {
        "loc": {
          "start": {
            "line": 24,
            "column": 4
          },
          "end": {
            "line": 24,
            "column": 21
          }
        },
        "type": "default-arg",
        "locations": [
          {
            "start": {
              "line": 24,
              "column": 16
            },
            "end": {
              "line": 24,
              "column": 21
            }
          }
        ],
        "line": 24
      },
      "8": {
        "loc": {
          "start": {
            "line": 25,
            "column": 4
          },
          "end": {
            "line": 25,
            "column": 18
          }
        },
        "type": "default-arg",
        "locations": [
          {
            "start": {
              "line": 25,
              "column": 15
            },
            "end": {
              "line": 25,
              "column": 18
            }
          }
        ],
        "line": 25
      },
      "9": {
        "loc": {
          "start": {
            "line": 28,
            "column": 4
          },
          "end": {
            "line": 30,
            "column": 5
          }
        },
        "type": "if",
        "locations": [
          {
            "start": {
              "line": 28,
              "column": 4
            },
            "end": {
              "line": 30,
              "column": 5
            }
          },
          {
            "start": {},
            "end": {}
          }
        ],
        "line": 28
      },
      "10": {
        "loc": {
          "start": {
            "line": 47,
            "column": 4
          },
          "end": {
            "line": 51,
            "column": 5
          }
        },
        "type": "if",
        "locations": [
          {
            "start": {
              "line": 47,
              "column": 4
            },
            "end": {
              "line": 51,
              "column": 5
            }
          },
          {
            "start": {},
            "end": {}
          }
        ],
        "line": 47
      },
      "11": {
        "loc": {
          "start": {
            "line": 57,
            "column": 40
          },
          "end": {
            "line": 57,
            "column": 52
          }
        },
        "type": "default-arg",
        "locations": [
          {
            "start": {
              "line": 57,
              "column": 50
            },
            "end": {
              "line": 57,
              "column": 52
            }
          }
        ],
        "line": 57
      },
      "12": {
        "loc": {
          "start": {
            "line": 65,
            "column": 38
          },
          "end": {
            "line": 65,
            "column": 50
          }
        },
        "type": "default-arg",
        "locations": [
          {
            "start": {
              "line": 65,
              "column": 48
            },
            "end": {
              "line": 65,
              "column": 50
            }
          }
        ],
        "line": 65
      },
      "13": {
        "loc": {
          "start": {
            "line": 72,
            "column": 37
          },
          "end": {
            "line": 72,
            "column": 49
          }
        },
        "type": "default-arg",
        "locations": [
          {
            "start": {
              "line": 72,
              "column": 47
            },
            "end": {
              "line": 72,
              "column": 49
            }
          }
        ],
        "line": 72
      },
      "14": {
        "loc": {
          "start": {
            "line": 79,
            "column": 40
          },
          "end": {
            "line": 79,
            "column": 52
          }
        },
        "type": "default-arg",
        "locations": [
          {
            "start": {
              "line": 79,
              "column": 50
            },
            "end": {
              "line": 79,
              "column": 52
            }
          }
        ],
        "line": 79
      },
      "15": {
        "loc": {
          "start": {
            "line": 86,
            "column": 40
          },
          "end": {
            "line": 86,
            "column": 52
          }
        },
        "type": "default-arg",
        "locations": [
          {
            "start": {
              "line": 86,
              "column": 50
            },
            "end": {
              "line": 86,
              "column": 52
            }
          }
        ],
        "line": 86
      },
      "16": {
        "loc": {
          "start": {
            "line": 122,
            "column": 2
          },
          "end": {
            "line": 123,
            "column": 16
          }
        },
        "type": "if",
        "locations": [
          {
            "start": {
              "line": 122,
              "column": 2
            },
            "end": {
              "line": 123,
              "column": 16
            }
          },
          {
            "start": {},
            "end": {}
          }
        ],
        "line": 122
      },
      "17": {
        "loc": {
          "start": {
            "line": 136,
            "column": 4
          },
          "end": {
            "line": 138,
            "column": 5
          }
        },
        "type": "if",
        "locations": [
          {
            "start": {
              "line": 136,
              "column": 4
            },
            "end": {
              "line": 138,
              "column": 5
            }
          },
          {
            "start": {},
            "end": {}
          }
        ],
        "line": 136
      },
      "18": {
        "loc": {
          "start": {
            "line": 142,
            "column": 4
          },
          "end": {
            "line": 144,
            "column": 5
          }
        },
        "type": "if",
        "locations": [
          {
            "start": {
              "line": 142,
              "column": 4
            },
            "end": {
              "line": 144,
              "column": 5
            }
          },
          {
            "start": {},
            "end": {}
          }
        ],
        "line": 142
      },
      "19": {
        "loc": {
          "start": {
            "line": 148,
            "column": 4
          },
          "end": {
            "line": 159,
            "column": 5
          }
        },
        "type": "switch",
        "locations": [
          {
            "start": {
              "line": 149,
              "column": 6
            },
            "end": {
              "line": 150,
              "column": 19
            }
          },
          {
            "start": {
              "line": 151,
              "column": 6
            },
            "end": {
              "line": 152,
              "column": 19
            }
          },
          {
            "start": {
              "line": 153,
              "column": 6
            },
            "end": {
              "line": 154,
              "column": 19
            }
          },
          {
            "start": {
              "line": 155,
              "column": 6
            },
            "end": {
              "line": 156,
              "column": 19
            }
          },
          {
            "start": {
              "line": 157,
              "column": 6
            },
            "end": {
              "line": 158,
              "column": 19
            }
          }
        ],
        "line": 148
      },
      "20": {
        "loc": {
          "start": {
            "line": 162,
            "column": 4
          },
          "end": {
            "line": 173,
            "column": 5
          }
        },
        "type": "switch",
        "locations": [
          {
            "start": {
              "line": 163,
              "column": 6
            },
            "end": {
              "line": 164,
              "column": 30
            }
          },
          {
            "start": {
              "line": 165,
              "column": 6
            },
            "end": {
              "line": 166,
              "column": 28
            }
          },
          {
            "start": {
              "line": 167,
              "column": 6
            },
            "end": {
              "line": 168,
              "column": 30
            }
          },
          {
            "start": {
              "line": 169,
              "column": 6
            },
            "end": {
              "line": 170,
              "column": 30
            }
          },
          {
            "start": {
              "line": 171,
              "column": 6
            },
            "end": {
              "line": 172,
              "column": 27
            }
          }
        ],
        "line": 162
      },
      "21": {
        "loc": {
          "start": {
            "line": 176,
            "column": 73
          },
          "end": {
            "line": 176,
            "column": 109
          }
        },
        "type": "cond-expr",
        "locations": [
          {
            "start": {
              "line": 176,
              "column": 93
            },
            "end": {
              "line": 176,
              "column": 100
            }
          },
          {
            "start": {
              "line": 176,
              "column": 103
            },
            "end": {
              "line": 176,
              "column": 109
            }
          }
        ],
        "line": 176
      },
      "22": {
        "loc": {
          "start": {
            "line": 182,
            "column": 6
          },
          "end": {
            "line": 197,
            "column": 14
          }
        },
        "type": "binary-expr",
        "locations": [
          {
            "start": {
              "line": 182,
              "column": 6
            },
            "end": {
              "line": 182,
              "column": 17
            }
          },
          {
            "start": {
              "line": 182,
              "column": 37
            },
            "end": {
              "line": 197,
              "column": 14
            }
          }
        ],
        "line": 182
      },
      "23": {
        "loc": {
          "start": {
            "line": 199,
            "column": 8
          },
          "end": {
            "line": 203,
            "column": 16
          }
        },
        "type": "binary-expr",
        "locations": [
          {
            "start": {
              "line": 199,
              "column": 8
            },
            "end": {
              "line": 199,
              "column": 20
            }
          },
          {
            "start": {
              "line": 199,
              "column": 40
            },
            "end": {
              "line": 203,
              "column": 16
            }
          }
        ],
        "line": 199
      },
      "24": {
        "loc": {
          "start": {
            "line": 215,
            "column": 8
          },
          "end": {
            "line": 230,
            "column": 9
          }
        },
        "type": "binary-expr",
        "locations": [
          {
            "start": {
              "line": 215,
              "column": 8
            },
            "end": {
              "line": 215,
              "column": 24
            }
          },
          {
            "start": {
              "line": 215,
              "column": 44
            },
            "end": {
              "line": 230,
              "column": 9
            }
          }
        ],
        "line": 215
      },
      "25": {
        "loc": {
          "start": {
            "line": 269,
            "column": 2
          },
          "end": {
            "line": 271,
            "column": 3
          }
        },
        "type": "if",
        "locations": [
          {
            "start": {
              "line": 269,
              "column": 2
            },
            "end": {
              "line": 271,
              "column": 3
            }
          },
          {
            "start": {},
            "end": {}
          }
        ],
        "line": 269
      }
    },
    "s": {
      "0": 9,
      "1": 9,
      "2": 9,
      "3": 81,
      "4": 81,
      "5": 81,
      "6": 53,
      "7": 53,
      "8": 16,
      "9": 37,
      "10": 37,
      "11": 37,
      "12": 37,
      "13": 37,
      "14": 37,
      "15": 0,
      "16": 0,
      "17": 37,
      "18": 81,
      "19": 0,
      "20": 0,
      "21": 0,
      "22": 81,
      "23": 0,
      "24": 81,
      "25": 8,
      "26": 81,
      "27": 11,
      "28": 81,
      "29": 3,
      "30": 81,
      "31": 7,
      "32": 7,
      "33": 0,
      "34": 0,
      "35": 81,
      "36": 81,
      "37": 9,
      "38": 81,
      "39": 81,
      "40": 44,
      "41": 37,
      "42": 0,
      "43": 9,
      "44": 37,
      "45": 0,
      "46": 0,
      "47": 0,
      "48": 37,
      "49": 0,
      "50": 0,
      "51": 0,
      "52": 37,
      "53": 37,
      "54": 0,
      "55": 8,
      "56": 0,
      "57": 13,
      "58": 16,
      "59": 37,
      "60": 37,
      "61": 0,
      "62": 8,
      "63": 0,
      "64": 13,
      "65": 16,
      "66": 37,
      "67": 9,
      "68": 81,
      "69": 81,
      "70": 0,
      "71": 81
    },
    "f": {
      "0": 81,
      "1": 53,
      "2": 37,
      "3": 0,
      "4": 0,
      "5": 0,
      "6": 0,
      "7": 0,
      "8": 8,
      "9": 11,
      "10": 3,
      "11": 7,
      "12": 7,
      "13": 0,
      "14": 0,
      "15": 81,
      "16": 0,
      "17": 37,
      "18": 0,
      "19": 0,
      "20": 37,
      "21": 37,
      "22": 81
    },
    "b": {
      "0": [
        42
      ],
      "1": [
        0
      ],
      "2": [
        40
      ],
      "3": [
        40
      ],
      "4": [
        46
      ],
      "5": [
        46
      ],
      "6": [
        40
      ],
      "7": [
        50
      ],
      "8": [
        50
      ],
      "9": [
        16,
        37
      ],
      "10": [
        0,
        37
      ],
      "11": [
        0
      ],
      "12": [
        8
      ],
      "13": [
        0
      ],
      "14": [
        0
      ],
      "15": [
        0
      ],
      "16": [
        44,
        37
      ],
      "17": [
        0,
        0
      ],
      "18": [
        0,
        0
      ],
      "19": [
        0,
        8,
        0,
        13,
        16
      ],
      "20": [
        0,
        8,
        0,
        13,
        16
      ],
      "21": [
        24,
        13
      ],
      "22": [
        37,
        11
      ],
      "23": [
        37,
        26
      ],
      "24": [
        37,
        13
      ],
      "25": [
        0,
        81
      ]
    },
    "inputSourceMap": {
      "version": 3,
      "sources": [
        "F:/25T2/COMP9900/Project/capstone-project-25t2-9900-h18b-donut/src/components/CustomAlert.jsx"
      ],
      "mappings": "AAkIM,SAkEF,UAlEE;AAlIN,OAAO,SAAS,eAAe,YAAY,UAAU,aAAa,cAAc;AAChF,OAAO;AAGP,MAAM,eAAe,cAAc;AAG5B,aAAM,cAAc;AAAA,EACzB,SAAS;AAAA,EACT,OAAO;AAAA,EACP,MAAM;AAAA,EACN,SAAS;AAAA,EACT,SAAS;AACX;AAGO,aAAM,gBAAgB,CAAC,EAAE,SAAS,MAAM;AAC7C,QAAM,CAAC,QAAQ,SAAS,IAAI,SAAS,CAAC,CAAC;AACvC,QAAM,gBAAgB,OAAO,CAAC;AAE9B,QAAM,YAAY,YAAY,CAAC;AAAA,IAC7B,QAAQ;AAAA,IACR;AAAA,IACA,OAAO,YAAY;AAAA,IACnB,cAAc;AAAA,IACd,aAAa;AAAA,IACb,YAAY;AAAA,IACZ,WAAW;AAAA,IACX,aAAa;AAAA,IACb,YAAY;AAAA,IACZ,WAAW;AAAA,EACb,MAAM;AAEJ,UAAM,MAAM,KAAK,IAAI;AACrB,QAAI,MAAM,cAAc,UAAU,IAAI;AACpC,aAAO;AAAA,IACT;AACA,kBAAc,UAAU;AAExB,UAAM,KAAK,MAAM,KAAK,OAAO;AAE7B,UAAM,QAAQ;AAAA,MACZ;AAAA,MACA;AAAA,MACA;AAAA,MACA;AAAA,MACA;AAAA,MACA;AAAA,MACA;AAAA,MACA;AAAA,MACA;AAAA,MACA;AAAA,MACA;AAAA,IACF;AAEA,cAAU,UAAQ,CAAC,GAAG,MAAM,KAAK,CAAC;AAGlC,QAAI,WAAW;AACb,iBAAW,MAAM;AACf,oBAAY,EAAE;AAAA,MAChB,GAAG,QAAQ;AAAA,IACb;AAEA,WAAO;AAAA,EACT,GAAG,CAAC,CAAC;AAEL,QAAM,cAAc,YAAY,CAAC,OAAO;AACtC,cAAU,UAAQ,KAAK,OAAO,WAAS,MAAM,OAAO,EAAE,CAAC;AAAA,EACzD,GAAG,CAAC,CAAC;AAEL,QAAM,UAAU,YAAY,CAAC,SAAS,UAAU,CAAC,MAAM;AACrD,WAAO,UAAU;AAAA,MACf,GAAG;AAAA,MACH;AAAA,MACA,MAAM,YAAY;AAAA,MAClB,WAAW;AAAA,IACb,CAAC;AAAA,EACH,GAAG,CAAC,SAAS,CAAC;AAEd,QAAM,QAAQ,YAAY,CAAC,SAAS,UAAU,CAAC,MAAM;AACnD,WAAO,UAAU;AAAA,MACf,GAAG;AAAA,MACH;AAAA,MACA,MAAM,YAAY;AAAA,IACpB,CAAC;AAAA,EACH,GAAG,CAAC,SAAS,CAAC;AAEd,QAAM,OAAO,YAAY,CAAC,SAAS,UAAU,CAAC,MAAM;AAClD,WAAO,UAAU;AAAA,MACf,GAAG;AAAA,MACH;AAAA,MACA,MAAM,YAAY;AAAA,IACpB,CAAC;AAAA,EACH,GAAG,CAAC,SAAS,CAAC;AAEd,QAAM,UAAU,YAAY,CAAC,SAAS,UAAU,CAAC,MAAM;AACrD,WAAO,UAAU;AAAA,MACf,GAAG;AAAA,MACH;AAAA,MACA,MAAM,YAAY;AAAA,IACpB,CAAC;AAAA,EACH,GAAG,CAAC,SAAS,CAAC;AAEd,QAAM,UAAU,YAAY,CAAC,SAAS,UAAU,CAAC,MAAM;AACrD,WAAO,IAAI,QAAQ,CAAC,YAAY;AAC9B,gBAAU;AAAA,QACR,GAAG;AAAA,QACH;AAAA,QACA,MAAM,YAAY;AAAA,QAClB,YAAY;AAAA,QACZ,WAAW,MAAM,QAAQ,IAAI;AAAA,QAC7B,UAAU,MAAM,QAAQ,KAAK;AAAA,MAC/B,CAAC;AAAA,IACH,CAAC;AAAA,EACH,GAAG,CAAC,SAAS,CAAC;AAEd,QAAM,QAAQ;AAAA,IACZ;AAAA,IACA;AAAA,IACA;AAAA,IACA;AAAA,IACA;AAAA,IACA;AAAA,IACA;AAAA,EACF;AAEA,SACE,uBAAC,aAAa,UAAb,EAAsB,OACpB;AAAA;AAAA,IACD,uBAAC,kBAAe,QAAgB,eAAhC;AAAA;AAAA;AAAA;AAAA,WAA0D;AAAA,OAF5D;AAAA;AAAA;AAAA;AAAA,SAGA;AAEJ;AAGA,MAAM,iBAAiB,MAAM,KAAK,CAAC,EAAE,QAAQ,YAAY,MAAM;AAE7D,QAAM,cAAc,OAAO,OAAO,SAAS,CAAC;AAE5C,MAAI,CAAC;AAAa,WAAO;AAEzB,SACE,uBAAC,SAAI,WAAU,mBACb,iCAAC,cAAgC,OAAO,aAAa,SAAS,MAAM,YAAY,YAAY,EAAE,KAA7E,YAAY,IAA7B;AAAA;AAAA;AAAA;AAAA,SAAiG,KADnG;AAAA;AAAA;AAAA;AAAA,SAEA;AAEJ,CAAC;AAGD,MAAM,aAAa,MAAM,KAAK,CAAC,EAAE,OAAO,QAAQ,MAAM;AACpD,QAAM,gBAAgB,MAAM;AAC1B,QAAI,MAAM,WAAW;AACnB,YAAM,UAAU;AAAA,IAClB;AACA,YAAQ;AAAA,EACV;AAEA,QAAM,eAAe,MAAM;AACzB,QAAI,MAAM,UAAU;AAClB,YAAM,SAAS;AAAA,IACjB;AACA,YAAQ;AAAA,EACV;AAEA,QAAM,UAAU,MAAM;AACpB,YAAQ,MAAM,MAAM;AAAA,MAClB,KAAK,YAAY;AACf,eAAO;AAAA,MACT,KAAK,YAAY;AACf,eAAO;AAAA,MACT,KAAK,YAAY;AACf,eAAO;AAAA,MACT,KAAK,YAAY;AACf,eAAO;AAAA,MACT;AACE,eAAO;AAAA,IACX;AAAA,EACF;AAEA,QAAM,eAAe,MAAM;AACzB,YAAQ,MAAM,MAAM;AAAA,MAClB,KAAK,YAAY;AACf,eAAO;AAAA,MACT,KAAK,YAAY;AACf,eAAO;AAAA,MACT,KAAK,YAAY;AACf,eAAO;AAAA,MACT,KAAK,YAAY;AACf,eAAO;AAAA,MACT;AACE,eAAO;AAAA,IACX;AAAA,EACF;AAEA,SACE,mCACE;AAAA,2BAAC,SAAI,WAAU,iBAAgB,SAAS,CAAC,MAAM,aAAa,UAAU,UAAtE;AAAA;AAAA;AAAA;AAAA,WAAiF;AAAA,IACjF,uBAAC,SAAI,WAAW,eAAe,MAAM,IAAI,IACvC,iCAAC,SAAI,WAAU,iBACZ;AAAA,YAAM,SACL,uBAAC,SAAI,WAAU,gBACb;AAAA,+BAAC,SAAI,WAAW,cAAc,aAAa,CAAC,IACzC,kBAAQ,KADX;AAAA;AAAA;AAAA;AAAA,eAEA;AAAA,QACA,uBAAC,QAAG,WAAU,eAAe,gBAAM,SAAnC;AAAA;AAAA;AAAA;AAAA,eAAyC;AAAA,WAJ3C;AAAA;AAAA;AAAA;AAAA,aAKA;AAAA,MAGF,uBAAC,SAAI,WAAU,cACZ;AAAA,SAAC,MAAM,SACN,uBAAC,SAAI,WAAW,cAAc,aAAa,CAAC,IACzC,kBAAQ,KADX;AAAA;AAAA;AAAA;AAAA,eAEA;AAAA,QAEF,uBAAC,OAAE,WAAU,iBAAiB,gBAAM,WAApC;AAAA;AAAA;AAAA;AAAA,eAA4C;AAAA,WAN9C;AAAA;AAAA;AAAA;AAAA,aAOA;AAAA,MAEA,uBAAC,SAAI,WAAU,iBACZ;AAAA,cAAM,cACL;AAAA,UAAC;AAAA;AAAA,YACC,WAAU;AAAA,YACV,SAAS;AAAA,YAER,gBAAM;AAAA;AAAA,UAJT;AAAA;AAAA;AAAA;AAAA;AAAA;AAAA;AAAA;AAAA,QAKA;AAAA,QAEF;AAAA,UAAC;AAAA;AAAA,YACC,WAAU;AAAA,YACV,SAAS;AAAA,YAER,gBAAM;AAAA;AAAA,UAJT;AAAA;AAAA;AAAA;AAAA;AAAA;AAAA;AAAA;AAAA,QAKA;AAAA,WAdF;AAAA;AAAA;AAAA;AAAA,aAeA;AAAA,SAlCF;AAAA;AAAA;AAAA;AAAA,WAmCA,KApCF;AAAA;AAAA;AAAA;AAAA,WAqCA;AAAA,OAvCF;AAAA;AAAA;AAAA;AAAA,SAwCA;AAEJ,CAAC;AAGM,aAAM,WAAW,MAAM;AAC5B,QAAM,UAAU,WAAW,YAAY;AACvC,MAAI,CAAC,SAAS;AACZ,UAAM,IAAI,MAAM,+CAA+C;AAAA,EACjE;AACA,SAAO;AACT;AAEA,eAAe;",
      "names": []
    },
    "_coverageSchema": "1a1c01bbd47fc00a2c39e90264f33305004495a9",
    "hash": "7e4526ead391e42c17e07c00d53b1c75682b5e40"
  }
}