<?xml version="1.0" encoding="UTF-8"?>
<coverage generated="1755012786960" clover="3.2.0">
  <project timestamp="1755012786960" name="All files">
    <metrics statements="263" coveredstatements="231" conditionals="260" coveredconditionals="223" methods="72" coveredmethods="61" elements="595" coveredelements="515" complexity="0" loc="263" ncloc="263" packages="2" files="4" classes="4"/>
    <package name="src">
      <metrics statements="2" coveredstatements="2" conditionals="7" coveredconditionals="5" methods="0" coveredmethods="0"/>
      <file name="config.js" path="F:/25T2/COMP9900/Project/capstone-project-25t2-9900-h18b-donut/src/config.js">
        <metrics statements="2" coveredstatements="2" conditionals="7" coveredconditionals="5" methods="0" coveredmethods="0"/>
        <line num="4" count="4" type="cond" truecount="3" falsecount="2"/>
        <line num="8" count="4" type="stmt"/>
      </file>
    </package>
    <package name="src.components">
      <metrics statements="261" coveredstatements="229" conditionals="253" coveredconditionals="218" methods="72" coveredmethods="61"/>
      <file name="CustomAlert.jsx" path="F:/25T2/COMP9900/Project/capstone-project-25t2-9900-h18b-donut/src/components/CustomAlert.jsx">
        <metrics statements="68" coveredstatements="50" conditionals="38" coveredconditionals="25" methods="23" coveredmethods="13"/>
        <line num="5" count="9" type="stmt"/>
        <line num="8" count="9" type="stmt"/>
        <line num="17" count="9" type="stmt"/>
        <line num="18" count="81" type="stmt"/>
        <line num="19" count="81" type="stmt"/>
        <line num="21" count="81" type="stmt"/>
        <line num="34" count="53" type="stmt"/>
        <line num="35" count="53" type="cond" truecount="1" falsecount="0"/>
        <line num="36" count="16" type="stmt"/>
        <line num="38" count="37" type="stmt"/>
        <line num="40" count="37" type="stmt"/>
        <line num="42" count="37" type="stmt"/>
        <line num="56" count="37" type="stmt"/>
        <line num="59" count="37" type="cond" truecount="0" falsecount="1"/>
        <line num="60" count="0" type="stmt"/>
        <line num="61" count="0" type="stmt"/>
        <line num="65" count="37" type="stmt"/>
        <line num="68" count="81" type="stmt"/>
        <line num="69" count="0" type="stmt"/>
        <line num="72" count="81" type="cond" truecount="0" falsecount="1"/>
        <line num="73" count="0" type="stmt"/>
        <line num="81" count="81" type="cond" truecount="1" falsecount="0"/>
        <line num="82" count="8" type="stmt"/>
        <line num="89" count="81" type="cond" truecount="0" falsecount="1"/>
        <line num="90" count="11" type="stmt"/>
        <line num="97" count="81" type="cond" truecount="0" falsecount="1"/>
        <line num="98" count="3" type="stmt"/>
        <line num="105" count="81" type="cond" truecount="0" falsecount="1"/>
        <line num="106" count="7" type="stmt"/>
        <line num="107" count="7" type="stmt"/>
        <line num="112" count="0" type="stmt"/>
        <line num="113" count="0" type="stmt"/>
        <line num="118" count="81" type="stmt"/>
        <line num="128" count="81" type="stmt"/>
        <line num="137" count="9" type="stmt"/>
        <line num="139" count="81" type="stmt"/>
        <line num="141" count="81" type="cond" truecount="1" falsecount="0"/>
        <line num="143" count="37" type="stmt"/>
        <line num="145" count="0" type="stmt"/>
        <line num="151" count="9" type="stmt"/>
        <line num="152" count="37" type="stmt"/>
        <line num="153" count="0" type="cond" truecount="0" falsecount="1"/>
        <line num="154" count="0" type="stmt"/>
        <line num="156" count="0" type="stmt"/>
        <line num="159" count="37" type="stmt"/>
        <line num="160" count="0" type="cond" truecount="0" falsecount="1"/>
        <line num="161" count="0" type="stmt"/>
        <line num="163" count="0" type="stmt"/>
        <line num="166" count="37" type="stmt"/>
        <line num="167" count="37" type="cond" truecount="3" falsecount="2"/>
        <line num="169" count="0" type="stmt"/>
        <line num="171" count="8" type="stmt"/>
        <line num="173" count="0" type="stmt"/>
        <line num="175" count="13" type="stmt"/>
        <line num="177" count="16" type="stmt"/>
        <line num="181" count="37" type="stmt"/>
        <line num="182" count="37" type="cond" truecount="3" falsecount="2"/>
        <line num="184" count="0" type="stmt"/>
        <line num="186" count="8" type="stmt"/>
        <line num="188" count="0" type="stmt"/>
        <line num="190" count="13" type="stmt"/>
        <line num="192" count="16" type="stmt"/>
        <line num="196" count="37" type="stmt"/>
        <line num="242" count="9" type="stmt"/>
        <line num="243" count="81" type="stmt"/>
        <line num="244" count="81" type="cond" truecount="0" falsecount="1"/>
        <line num="245" count="0" type="stmt"/>
        <line num="247" count="81" type="stmt"/>
      </file>
      <file name="StudentHelp.jsx" path="F:/25T2/COMP9900/Project/capstone-project-25t2-9900-h18b-donut/src/components/StudentHelp.jsx">
        <metrics statements="56" coveredstatements="56" conditionals="68" coveredconditionals="66" methods="34" coveredmethods="34"/>
        <line num="3" count="2204" type="stmt"/>
        <line num="6" count="2320" type="stmt"/>
        <line num="7" count="2320" type="stmt"/>
        <line num="8" count="2320" type="stmt"/>
        <line num="9" count="2320" type="stmt"/>
        <line num="10" count="2320" type="stmt"/>
        <line num="11" count="2320" type="stmt"/>
        <line num="13" count="2320" type="stmt"/>
        <line num="22" count="116" type="stmt"/>
        <line num="77" count="2320" type="stmt"/>
        <line num="83" count="2320" type="stmt"/>
        <line num="84" count="25918" type="cond" truecount="4" falsecount="0"/>
        <line num="85" count="22156" type="cond" truecount="2" falsecount="0"/>
        <line num="86" count="22156" type="cond" truecount="2" falsecount="0"/>
        <line num="88" count="2588" type="stmt"/>
        <line num="91" count="2204" type="stmt"/>
        <line num="92" count="76" type="stmt"/>
        <line num="95" count="116" type="stmt"/>
        <line num="98" count="2204" type="stmt"/>
        <line num="99" count="114" type="cond" truecount="3" falsecount="0"/>
        <line num="103" count="116" type="stmt"/>
        <line num="104" count="3364" type="cond" truecount="4" falsecount="0"/>
        <line num="107" count="3562" type="stmt"/>
        <line num="109" count="1160" type="cond" truecount="2" falsecount="0"/>
        <line num="111" count="3364" type="cond" truecount="2" falsecount="0"/>
        <line num="114" count="2320" type="stmt"/>
        <line num="115" count="2212" type="cond" truecount="2" falsecount="0"/>
        <line num="118" count="2320" type="stmt"/>
        <line num="119" count="2208" type="stmt"/>
        <line num="126" count="2320" type="stmt"/>
        <line num="127" count="2210" type="cond" truecount="3" falsecount="0"/>
        <line num="128" count="2210" type="stmt"/>
        <line num="129" count="2210" type="stmt"/>
        <line num="133" count="116" type="stmt"/>
        <line num="136" count="8932" type="stmt"/>
        <line num="145" count="2668" type="stmt"/>
        <line num="163" count="230" type="stmt"/>
        <line num="164" count="13340" type="cond" truecount="2" falsecount="0"/>
        <line num="168" count="2253" type="stmt"/>
        <line num="180" count="2900" type="stmt"/>
        <line num="183" count="2210" type="stmt"/>
        <line num="194" count="384" type="cond" truecount="3" falsecount="1"/>
        <line num="196" count="15126" type="stmt"/>
        <line num="207" count="2994" type="stmt"/>
        <line num="210" count="15012" type="stmt"/>
        <line num="211" count="15016" type="stmt"/>
        <line num="222" count="828" type="stmt"/>
        <line num="233" count="828" type="stmt"/>
        <line num="236" count="15012" type="stmt"/>
        <line num="243" count="15012" type="stmt"/>
        <line num="264" count="287" type="cond" truecount="2" falsecount="0"/>
        <line num="274" count="2213" type="stmt"/>
        <line num="312" count="211" type="stmt"/>
        <line num="319" count="2209" type="stmt"/>
        <line num="328" count="8" type="stmt"/>
        <line num="330" count="8" type="stmt"/>
      </file>
      <file name="VideoUpload.jsx" path="F:/25T2/COMP9900/Project/capstone-project-25t2-9900-h18b-donut/src/components/VideoUpload.jsx">
        <metrics statements="137" coveredstatements="123" conditionals="147" coveredconditionals="127" methods="15" coveredmethods="14"/>
        <line num="5" count="274" type="cond" truecount="0" falsecount="1"/>
        <line num="6" count="35863" type="stmt"/>
        <line num="7" count="35863" type="stmt"/>
        <line num="8" count="35863" type="stmt"/>
        <line num="9" count="35863" type="stmt"/>
        <line num="10" count="35863" type="stmt"/>
        <line num="11" count="35863" type="stmt"/>
        <line num="12" count="35863" type="stmt"/>
        <line num="14" count="35863" type="stmt"/>
        <line num="15" count="2746" type="cond" truecount="3" falsecount="0"/>
        <line num="16" count="2214" type="stmt"/>
        <line num="20" count="35863" type="stmt"/>
        <line num="21" count="2214" type="cond" truecount="2" falsecount="1"/>
        <line num="23" count="2214" type="stmt"/>
        <line num="24" count="2214" type="stmt"/>
        <line num="25" count="2214" type="stmt"/>
        <line num="26" count="1938" type="cond" truecount="1" falsecount="0"/>
        <line num="27" count="1938" type="stmt"/>
        <line num="28" count="1938" type="cond" truecount="3" falsecount="1"/>
        <line num="29" count="151" type="stmt"/>
        <line num="37" count="276" type="stmt"/>
        <line num="38" count="276" type="stmt"/>
        <line num="40" count="2214" type="stmt"/>
        <line num="44" count="35863" type="stmt"/>
        <line num="45" count="1307" type="cond" truecount="4" falsecount="0"/>
        <line num="46" count="65" type="stmt"/>
        <line num="47" count="65" type="stmt"/>
        <line num="50" count="1242" type="cond" truecount="1" falsecount="0"/>
        <line num="51" count="147" type="stmt"/>
        <line num="52" count="147" type="stmt"/>
        <line num="55" count="1095" type="stmt"/>
        <line num="56" count="1095" type="stmt"/>
        <line num="58" count="1095" type="stmt"/>
        <line num="59" count="1095" type="stmt"/>
        <line num="61" count="1095" type="stmt"/>
        <line num="62" count="1095" type="stmt"/>
        <line num="67" count="840" type="cond" truecount="2" falsecount="0"/>
        <line num="68" count="741" type="stmt"/>
        <line num="69" count="741" type="stmt"/>
        <line num="75" count="741" type="stmt"/>
        <line num="77" count="741" type="cond" truecount="0" falsecount="1"/>
        <line num="78" count="0" type="stmt"/>
        <line num="81" count="741" type="stmt"/>
        <line num="83" count="99" type="stmt"/>
        <line num="84" count="99" type="cond" truecount="2" falsecount="0"/>
        <line num="87" count="255" type="stmt"/>
        <line num="88" count="255" type="stmt"/>
        <line num="90" count="1095" type="stmt"/>
        <line num="94" count="35863" type="stmt"/>
        <line num="95" count="680" type="cond" truecount="0" falsecount="1"/>
        <line num="96" count="0" type="stmt"/>
        <line num="97" count="0" type="stmt"/>
        <line num="100" count="680" type="cond" truecount="3" falsecount="0"/>
        <line num="101" count="40" type="stmt"/>
        <line num="102" count="40" type="stmt"/>
        <line num="105" count="640" type="stmt"/>
        <line num="106" count="640" type="stmt"/>
        <line num="108" count="640" type="stmt"/>
        <line num="109" count="640" type="stmt"/>
        <line num="117" count="457" type="cond" truecount="2" falsecount="0"/>
        <line num="118" count="265" type="stmt"/>
        <line num="119" count="265" type="stmt"/>
        <line num="125" count="265" type="stmt"/>
        <line num="126" count="265" type="stmt"/>
        <line num="128" count="265" type="cond" truecount="0" falsecount="1"/>
        <line num="129" count="0" type="stmt"/>
        <line num="132" count="265" type="stmt"/>
        <line num="134" count="192" type="stmt"/>
        <line num="135" count="192" type="cond" truecount="1" falsecount="1"/>
        <line num="138" count="183" type="stmt"/>
        <line num="139" count="183" type="stmt"/>
        <line num="141" count="640" type="stmt"/>
        <line num="145" count="35863" type="stmt"/>
        <line num="146" count="414" type="cond" truecount="2" falsecount="1"/>
        <line num="147" count="0" type="stmt"/>
        <line num="148" count="0" type="cond" truecount="0" falsecount="1"/>
        <line num="149" count="0" type="stmt"/>
        <line num="151" count="0" type="stmt"/>
        <line num="154" count="414" type="stmt"/>
        <line num="155" count="414" type="stmt"/>
        <line num="159" count="276" type="cond" truecount="2" falsecount="0"/>
        <line num="160" count="236" type="stmt"/>
        <line num="161" count="236" type="cond" truecount="0" falsecount="1"/>
        <line num="162" count="0" type="stmt"/>
        <line num="164" count="236" type="stmt"/>
        <line num="166" count="40" type="stmt"/>
        <line num="167" count="40" type="cond" truecount="1" falsecount="1"/>
        <line num="170" count="138" type="stmt"/>
        <line num="171" count="138" type="stmt"/>
        <line num="175" count="35863" type="stmt"/>
        <line num="176" count="1569" type="stmt"/>
        <line num="177" count="1569" type="cond" truecount="1" falsecount="0"/>
        <line num="179" count="1569" type="stmt"/>
        <line num="180" count="1569" type="cond" truecount="1" falsecount="0"/>
        <line num="181" count="274" type="stmt"/>
        <line num="182" count="274" type="stmt"/>
        <line num="186" count="1295" type="stmt"/>
        <line num="187" count="1295" type="cond" truecount="0" falsecount="1"/>
        <line num="188" count="0" type="stmt"/>
        <line num="189" count="0" type="stmt"/>
        <line num="192" count="1295" type="stmt"/>
        <line num="196" count="1295" type="stmt"/>
        <line num="199" count="35863" type="stmt"/>
        <line num="200" count="186" type="stmt"/>
        <line num="201" count="186" type="stmt"/>
        <line num="203" count="186" type="stmt"/>
        <line num="204" count="186" type="cond" truecount="1" falsecount="0"/>
        <line num="206" count="186" type="stmt"/>
        <line num="207" count="186" type="cond" truecount="1" falsecount="0"/>
        <line num="208" count="168" type="stmt"/>
        <line num="209" count="168" type="stmt"/>
        <line num="213" count="18" type="stmt"/>
        <line num="214" count="18" type="cond" truecount="1" falsecount="0"/>
        <line num="215" count="6" type="stmt"/>
        <line num="216" count="6" type="stmt"/>
        <line num="219" count="12" type="stmt"/>
        <line num="223" count="35863" type="cond" truecount="1" falsecount="0"/>
        <line num="224" count="2214" type="stmt"/>
        <line num="234" count="33649" type="stmt"/>
        <line num="288" count="103" type="stmt"/>
        <line num="289" count="103" type="stmt"/>
        <line num="290" count="103" type="cond" truecount="3" falsecount="0"/>
        <line num="291" count="103" type="stmt"/>
        <line num="376" count="168" type="stmt"/>
        <line num="379" count="168" type="stmt"/>
        <line num="380" count="168" type="stmt"/>
        <line num="383" count="168" type="stmt"/>
        <line num="384" count="168" type="cond" truecount="1" falsecount="0"/>
        <line num="385" count="168" type="stmt"/>
        <line num="397" count="726" type="stmt"/>
        <line num="398" count="726" type="stmt"/>
        <line num="411" count="180" type="stmt"/>
        <line num="412" count="180" type="stmt"/>
        <line num="414" count="0" type="stmt"/>
        <line num="415" count="0" type="cond" truecount="0" falsecount="1"/>
        <line num="416" count="0" type="stmt"/>
        <line num="450" count="23211" type="stmt"/>
      </file>
    </package>
  </project>
</coverage>
