{"F:/25T2/COMP9900/Project/capstone-project-25t2-9900-h18b-donut/src/config.js": {"path":"F:/25T2/COMP9900/Project/capstone-project-25t2-9900-h18b-donut/src/config.js","statementMap":{"0":{"start":{"line":4,"column":2},"end":{"line":6,"column":15}},"1":{"start":{"line":8,"column":15},"end":{"line":11,"column":1}}},"fnMap":{},"branchMap":{"0":{"loc":{"start":{"line":4,"column":2},"end":{"line":6,"column":15}},"type":"cond-expr","locations":[{"start":{"line":5,"column":6},"end":{"line":5,"column":39}},{"start":{"line":6,"column":6},"end":{"line":6,"column":15}}]},"1":{"loc":{"start":{"line":4,"column":3},"end":{"line":4,"column":85}},"type":"binary-expr","locations":[{"start":{"line":4,"column":3},"end":{"line":4,"column":33}},{"start":{"line":4,"column":37},"end":{"line":4,"column":48}},{"start":{"line":4,"column":52},"end":{"line":4,"column":85}}]},"2":{"loc":{"start":{"line":10,"column":16},"end":{"line":10,"column":57}},"type":"binary-expr","locations":[{"start":{"line":10,"column":16},"end":{"line":10,"column":30}},{"start":{"line":10,"column":34},"end":{"line":10,"column":57}}]}},"s":{"0":4,"1":4},"f":{},"b":{"0":[0,4],"1":[4,4,0],"2":[4,4]}}
,"F:/25T2/COMP9900/Project/capstone-project-25t2-9900-h18b-donut/src/components/CustomAlert.jsx": {"path":"F:/25T2/COMP9900/Project/capstone-project-25t2-9900-h18b-donut/src/components/CustomAlert.jsx","statementMap":{"0":{"start":{"line":5,"column":21},"end":{"line":5,"column":null}},"1":{"start":{"line":8,"column":27},"end":{"line":14,"column":null}},"2":{"start":{"line":17,"column":29},"end":{"line":134,"column":null}},"3":{"start":{"line":18,"column":30},"end":{"line":18,"column":null}},"4":{"start":{"line":19,"column":24},"end":{"line":19,"column":null}},"5":{"start":{"line":21,"column":20},"end":{"line":66,"column":null}},"6":{"start":{"line":34,"column":16},"end":{"line":34,"column":null}},"7":{"start":{"line":35,"column":4},"end":{"line":37,"column":null}},"8":{"start":{"line":36,"column":6},"end":{"line":36,"column":null}},"9":{"start":{"line":38,"column":4},"end":{"line":38,"column":null}},"10":{"start":{"line":40,"column":15},"end":{"line":40,"column":null}},"11":{"start":{"line":42,"column":18},"end":{"line":54,"column":null}},"12":{"start":{"line":56,"column":4},"end":{"line":56,"column":null}},"13":{"start":{"line":56,"column":22},"end":{"line":56,"column":38}},"14":{"start":{"line":59,"column":4},"end":{"line":63,"column":null}},"15":{"start":{"line":60,"column":6},"end":{"line":62,"column":null}},"16":{"start":{"line":61,"column":8},"end":{"line":61,"column":null}},"17":{"start":{"line":65,"column":4},"end":{"line":65,"column":null}},"18":{"start":{"line":68,"column":22},"end":{"line":70,"column":null}},"19":{"start":{"line":69,"column":4},"end":{"line":69,"column":null}},"20":{"start":{"line":69,"column":22},"end":{"line":69,"column":59}},"21":{"start":{"line":69,"column":43},"end":{"line":69,"column":58}},"22":{"start":{"line":72,"column":18},"end":{"line":79,"column":null}},"23":{"start":{"line":73,"column":4},"end":{"line":78,"column":null}},"24":{"start":{"line":81,"column":16},"end":{"line":87,"column":null}},"25":{"start":{"line":82,"column":4},"end":{"line":86,"column":null}},"26":{"start":{"line":89,"column":15},"end":{"line":95,"column":null}},"27":{"start":{"line":90,"column":4},"end":{"line":94,"column":null}},"28":{"start":{"line":97,"column":18},"end":{"line":103,"column":null}},"29":{"start":{"line":98,"column":4},"end":{"line":102,"column":null}},"30":{"start":{"line":105,"column":18},"end":{"line":116,"column":null}},"31":{"start":{"line":106,"column":4},"end":{"line":115,"column":null}},"32":{"start":{"line":107,"column":6},"end":{"line":114,"column":null}},"33":{"start":{"line":112,"column":25},"end":{"line":112,"column":null}},"34":{"start":{"line":113,"column":24},"end":{"line":113,"column":null}},"35":{"start":{"line":118,"column":16},"end":{"line":126,"column":null}},"36":{"start":{"line":128,"column":2},"end":{"line":132,"column":null}},"37":{"start":{"line":137,"column":23},"end":{"line":148,"column":null}},"38":{"start":{"line":139,"column":22},"end":{"line":139,"column":null}},"39":{"start":{"line":141,"column":2},"end":{"line":141,"column":null}},"40":{"start":{"line":141,"column":20},"end":{"line":141,"column":null}},"41":{"start":{"line":143,"column":2},"end":{"line":146,"column":null}},"42":{"start":{"line":145,"column":74},"end":{"line":145,"column":103}},"43":{"start":{"line":151,"column":19},"end":{"line":239,"column":null}},"44":{"start":{"line":152,"column":24},"end":{"line":157,"column":null}},"45":{"start":{"line":153,"column":4},"end":{"line":155,"column":null}},"46":{"start":{"line":154,"column":6},"end":{"line":154,"column":null}},"47":{"start":{"line":156,"column":4},"end":{"line":156,"column":null}},"48":{"start":{"line":159,"column":23},"end":{"line":164,"column":null}},"49":{"start":{"line":160,"column":4},"end":{"line":162,"column":null}},"50":{"start":{"line":161,"column":6},"end":{"line":161,"column":null}},"51":{"start":{"line":163,"column":4},"end":{"line":163,"column":null}},"52":{"start":{"line":166,"column":18},"end":{"line":179,"column":null}},"53":{"start":{"line":167,"column":4},"end":{"line":178,"column":null}},"54":{"start":{"line":169,"column":8},"end":{"line":169,"column":null}},"55":{"start":{"line":171,"column":8},"end":{"line":171,"column":null}},"56":{"start":{"line":173,"column":8},"end":{"line":173,"column":null}},"57":{"start":{"line":175,"column":8},"end":{"line":175,"column":null}},"58":{"start":{"line":177,"column":8},"end":{"line":177,"column":null}},"59":{"start":{"line":181,"column":23},"end":{"line":194,"column":null}},"60":{"start":{"line":182,"column":4},"end":{"line":193,"column":null}},"61":{"start":{"line":184,"column":8},"end":{"line":184,"column":null}},"62":{"start":{"line":186,"column":8},"end":{"line":186,"column":null}},"63":{"start":{"line":188,"column":8},"end":{"line":188,"column":null}},"64":{"start":{"line":190,"column":8},"end":{"line":190,"column":null}},"65":{"start":{"line":192,"column":8},"end":{"line":192,"column":null}},"66":{"start":{"line":196,"column":2},"end":{"line":237,"column":null}},"67":{"start":{"line":242,"column":24},"end":{"line":248,"column":null}},"68":{"start":{"line":243,"column":18},"end":{"line":243,"column":null}},"69":{"start":{"line":244,"column":2},"end":{"line":246,"column":null}},"70":{"start":{"line":245,"column":4},"end":{"line":245,"column":null}},"71":{"start":{"line":247,"column":2},"end":{"line":247,"column":null}}},"fnMap":{"0":{"name":"(anonymous_0)","decl":{"start":{"line":17,"column":29},"end":{"line":17,"column":30}},"loc":{"start":{"line":17,"column":47},"end":{"line":134,"column":null}}},"1":{"name":"(anonymous_1)","decl":{"start":{"line":21,"column":32},"end":{"line":21,"column":33}},"loc":{"start":{"line":32,"column":8},"end":{"line":66,"column":5}}},"2":{"name":"(anonymous_2)","decl":{"start":{"line":56,"column":14},"end":{"line":56,"column":22}},"loc":{"start":{"line":56,"column":22},"end":{"line":56,"column":38}}},"3":{"name":"(anonymous_3)","decl":{"start":{"line":60,"column":17},"end":{"line":60,"column":23}},"loc":{"start":{"line":60,"column":23},"end":{"line":62,"column":9}}},"4":{"name":"(anonymous_4)","decl":{"start":{"line":68,"column":34},"end":{"line":68,"column":35}},"loc":{"start":{"line":68,"column":42},"end":{"line":70,"column":5}}},"5":{"name":"(anonymous_5)","decl":{"start":{"line":69,"column":14},"end":{"line":69,"column":22}},"loc":{"start":{"line":69,"column":22},"end":{"line":69,"column":59}}},"6":{"name":"(anonymous_6)","decl":{"start":{"line":69,"column":34},"end":{"line":69,"column":43}},"loc":{"start":{"line":69,"column":43},"end":{"line":69,"column":58}}},"7":{"name":"(anonymous_7)","decl":{"start":{"line":72,"column":30},"end":{"line":72,"column":31}},"loc":{"start":{"line":72,"column":57},"end":{"line":79,"column":5}}},"8":{"name":"(anonymous_8)","decl":{"start":{"line":81,"column":28},"end":{"line":81,"column":29}},"loc":{"start":{"line":81,"column":55},"end":{"line":87,"column":5}}},"9":{"name":"(anonymous_9)","decl":{"start":{"line":89,"column":27},"end":{"line":89,"column":28}},"loc":{"start":{"line":89,"column":54},"end":{"line":95,"column":5}}},"10":{"name":"(anonymous_10)","decl":{"start":{"line":97,"column":30},"end":{"line":97,"column":31}},"loc":{"start":{"line":97,"column":57},"end":{"line":103,"column":5}}},"11":{"name":"(anonymous_11)","decl":{"start":{"line":105,"column":30},"end":{"line":105,"column":31}},"loc":{"start":{"line":105,"column":57},"end":{"line":116,"column":5}}},"12":{"name":"(anonymous_12)","decl":{"start":{"line":106,"column":23},"end":{"line":106,"column":24}},"loc":{"start":{"line":106,"column":36},"end":{"line":115,"column":5}}},"13":{"name":"(anonymous_13)","decl":{"start":{"line":112,"column":19},"end":{"line":112,"column":25}},"loc":{"start":{"line":112,"column":25},"end":{"line":112,"column":null}}},"14":{"name":"(anonymous_14)","decl":{"start":{"line":113,"column":18},"end":{"line":113,"column":24}},"loc":{"start":{"line":113,"column":24},"end":{"line":113,"column":null}}},"15":{"name":"(anonymous_15)","decl":{"start":{"line":137,"column":34},"end":{"line":137,"column":35}},"loc":{"start":{"line":137,"column":63},"end":{"line":148,"column":1}}},"16":{"name":"(anonymous_16)","decl":{"start":{"line":145,"column":68},"end":{"line":145,"column":74}},"loc":{"start":{"line":145,"column":74},"end":{"line":145,"column":103}}},"17":{"name":"(anonymous_17)","decl":{"start":{"line":151,"column":30},"end":{"line":151,"column":31}},"loc":{"start":{"line":151,"column":54},"end":{"line":239,"column":1}}},"18":{"name":"(anonymous_18)","decl":{"start":{"line":152,"column":24},"end":{"line":152,"column":30}},"loc":{"start":{"line":152,"column":30},"end":{"line":157,"column":null}}},"19":{"name":"(anonymous_19)","decl":{"start":{"line":159,"column":23},"end":{"line":159,"column":29}},"loc":{"start":{"line":159,"column":29},"end":{"line":164,"column":null}}},"20":{"name":"(anonymous_20)","decl":{"start":{"line":166,"column":18},"end":{"line":166,"column":24}},"loc":{"start":{"line":166,"column":24},"end":{"line":179,"column":null}}},"21":{"name":"(anonymous_21)","decl":{"start":{"line":181,"column":23},"end":{"line":181,"column":29}},"loc":{"start":{"line":181,"column":29},"end":{"line":194,"column":null}}},"22":{"name":"(anonymous_22)","decl":{"start":{"line":242,"column":24},"end":{"line":242,"column":30}},"loc":{"start":{"line":242,"column":30},"end":{"line":248,"column":null}}}},"branchMap":{"0":{"loc":{"start":{"line":22,"column":4},"end":{"line":22,"column":null}},"type":"default-arg","locations":[{"start":{"line":22,"column":12},"end":{"line":22,"column":null}}]},"1":{"loc":{"start":{"line":24,"column":4},"end":{"line":24,"column":null}},"type":"default-arg","locations":[{"start":{"line":24,"column":11},"end":{"line":24,"column":null}}]},"2":{"loc":{"start":{"line":25,"column":4},"end":{"line":25,"column":null}},"type":"default-arg","locations":[{"start":{"line":25,"column":18},"end":{"line":25,"column":null}}]},"3":{"loc":{"start":{"line":26,"column":4},"end":{"line":26,"column":null}},"type":"default-arg","locations":[{"start":{"line":26,"column":17},"end":{"line":26,"column":null}}]},"4":{"loc":{"start":{"line":27,"column":4},"end":{"line":27,"column":null}},"type":"default-arg","locations":[{"start":{"line":27,"column":16},"end":{"line":27,"column":null}}]},"5":{"loc":{"start":{"line":28,"column":4},"end":{"line":28,"column":null}},"type":"default-arg","locations":[{"start":{"line":28,"column":15},"end":{"line":28,"column":null}}]},"6":{"loc":{"start":{"line":29,"column":4},"end":{"line":29,"column":null}},"type":"default-arg","locations":[{"start":{"line":29,"column":17},"end":{"line":29,"column":null}}]},"7":{"loc":{"start":{"line":30,"column":4},"end":{"line":30,"column":null}},"type":"default-arg","locations":[{"start":{"line":30,"column":16},"end":{"line":30,"column":null}}]},"8":{"loc":{"start":{"line":31,"column":4},"end":{"line":31,"column":null}},"type":"default-arg","locations":[{"start":{"line":31,"column":15},"end":{"line":31,"column":null}}]},"9":{"loc":{"start":{"line":35,"column":4},"end":{"line":37,"column":null}},"type":"if","locations":[{"start":{"line":35,"column":4},"end":{"line":37,"column":null}}]},"10":{"loc":{"start":{"line":59,"column":4},"end":{"line":63,"column":null}},"type":"if","locations":[{"start":{"line":59,"column":4},"end":{"line":63,"column":null}}]},"11":{"loc":{"start":{"line":72,"column":40},"end":{"line":72,"column":57}},"type":"default-arg","locations":[{"start":{"line":72,"column":50},"end":{"line":72,"column":57}}]},"12":{"loc":{"start":{"line":81,"column":38},"end":{"line":81,"column":55}},"type":"default-arg","locations":[{"start":{"line":81,"column":48},"end":{"line":81,"column":55}}]},"13":{"loc":{"start":{"line":89,"column":37},"end":{"line":89,"column":54}},"type":"default-arg","locations":[{"start":{"line":89,"column":47},"end":{"line":89,"column":54}}]},"14":{"loc":{"start":{"line":97,"column":40},"end":{"line":97,"column":57}},"type":"default-arg","locations":[{"start":{"line":97,"column":50},"end":{"line":97,"column":57}}]},"15":{"loc":{"start":{"line":105,"column":40},"end":{"line":105,"column":57}},"type":"default-arg","locations":[{"start":{"line":105,"column":50},"end":{"line":105,"column":57}}]},"16":{"loc":{"start":{"line":141,"column":2},"end":{"line":141,"column":null}},"type":"if","locations":[{"start":{"line":141,"column":2},"end":{"line":141,"column":null}}]},"17":{"loc":{"start":{"line":153,"column":4},"end":{"line":155,"column":null}},"type":"if","locations":[{"start":{"line":153,"column":4},"end":{"line":155,"column":null}}]},"18":{"loc":{"start":{"line":160,"column":4},"end":{"line":162,"column":null}},"type":"if","locations":[{"start":{"line":160,"column":4},"end":{"line":162,"column":null}}]},"19":{"loc":{"start":{"line":167,"column":4},"end":{"line":178,"column":null}},"type":"switch","locations":[{"start":{"line":168,"column":6},"end":{"line":169,"column":null}},{"start":{"line":170,"column":6},"end":{"line":171,"column":null}},{"start":{"line":172,"column":6},"end":{"line":173,"column":null}},{"start":{"line":174,"column":6},"end":{"line":175,"column":null}},{"start":{"line":176,"column":6},"end":{"line":177,"column":null}}]},"20":{"loc":{"start":{"line":182,"column":4},"end":{"line":193,"column":null}},"type":"switch","locations":[{"start":{"line":183,"column":6},"end":{"line":184,"column":null}},{"start":{"line":185,"column":6},"end":{"line":186,"column":null}},{"start":{"line":187,"column":6},"end":{"line":188,"column":null}},{"start":{"line":189,"column":6},"end":{"line":190,"column":null}},{"start":{"line":191,"column":6},"end":{"line":192,"column":null}}]},"21":{"loc":{"start":{"line":198,"column":46},"end":{"line":198,"column":87}},"type":"cond-expr","locations":[{"start":{"line":198,"column":66},"end":{"line":198,"column":76}},{"start":{"line":198,"column":76},"end":{"line":198,"column":87}}]},"22":{"loc":{"start":{"line":201,"column":11},"end":{"line":207,"column":null}},"type":"binary-expr","locations":[{"start":{"line":201,"column":11},"end":{"line":201,"column":null}},{"start":{"line":202,"column":12},"end":{"line":207,"column":null}}]},"23":{"loc":{"start":{"line":211,"column":13},"end":{"line":214,"column":null}},"type":"binary-expr","locations":[{"start":{"line":211,"column":13},"end":{"line":211,"column":null}},{"start":{"line":212,"column":14},"end":{"line":214,"column":null}}]},"24":{"loc":{"start":{"line":220,"column":13},"end":{"line":226,"column":null}},"type":"binary-expr","locations":[{"start":{"line":220,"column":13},"end":{"line":220,"column":null}},{"start":{"line":221,"column":14},"end":{"line":226,"column":null}}]},"25":{"loc":{"start":{"line":244,"column":2},"end":{"line":246,"column":null}},"type":"if","locations":[{"start":{"line":244,"column":2},"end":{"line":246,"column":null}}]}},"s":{"0":9,"1":9,"2":9,"3":81,"4":81,"5":81,"6":53,"7":53,"8":16,"9":37,"10":37,"11":37,"12":37,"13":37,"14":37,"15":0,"16":0,"17":37,"18":81,"19":0,"20":0,"21":0,"22":81,"23":0,"24":81,"25":8,"26":81,"27":11,"28":81,"29":3,"30":81,"31":7,"32":7,"33":0,"34":0,"35":81,"36":81,"37":9,"38":81,"39":81,"40":44,"41":37,"42":0,"43":9,"44":37,"45":0,"46":0,"47":0,"48":37,"49":0,"50":0,"51":0,"52":37,"53":37,"54":0,"55":8,"56":0,"57":13,"58":16,"59":37,"60":37,"61":0,"62":8,"63":0,"64":13,"65":16,"66":37,"67":9,"68":81,"69":81,"70":0,"71":81},"f":{"0":81,"1":53,"2":37,"3":0,"4":0,"5":0,"6":0,"7":0,"8":8,"9":11,"10":3,"11":7,"12":7,"13":0,"14":0,"15":81,"16":0,"17":37,"18":0,"19":0,"20":37,"21":37,"22":81},"b":{"0":[42],"1":[0],"2":[40],"3":[40],"4":[46],"5":[46],"6":[40],"7":[50],"8":[50],"9":[16],"10":[0],"11":[0],"12":[8],"13":[0],"14":[0],"15":[0],"16":[44],"17":[0],"18":[0],"19":[0,8,0,13,16],"20":[0,8,0,13,16],"21":[24,13],"22":[37,11],"23":[37,26],"24":[37,13],"25":[0]}}
,"F:/25T2/COMP9900/Project/capstone-project-25t2-9900-h18b-donut/src/components/StudentHelp.jsx": {"path":"F:/25T2/COMP9900/Project/capstone-project-25t2-9900-h18b-donut/src/components/StudentHelp.jsx","statementMap":{"0":{"start":{"line":6,"column":23},"end":{"line":6,"column":null}},"1":{"start":{"line":7,"column":38},"end":{"line":7,"column":null}},"2":{"start":{"line":8,"column":46},"end":{"line":8,"column":null}},"3":{"start":{"line":9,"column":40},"end":{"line":9,"column":null}},"4":{"start":{"line":10,"column":44},"end":{"line":10,"column":null}},"5":{"start":{"line":11,"column":48},"end":{"line":11,"column":null}},"6":{"start":{"line":13,"column":21},"end":{"line":20,"column":null}},"7":{"start":{"line":22,"column":22},"end":{"line":92,"column":null}},"8":{"start":{"line":95,"column":23},"end":{"line":99,"column":null}},"9":{"start":{"line":103,"column":26},"end":{"line":112,"column":null}},"10":{"start":{"line":104,"column":26},"end":{"line":107,"column":null}},"11":{"start":{"line":107,"column":28},"end":{"line":107,"column":80}},"12":{"start":{"line":109,"column":28},"end":{"line":109,"column":null}},"13":{"start":{"line":111,"column":4},"end":{"line":111,"column":null}},"14":{"start":{"line":114,"column":20},"end":{"line":116,"column":null}},"15":{"start":{"line":115,"column":4},"end":{"line":115,"column":null}},"16":{"start":{"line":118,"column":25},"end":{"line":124,"column":null}},"17":{"start":{"line":119,"column":4},"end":{"line":122,"column":null}},"18":{"start":{"line":119,"column":30},"end":{"line":122,"column":6}},"19":{"start":{"line":126,"column":24},"end":{"line":131,"column":null}},"20":{"start":{"line":127,"column":4},"end":{"line":130,"column":null}},"21":{"start":{"line":128,"column":6},"end":{"line":128,"column":null}},"22":{"start":{"line":129,"column":6},"end":{"line":129,"column":null}},"23":{"start":{"line":133,"column":2},"end":{"line":326,"column":null}},"24":{"start":{"line":145,"column":12},"end":{"line":156,"column":null}},"25":{"start":{"line":168,"column":29},"end":{"line":168,"column":null}},"26":{"start":{"line":180,"column":12},"end":{"line":187,"column":null}},"27":{"start":{"line":183,"column":29},"end":{"line":183,"column":null}},"28":{"start":{"line":207,"column":12},"end":{"line":252,"column":null}},"29":{"start":{"line":210,"column":31},"end":{"line":210,"column":null}},"30":{"start":{"line":211,"column":34},"end":{"line":211,"column":null}},"31":{"start":{"line":236,"column":39},"end":{"line":236,"column":null}},"32":{"start":{"line":243,"column":39},"end":{"line":243,"column":null}},"33":{"start":{"line":274,"column":29},"end":{"line":274,"column":null}},"34":{"start":{"line":319,"column":74},"end":{"line":319,"column":101}},"35":{"start":{"line":328,"column":1},"end":{"line":6,"column":23}},"36":{"start":{"line":6,"column":20},"end":{"line":null,"column":-1}},"37":{"start":{"line":330,"column":27},"end":{"line":330,"column":null}},"38":{"start":{"line":3,"column":21},"end":{"line":75,"column":null}},"39":{"start":{"line":77,"column":13},"end":{"line":81,"column":null}},"40":{"start":{"line":83,"column":14},"end":{"line":86,"column":null}},"41":{"start":{"line":84,"column":25},"end":{"line":84,"column":null}},"42":{"start":{"line":84,"column":56},"end":{"line":84,"column":null}},"43":{"start":{"line":85,"column":4},"end":{"line":85,"column":null}},"44":{"start":{"line":86,"column":4},"end":{"line":86,"column":null}},"45":{"start":{"line":88,"column":16},"end":{"line":89,"column":null}},"46":{"start":{"line":91,"column":24},"end":{"line":96,"column":null}},"47":{"start":{"line":92,"column":4},"end":{"line":96,"column":13}},"48":{"start":{"line":92,"column":4},"end":{"line":96,"column":6}},"49":{"start":{"line":98,"column":13},"end":{"line":109,"column":10}},"50":{"start":{"line":99,"column":4},"end":{"line":104,"column":10}},"51":{"start":{"line":99,"column":87},"end":{"line":99,"column":null}},"52":{"start":{"line":103,"column":2},"end":{"line":103,"column":26}},"53":{"start":{"line":111,"column":4},"end":{"line":319,"column":15}},"54":{"start":{"line":136,"column":33},"end":{"line":154,"column":17}},"55":{"start":{"line":145,"column":12},"end":{"line":145,"column":13}},"56":{"start":{"line":164,"column":10},"end":{"line":177,"column":9}},"57":{"start":{"line":163,"column":8},"end":{"line":163,"column":9}},"58":{"start":{"line":196,"column":10},"end":{"line":233,"column":21}},"59":{"start":{"line":194,"column":8},"end":{"line":194,"column":9}},"60":{"start":{"line":222,"column":26},"end":{"line":222,"column":null}},"61":{"start":{"line":233,"column":20},"end":{"line":233,"column":null}},"62":{"start":{"line":264,"column":12},"end":{"line":264,"column":13}},"63":{"start":{"line":312,"column":28},"end":{"line":312,"column":null}}},"fnMap":{"0":{"name":"StudentHelp","decl":{"start":{"line":6,"column":9},"end":{"line":6,"column":20}},"loc":{"start":{"line":6,"column":23},"end":{"line":328,"column":1}}},"1":{"name":"(anonymous_1)","decl":{"start":{"line":103,"column":45},"end":{"line":103,"column":53}},"loc":{"start":{"line":103,"column":53},"end":{"line":112,"column":3}}},"2":{"name":"(anonymous_2)","decl":{"start":{"line":107,"column":21},"end":{"line":107,"column":28}},"loc":{"start":{"line":107,"column":28},"end":{"line":107,"column":80}}},"3":{"name":"(anonymous_3)","decl":{"start":{"line":114,"column":20},"end":{"line":114,"column":21}},"loc":{"start":{"line":114,"column":28},"end":{"line":116,"column":null}}},"4":{"name":"(anonymous_4)","decl":{"start":{"line":118,"column":25},"end":{"line":118,"column":26}},"loc":{"start":{"line":118,"column":47},"end":{"line":124,"column":null}}},"5":{"name":"(anonymous_5)","decl":{"start":{"line":119,"column":21},"end":{"line":119,"column":30}},"loc":{"start":{"line":119,"column":30},"end":{"line":122,"column":6}}},"6":{"name":"(anonymous_6)","decl":{"start":{"line":126,"column":24},"end":{"line":126,"column":25}},"loc":{"start":{"line":126,"column":38},"end":{"line":131,"column":null}}},"7":{"name":"(anonymous_7)","decl":{"start":{"line":144,"column":28},"end":{"line":144,"column":29}},"loc":{"start":{"line":145,"column":12},"end":{"line":156,"column":null}}},"8":{"name":"(anonymous_8)","decl":{"start":{"line":168,"column":22},"end":{"line":168,"column":23}},"loc":{"start":{"line":168,"column":29},"end":{"line":168,"column":null}}},"9":{"name":"(anonymous_9)","decl":{"start":{"line":179,"column":42},"end":{"line":179,"column":43}},"loc":{"start":{"line":180,"column":12},"end":{"line":187,"column":null}}},"10":{"name":"(anonymous_10)","decl":{"start":{"line":183,"column":23},"end":{"line":183,"column":29}},"loc":{"start":{"line":183,"column":29},"end":{"line":183,"column":null}}},"11":{"name":"(anonymous_11)","decl":{"start":{"line":206,"column":30},"end":{"line":206,"column":31}},"loc":{"start":{"line":207,"column":12},"end":{"line":252,"column":null}}},"12":{"name":"(anonymous_12)","decl":{"start":{"line":210,"column":25},"end":{"line":210,"column":31}},"loc":{"start":{"line":210,"column":31},"end":{"line":210,"column":null}}},"13":{"name":"(anonymous_13)","decl":{"start":{"line":211,"column":27},"end":{"line":211,"column":28}},"loc":{"start":{"line":211,"column":34},"end":{"line":211,"column":null}}},"14":{"name":"(anonymous_14)","decl":{"start":{"line":236,"column":33},"end":{"line":236,"column":39}},"loc":{"start":{"line":236,"column":39},"end":{"line":236,"column":null}}},"15":{"name":"(anonymous_15)","decl":{"start":{"line":243,"column":33},"end":{"line":243,"column":39}},"loc":{"start":{"line":243,"column":39},"end":{"line":243,"column":null}}},"16":{"name":"(anonymous_16)","decl":{"start":{"line":274,"column":23},"end":{"line":274,"column":29}},"loc":{"start":{"line":274,"column":29},"end":{"line":274,"column":null}}},"17":{"name":"(anonymous_17)","decl":{"start":{"line":319,"column":68},"end":{"line":319,"column":74}},"loc":{"start":{"line":319,"column":74},"end":{"line":319,"column":101}}},"18":{"name":"(anonymous_1)","decl":{"start":{"line":83,"column":14},"end":{"line":83,"column":null}},"loc":{"start":{"line":83,"column":14},"end":{"line":86,"column":null}}},"19":{"name":"(anonymous_2)","decl":{"start":{"line":84,"column":56},"end":{"line":84,"column":null}},"loc":{"start":{"line":84,"column":56},"end":{"line":84,"column":null}}},"20":{"name":"(anonymous_3)","decl":{"start":{"line":88,"column":16},"end":{"line":88,"column":null}},"loc":{"start":{"line":88,"column":16},"end":{"line":89,"column":null}}},"21":{"name":"(anonymous_4)","decl":{"start":{"line":91,"column":24},"end":{"line":91,"column":33}},"loc":{"start":{"line":91,"column":45},"end":{"line":96,"column":null}}},"22":{"name":"(anonymous_5)","decl":{"start":{"line":92,"column":4},"end":{"line":92,"column":5}},"loc":{"start":{"line":92,"column":4},"end":{"line":96,"column":6}}},"23":{"name":"(anonymous_6)","decl":{"start":{"line":98,"column":13},"end":{"line":98,"column":39}},"loc":{"start":{"line":98,"column":13},"end":{"line":109,"column":10}}},"24":{"name":"(anonymous_7)","decl":{"start":{"line":136,"column":33},"end":{"line":136,"column":null}},"loc":{"start":{"line":136,"column":33},"end":{"line":154,"column":17}}},"25":{"name":"(anonymous_8)","decl":{"start":{"line":145,"column":12},"end":{"line":145,"column":13}},"loc":{"start":{"line":145,"column":12},"end":{"line":145,"column":13}}},"26":{"name":"(anonymous_9)","decl":{"start":{"line":164,"column":10},"end":{"line":164,"column":11}},"loc":{"start":{"line":164,"column":10},"end":{"line":177,"column":9}}},"27":{"name":"(anonymous_10)","decl":{"start":{"line":163,"column":8},"end":{"line":163,"column":9}},"loc":{"start":{"line":163,"column":8},"end":{"line":163,"column":9}}},"28":{"name":"(anonymous_11)","decl":{"start":{"line":196,"column":10},"end":{"line":196,"column":11}},"loc":{"start":{"line":196,"column":10},"end":{"line":233,"column":21}}},"29":{"name":"(anonymous_12)","decl":{"start":{"line":194,"column":8},"end":{"line":194,"column":9}},"loc":{"start":{"line":194,"column":8},"end":{"line":194,"column":9}}},"30":{"name":"(anonymous_14)","decl":{"start":{"line":222,"column":26},"end":{"line":222,"column":null}},"loc":{"start":{"line":222,"column":26},"end":{"line":222,"column":null}}},"31":{"name":"(anonymous_15)","decl":{"start":{"line":233,"column":20},"end":{"line":233,"column":21}},"loc":{"start":{"line":233,"column":20},"end":{"line":233,"column":null}}},"32":{"name":"(anonymous_16)","decl":{"start":{"line":264,"column":12},"end":{"line":264,"column":13}},"loc":{"start":{"line":264,"column":12},"end":{"line":264,"column":13}}},"33":{"name":"(anonymous_17)","decl":{"start":{"line":312,"column":28},"end":{"line":312,"column":null}},"loc":{"start":{"line":312,"column":28},"end":{"line":312,"column":null}}}},"branchMap":{"0":{"loc":{"start":{"line":104,"column":26},"end":{"line":107,"column":null}},"type":"binary-expr","locations":[{"start":{"line":104,"column":26},"end":{"line":104,"column":null}},{"start":{"line":105,"column":6},"end":{"line":105,"column":null}},{"start":{"line":106,"column":6},"end":{"line":106,"column":null}},{"start":{"line":107,"column":6},"end":{"line":107,"column":null}}]},"1":{"loc":{"start":{"line":109,"column":28},"end":{"line":109,"column":null}},"type":"binary-expr","locations":[{"start":{"line":109,"column":28},"end":{"line":109,"column":56}},{"start":{"line":109,"column":56},"end":{"line":109,"column":null}}]},"2":{"loc":{"start":{"line":111,"column":11},"end":{"line":111,"column":null}},"type":"binary-expr","locations":[{"start":{"line":111,"column":11},"end":{"line":111,"column":28}},{"start":{"line":111,"column":28},"end":{"line":111,"column":null}}]},"3":{"loc":{"start":{"line":115,"column":19},"end":{"line":115,"column":49}},"type":"cond-expr","locations":[{"start":{"line":115,"column":40},"end":{"line":115,"column":47}},{"start":{"line":115,"column":47},"end":{"line":115,"column":49}}]},"4":{"loc":{"start":{"line":127,"column":4},"end":{"line":130,"column":null}},"type":"if","locations":[{"start":{"line":127,"column":4},"end":{"line":130,"column":null}}]},"5":{"loc":{"start":{"line":127,"column":8},"end":{"line":127,"column":44}},"type":"binary-expr","locations":[{"start":{"line":127,"column":8},"end":{"line":127,"column":29}},{"start":{"line":127,"column":29},"end":{"line":127,"column":44}}]},"6":{"loc":{"start":{"line":182,"column":41},"end":{"line":182,"column":79}},"type":"cond-expr","locations":[{"start":{"line":182,"column":66},"end":{"line":182,"column":77}},{"start":{"line":182,"column":77},"end":{"line":182,"column":79}}]},"7":{"loc":{"start":{"line":197,"column":44},"end":{"line":197,"column":84}},"type":"cond-expr","locations":[{"start":{"line":197,"column":75},"end":{"line":197,"column":81}},{"start":{"line":197,"column":81},"end":{"line":197,"column":84}}]},"8":{"loc":{"start":{"line":201,"column":9},"end":{"line":253,"column":null}},"type":"cond-expr","locations":[{"start":{"line":202,"column":10},"end":{"line":204,"column":null}},{"start":{"line":206,"column":10},"end":{"line":253,"column":null}}]},"9":{"loc":{"start":{"line":209,"column":43},"end":{"line":209,"column":80}},"type":"cond-expr","locations":[{"start":{"line":209,"column":69},"end":{"line":209,"column":78}},{"start":{"line":209,"column":78},"end":{"line":209,"column":80}}]},"10":{"loc":{"start":{"line":224,"column":29},"end":{"line":224,"column":null}},"type":"cond-expr","locations":[{"start":{"line":224,"column":55},"end":{"line":224,"column":65}},{"start":{"line":224,"column":65},"end":{"line":224,"column":null}}]},"11":{"loc":{"start":{"line":225,"column":27},"end":{"line":225,"column":null}},"type":"cond-expr","locations":[{"start":{"line":225,"column":53},"end":{"line":225,"column":62}},{"start":{"line":225,"column":62},"end":{"line":225,"column":null}}]},"12":{"loc":{"start":{"line":230,"column":17},"end":{"line":249,"column":null}},"type":"binary-expr","locations":[{"start":{"line":230,"column":17},"end":{"line":230,"column":null}},{"start":{"line":231,"column":18},"end":{"line":249,"column":null}}]},"13":{"loc":{"start":{"line":235,"column":51},"end":{"line":235,"column":98}},"type":"cond-expr","locations":[{"start":{"line":235,"column":85},"end":{"line":235,"column":96}},{"start":{"line":235,"column":96},"end":{"line":235,"column":98}}]},"14":{"loc":{"start":{"line":242,"column":51},"end":{"line":242,"column":99}},"type":"cond-expr","locations":[{"start":{"line":242,"column":86},"end":{"line":242,"column":97}},{"start":{"line":242,"column":97},"end":{"line":242,"column":99}}]},"15":{"loc":{"start":{"line":276,"column":15},"end":{"line":276,"column":null}},"type":"cond-expr","locations":[{"start":{"line":276,"column":33},"end":{"line":276,"column":47}},{"start":{"line":276,"column":47},"end":{"line":276,"column":null}}]},"16":{"loc":{"start":{"line":281,"column":9},"end":{"line":323,"column":null}},"type":"binary-expr","locations":[{"start":{"line":281,"column":9},"end":{"line":281,"column":null}},{"start":{"line":282,"column":10},"end":{"line":323,"column":null}}]},"17":{"loc":{"start":{"line":84,"column":25},"end":{"line":84,"column":null}},"type":"binary-expr","locations":[{"start":{"line":84,"column":25},"end":{"line":84,"column":46}},{"start":{"line":84,"column":46},"end":{"line":84,"column":null}},{"start":{"line":84,"column":56},"end":{"line":84,"column":null}},{"start":{"line":84,"column":56},"end":{"line":84,"column":null}}]},"18":{"loc":{"start":{"line":85,"column":4},"end":{"line":85,"column":null}},"type":"binary-expr","locations":[{"start":{"line":85,"column":4},"end":{"line":85,"column":null}},{"start":{"line":85,"column":4},"end":{"line":85,"column":null}}]},"19":{"loc":{"start":{"line":86,"column":4},"end":{"line":86,"column":null}},"type":"binary-expr","locations":[{"start":{"line":86,"column":4},"end":{"line":86,"column":null}},{"start":{"line":86,"column":4},"end":{"line":86,"column":null}}]},"20":{"loc":{"start":{"line":89,"column":16},"end":{"line":89,"column":null}},"type":"cond-expr","locations":[{"start":{"line":89,"column":16},"end":{"line":89,"column":null}},{"start":{"line":89,"column":16},"end":{"line":89,"column":null}}]},"21":{"loc":{"start":{"line":99,"column":4},"end":{"line":104,"column":10}},"type":"if","locations":[{"start":{"line":99,"column":4},"end":{"line":104,"column":10}}]},"22":{"loc":{"start":{"line":99,"column":6},"end":{"line":99,"column":51}},"type":"binary-expr","locations":[{"start":{"line":99,"column":6},"end":{"line":99,"column":30}},{"start":{"line":99,"column":13},"end":{"line":99,"column":51}}]},"23":{"loc":{"start":{"line":164,"column":10},"end":{"line":164,"column":11}},"type":"cond-expr","locations":[{"start":{"line":164,"column":10},"end":{"line":164,"column":11}},{"start":{"line":164,"column":10},"end":{"line":164,"column":11}}]},"24":{"loc":{"start":{"line":187,"column":12},"end":{"line":187,"column":null}},"type":"cond-expr","locations":[{"start":{"line":187,"column":12},"end":{"line":187,"column":null}},{"start":{"line":187,"column":12},"end":{"line":187,"column":null}}]},"25":{"loc":{"start":{"line":194,"column":8},"end":{"line":233,"column":21}},"type":"cond-expr","locations":[{"start":{"line":194,"column":23},"end":{"line":196,"column":11}},{"start":{"line":196,"column":10},"end":{"line":233,"column":21}}]},"26":{"loc":{"start":{"line":194,"column":8},"end":{"line":194,"column":9}},"type":"cond-expr","locations":[{"start":{"line":194,"column":8},"end":{"line":194,"column":9}},{"start":{"line":194,"column":8},"end":{"line":194,"column":9}}]},"27":{"loc":{"start":{"line":217,"column":16},"end":{"line":217,"column":17}},"type":"cond-expr","locations":[{"start":{"line":217,"column":16},"end":{"line":217,"column":17}},{"start":{"line":217,"column":16},"end":{"line":217,"column":17}}]},"28":{"loc":{"start":{"line":208,"column":14},"end":{"line":242,"column":null}},"type":"binary-expr","locations":[{"start":{"line":208,"column":14},"end":{"line":208,"column":15}},{"start":{"line":208,"column":14},"end":{"line":242,"column":null}}]},"29":{"loc":{"start":{"line":221,"column":41},"end":{"line":221,"column":null}},"type":"cond-expr","locations":[{"start":{"line":221,"column":41},"end":{"line":221,"column":null}},{"start":{"line":221,"column":41},"end":{"line":221,"column":null}}]},"30":{"loc":{"start":{"line":232,"column":43},"end":{"line":232,"column":null}},"type":"cond-expr","locations":[{"start":{"line":232,"column":43},"end":{"line":232,"column":null}},{"start":{"line":232,"column":43},"end":{"line":232,"column":null}}]},"31":{"loc":{"start":{"line":264,"column":12},"end":{"line":264,"column":13}},"type":"cond-expr","locations":[{"start":{"line":264,"column":12},"end":{"line":264,"column":13}},{"start":{"line":264,"column":12},"end":{"line":264,"column":13}}]},"32":{"loc":{"start":{"line":272,"column":13},"end":{"line":307,"column":13}},"type":"binary-expr","locations":[{"start":{"line":272,"column":13},"end":{"line":273,"column":24}},{"start":{"line":273,"column":24},"end":{"line":307,"column":13}}]}},"s":{"0":2320,"1":2320,"2":2320,"3":2320,"4":2320,"5":2320,"6":2320,"7":116,"8":116,"9":116,"10":3364,"11":3562,"12":1160,"13":3364,"14":2320,"15":2212,"16":2320,"17":2208,"18":2208,"19":2320,"20":2210,"21":2210,"22":2210,"23":116,"24":2668,"25":2253,"26":2900,"27":2210,"28":2994,"29":15012,"30":15016,"31":15012,"32":15012,"33":2213,"34":2209,"35":8,"36":8,"37":8,"38":2204,"39":2320,"40":2320,"41":22156,"42":25918,"43":22156,"44":22156,"45":2588,"46":2204,"47":76,"48":76,"49":2204,"50":114,"51":114,"52":114,"53":2204,"54":8932,"55":1395,"56":13340,"57":230,"58":15126,"59":384,"60":828,"61":828,"62":287,"63":211},"f":{"0":116,"1":3364,"2":1472,"3":2212,"4":2208,"5":2208,"6":2210,"7":2668,"8":2253,"9":2900,"10":2210,"11":2994,"12":15012,"13":15016,"14":15012,"15":15012,"16":2213,"17":2209,"18":22156,"19":25918,"20":268,"21":192,"22":192,"23":230,"24":8932,"25":1395,"26":13340,"27":230,"28":15126,"29":384,"30":828,"31":828,"32":287,"33":211},"b":{"0":[1160,490,378,322],"1":[1160,60],"2":[1160,838],"3":[3,5],"4":[6],"5":[6,3],"6":[116,580],"7":[88,2232],"8":[0,116],"9":[9,2985],"10":[15019,952],"11":[15019,952],"12":[790,9],"13":[15012,178],"14":[15012,178],"15":[2213,278],"16":[116,9],"17":[22040,9310,7182,6118],"18":[22040,1140],"19":[22040,15922],"20":[57,95],"21":[114],"22":[114,57],"23":[2204,11020],"24":[1672,532],"25":[0,2204],"26":[171,14839],"27":[342,29910],"28":[15010,287],"29":[38,249],"30":[828,142],"31":[171,2033],"32":[2204,171]}}
,"F:/25T2/COMP9900/Project/capstone-project-25t2-9900-h18b-donut/src/components/VideoUpload.jsx": {"path":"F:/25T2/COMP9900/Project/capstone-project-25t2-9900-h18b-donut/src/components/VideoUpload.jsx","statementMap":{"0":{"start":{"line":5,"column":20},"end":{"line":494,"column":null}},"1":{"start":{"line":6,"column":38},"end":{"line":6,"column":null}},"2":{"start":{"line":7,"column":42},"end":{"line":7,"column":null}},"3":{"start":{"line":8,"column":32},"end":{"line":8,"column":null}},"4":{"start":{"line":9,"column":36},"end":{"line":9,"column":null}},"5":{"start":{"line":10,"column":28},"end":{"line":10,"column":null}},"6":{"start":{"line":11,"column":38},"end":{"line":11,"column":null}},"7":{"start":{"line":12,"column":50},"end":{"line":12,"column":null}},"8":{"start":{"line":14,"column":2},"end":{"line":18,"column":null}},"9":{"start":{"line":15,"column":4},"end":{"line":17,"column":null}},"10":{"start":{"line":16,"column":6},"end":{"line":16,"column":null}},"11":{"start":{"line":20,"column":27},"end":{"line":42,"column":null}},"12":{"start":{"line":21,"column":4},"end":{"line":21,"column":null}},"13":{"start":{"line":21,"column":37},"end":{"line":21,"column":null}},"14":{"start":{"line":23,"column":4},"end":{"line":41,"column":null}},"15":{"start":{"line":24,"column":6},"end":{"line":24,"column":null}},"16":{"start":{"line":25,"column":23},"end":{"line":25,"column":null}},"17":{"start":{"line":26,"column":6},"end":{"line":35,"column":null}},"18":{"start":{"line":27,"column":21},"end":{"line":27,"column":null}},"19":{"start":{"line":28,"column":8},"end":{"line":34,"column":null}},"20":{"start":{"line":29,"column":10},"end":{"line":33,"column":null}},"21":{"start":{"line":37,"column":6},"end":{"line":37,"column":null}},"22":{"start":{"line":38,"column":6},"end":{"line":38,"column":null}},"23":{"start":{"line":40,"column":6},"end":{"line":40,"column":null}},"24":{"start":{"line":44,"column":28},"end":{"line":92,"column":null}},"25":{"start":{"line":45,"column":4},"end":{"line":48,"column":null}},"26":{"start":{"line":46,"column":6},"end":{"line":46,"column":null}},"27":{"start":{"line":47,"column":6},"end":{"line":47,"column":null}},"28":{"start":{"line":50,"column":4},"end":{"line":53,"column":null}},"29":{"start":{"line":51,"column":6},"end":{"line":51,"column":null}},"30":{"start":{"line":52,"column":6},"end":{"line":52,"column":null}},"31":{"start":{"line":55,"column":4},"end":{"line":55,"column":null}},"32":{"start":{"line":56,"column":4},"end":{"line":56,"column":null}},"33":{"start":{"line":58,"column":21},"end":{"line":58,"column":null}},"34":{"start":{"line":59,"column":4},"end":{"line":59,"column":null}},"35":{"start":{"line":61,"column":4},"end":{"line":91,"column":null}},"36":{"start":{"line":62,"column":23},"end":{"line":65,"column":null}},"37":{"start":{"line":67,"column":6},"end":{"line":85,"column":null}},"38":{"start":{"line":68,"column":23},"end":{"line":68,"column":null}},"39":{"start":{"line":69,"column":26},"end":{"line":73,"column":null}},"40":{"start":{"line":75,"column":8},"end":{"line":75,"column":null}},"41":{"start":{"line":77,"column":8},"end":{"line":79,"column":null}},"42":{"start":{"line":78,"column":10},"end":{"line":78,"column":null}},"43":{"start":{"line":81,"column":8},"end":{"line":81,"column":null}},"44":{"start":{"line":83,"column":26},"end":{"line":83,"column":null}},"45":{"start":{"line":84,"column":8},"end":{"line":84,"column":null}},"46":{"start":{"line":87,"column":6},"end":{"line":87,"column":null}},"47":{"start":{"line":88,"column":6},"end":{"line":88,"column":null}},"48":{"start":{"line":90,"column":6},"end":{"line":90,"column":null}},"49":{"start":{"line":94,"column":30},"end":{"line":143,"column":null}},"50":{"start":{"line":95,"column":4},"end":{"line":98,"column":null}},"51":{"start":{"line":96,"column":6},"end":{"line":96,"column":null}},"52":{"start":{"line":97,"column":6},"end":{"line":97,"column":null}},"53":{"start":{"line":100,"column":4},"end":{"line":103,"column":null}},"54":{"start":{"line":101,"column":6},"end":{"line":101,"column":null}},"55":{"start":{"line":102,"column":6},"end":{"line":102,"column":null}},"56":{"start":{"line":105,"column":4},"end":{"line":105,"column":null}},"57":{"start":{"line":106,"column":4},"end":{"line":106,"column":null}},"58":{"start":{"line":108,"column":4},"end":{"line":142,"column":null}},"59":{"start":{"line":109,"column":23},"end":{"line":115,"column":null}},"60":{"start":{"line":117,"column":6},"end":{"line":136,"column":null}},"61":{"start":{"line":118,"column":23},"end":{"line":118,"column":null}},"62":{"start":{"line":119,"column":26},"end":{"line":123,"column":null}},"63":{"start":{"line":125,"column":8},"end":{"line":125,"column":null}},"64":{"start":{"line":126,"column":8},"end":{"line":126,"column":null}},"65":{"start":{"line":128,"column":8},"end":{"line":130,"column":null}},"66":{"start":{"line":129,"column":10},"end":{"line":129,"column":null}},"67":{"start":{"line":132,"column":8},"end":{"line":132,"column":null}},"68":{"start":{"line":134,"column":26},"end":{"line":134,"column":null}},"69":{"start":{"line":135,"column":8},"end":{"line":135,"column":null}},"70":{"start":{"line":138,"column":6},"end":{"line":138,"column":null}},"71":{"start":{"line":139,"column":6},"end":{"line":139,"column":null}},"72":{"start":{"line":141,"column":6},"end":{"line":141,"column":null}},"73":{"start":{"line":145,"column":28},"end":{"line":173,"column":null}},"74":{"start":{"line":146,"column":4},"end":{"line":152,"column":null}},"75":{"start":{"line":147,"column":6},"end":{"line":147,"column":null}},"76":{"start":{"line":148,"column":6},"end":{"line":150,"column":null}},"77":{"start":{"line":149,"column":8},"end":{"line":149,"column":null}},"78":{"start":{"line":151,"column":6},"end":{"line":151,"column":null}},"79":{"start":{"line":154,"column":4},"end":{"line":172,"column":null}},"80":{"start":{"line":155,"column":23},"end":{"line":157,"column":null}},"81":{"start":{"line":159,"column":6},"end":{"line":168,"column":null}},"82":{"start":{"line":160,"column":8},"end":{"line":160,"column":null}},"83":{"start":{"line":161,"column":8},"end":{"line":163,"column":null}},"84":{"start":{"line":162,"column":10},"end":{"line":162,"column":null}},"85":{"start":{"line":164,"column":8},"end":{"line":164,"column":null}},"86":{"start":{"line":166,"column":26},"end":{"line":166,"column":null}},"87":{"start":{"line":167,"column":8},"end":{"line":167,"column":null}},"88":{"start":{"line":170,"column":6},"end":{"line":170,"column":null}},"89":{"start":{"line":171,"column":6},"end":{"line":171,"column":null}},"90":{"start":{"line":175,"column":27},"end":{"line":197,"column":null}},"91":{"start":{"line":176,"column":17},"end":{"line":176,"column":null}},"92":{"start":{"line":177,"column":4},"end":{"line":193,"column":null}},"93":{"start":{"line":179,"column":27},"end":{"line":179,"column":null}},"94":{"start":{"line":180,"column":6},"end":{"line":183,"column":null}},"95":{"start":{"line":181,"column":8},"end":{"line":181,"column":null}},"96":{"start":{"line":182,"column":8},"end":{"line":182,"column":null}},"97":{"start":{"line":186,"column":22},"end":{"line":186,"column":null}},"98":{"start":{"line":187,"column":6},"end":{"line":190,"column":null}},"99":{"start":{"line":188,"column":8},"end":{"line":188,"column":null}},"100":{"start":{"line":189,"column":8},"end":{"line":189,"column":null}},"101":{"start":{"line":192,"column":6},"end":{"line":192,"column":null}},"102":{"start":{"line":196,"column":4},"end":{"line":196,"column":null}},"103":{"start":{"line":199,"column":21},"end":{"line":221,"column":null}},"104":{"start":{"line":200,"column":4},"end":{"line":200,"column":null}},"105":{"start":{"line":201,"column":4},"end":{"line":201,"column":null}},"106":{"start":{"line":203,"column":17},"end":{"line":203,"column":null}},"107":{"start":{"line":204,"column":4},"end":{"line":220,"column":null}},"108":{"start":{"line":206,"column":27},"end":{"line":206,"column":null}},"109":{"start":{"line":207,"column":6},"end":{"line":210,"column":null}},"110":{"start":{"line":208,"column":8},"end":{"line":208,"column":null}},"111":{"start":{"line":209,"column":8},"end":{"line":209,"column":null}},"112":{"start":{"line":213,"column":22},"end":{"line":213,"column":null}},"113":{"start":{"line":214,"column":6},"end":{"line":217,"column":null}},"114":{"start":{"line":215,"column":8},"end":{"line":215,"column":null}},"115":{"start":{"line":216,"column":8},"end":{"line":216,"column":null}},"116":{"start":{"line":219,"column":6},"end":{"line":219,"column":null}},"117":{"start":{"line":223,"column":2},"end":{"line":232,"column":null}},"118":{"start":{"line":224,"column":4},"end":{"line":230,"column":null}},"119":{"start":{"line":234,"column":2},"end":{"line":492,"column":null}},"120":{"start":{"line":288,"column":22},"end":{"line":288,"column":null}},"121":{"start":{"line":289,"column":39},"end":{"line":289,"column":null}},"122":{"start":{"line":290,"column":22},"end":{"line":292,"column":null}},"123":{"start":{"line":291,"column":24},"end":{"line":291,"column":null}},"124":{"start":{"line":376,"column":16},"end":{"line":376,"column":null}},"125":{"start":{"line":379,"column":16},"end":{"line":379,"column":null}},"126":{"start":{"line":380,"column":16},"end":{"line":380,"column":null}},"127":{"start":{"line":383,"column":34},"end":{"line":383,"column":null}},"128":{"start":{"line":384,"column":16},"end":{"line":386,"column":null}},"129":{"start":{"line":385,"column":18},"end":{"line":385,"column":null}},"130":{"start":{"line":397,"column":16},"end":{"line":397,"column":null}},"131":{"start":{"line":398,"column":16},"end":{"line":398,"column":null}},"132":{"start":{"line":411,"column":35},"end":{"line":411,"column":null}},"133":{"start":{"line":412,"column":36},"end":{"line":412,"column":null}},"134":{"start":{"line":414,"column":36},"end":{"line":414,"column":null}},"135":{"start":{"line":415,"column":18},"end":{"line":417,"column":null}},"136":{"start":{"line":416,"column":20},"end":{"line":416,"column":null}},"137":{"start":{"line":450,"column":35},"end":{"line":450,"column":null}}},"fnMap":{"0":{"name":"(anonymous_0)","decl":{"start":{"line":5,"column":20},"end":{"line":5,"column":21}},"loc":{"start":{"line":5,"column":75},"end":{"line":494,"column":null}}},"1":{"name":"(anonymous_1)","decl":{"start":{"line":14,"column":12},"end":{"line":14,"column":18}},"loc":{"start":{"line":14,"column":18},"end":{"line":18,"column":5}}},"2":{"name":"(anonymous_2)","decl":{"start":{"line":20,"column":27},"end":{"line":20,"column":39}},"loc":{"start":{"line":20,"column":39},"end":{"line":42,"column":null}}},"3":{"name":"(anonymous_3)","decl":{"start":{"line":44,"column":28},"end":{"line":44,"column":35}},"loc":{"start":{"line":44,"column":44},"end":{"line":92,"column":null}}},"4":{"name":"(anonymous_4)","decl":{"start":{"line":94,"column":30},"end":{"line":94,"column":42}},"loc":{"start":{"line":94,"column":42},"end":{"line":143,"column":null}}},"5":{"name":"(anonymous_5)","decl":{"start":{"line":145,"column":28},"end":{"line":145,"column":40}},"loc":{"start":{"line":145,"column":40},"end":{"line":173,"column":null}}},"6":{"name":"(anonymous_6)","decl":{"start":{"line":175,"column":27},"end":{"line":175,"column":28}},"loc":{"start":{"line":175,"column":34},"end":{"line":197,"column":null}}},"7":{"name":"(anonymous_7)","decl":{"start":{"line":199,"column":21},"end":{"line":199,"column":22}},"loc":{"start":{"line":199,"column":28},"end":{"line":221,"column":null}}},"8":{"name":"(anonymous_8)","decl":{"start":{"line":287,"column":29},"end":{"line":287,"column":30}},"loc":{"start":{"line":287,"column":36},"end":{"line":293,"column":null}}},"9":{"name":"(anonymous_9)","decl":{"start":{"line":375,"column":23},"end":{"line":375,"column":24}},"loc":{"start":{"line":375,"column":30},"end":{"line":387,"column":null}}},"10":{"name":"(anonymous_10)","decl":{"start":{"line":396,"column":23},"end":{"line":396,"column":29}},"loc":{"start":{"line":396,"column":29},"end":{"line":399,"column":null}}},"11":{"name":"(anonymous_11)","decl":{"start":{"line":411,"column":28},"end":{"line":411,"column":29}},"loc":{"start":{"line":411,"column":35},"end":{"line":411,"column":null}}},"12":{"name":"(anonymous_12)","decl":{"start":{"line":412,"column":29},"end":{"line":412,"column":30}},"loc":{"start":{"line":412,"column":36},"end":{"line":412,"column":null}}},"13":{"name":"(anonymous_13)","decl":{"start":{"line":413,"column":25},"end":{"line":413,"column":31}},"loc":{"start":{"line":413,"column":31},"end":{"line":418,"column":null}}},"14":{"name":"(anonymous_14)","decl":{"start":{"line":450,"column":28},"end":{"line":450,"column":29}},"loc":{"start":{"line":450,"column":35},"end":{"line":450,"column":null}}}},"branchMap":{"0":{"loc":{"start":{"line":5,"column":31},"end":{"line":5,"column":53}},"type":"default-arg","locations":[{"start":{"line":5,"column":46},"end":{"line":5,"column":53}}]},"1":{"loc":{"start":{"line":15,"column":4},"end":{"line":17,"column":null}},"type":"if","locations":[{"start":{"line":15,"column":4},"end":{"line":17,"column":null}}]},"2":{"loc":{"start":{"line":15,"column":8},"end":{"line":15,"column":33}},"type":"binary-expr","locations":[{"start":{"line":15,"column":8},"end":{"line":15,"column":18}},{"start":{"line":15,"column":18},"end":{"line":15,"column":33}}]},"3":{"loc":{"start":{"line":21,"column":4},"end":{"line":21,"column":null}},"type":"if","locations":[{"start":{"line":21,"column":4},"end":{"line":21,"column":null}}]},"4":{"loc":{"start":{"line":21,"column":8},"end":{"line":21,"column":37}},"type":"binary-expr","locations":[{"start":{"line":21,"column":8},"end":{"line":21,"column":19}},{"start":{"line":21,"column":19},"end":{"line":21,"column":37}}]},"5":{"loc":{"start":{"line":26,"column":6},"end":{"line":35,"column":null}},"type":"if","locations":[{"start":{"line":26,"column":6},"end":{"line":35,"column":null}}]},"6":{"loc":{"start":{"line":28,"column":8},"end":{"line":34,"column":null}},"type":"if","locations":[{"start":{"line":28,"column":8},"end":{"line":34,"column":null}}]},"7":{"loc":{"start":{"line":28,"column":12},"end":{"line":28,"column":68}},"type":"binary-expr","locations":[{"start":{"line":28,"column":12},"end":{"line":28,"column":32}},{"start":{"line":28,"column":32},"end":{"line":28,"column":50}},{"start":{"line":28,"column":50},"end":{"line":28,"column":68}}]},"8":{"loc":{"start":{"line":45,"column":4},"end":{"line":48,"column":null}},"type":"if","locations":[{"start":{"line":45,"column":4},"end":{"line":48,"column":null}}]},"9":{"loc":{"start":{"line":45,"column":8},"end":{"line":45,"column":45}},"type":"binary-expr","locations":[{"start":{"line":45,"column":8},"end":{"line":45,"column":18}},{"start":{"line":45,"column":18},"end":{"line":45,"column":29}},{"start":{"line":45,"column":29},"end":{"line":45,"column":45}}]},"10":{"loc":{"start":{"line":50,"column":4},"end":{"line":53,"column":null}},"type":"if","locations":[{"start":{"line":50,"column":4},"end":{"line":53,"column":null}}]},"11":{"loc":{"start":{"line":67,"column":6},"end":{"line":85,"column":null}},"type":"if","locations":[{"start":{"line":67,"column":6},"end":{"line":85,"column":null}},{"start":{"line":82,"column":13},"end":{"line":85,"column":null}}]},"12":{"loc":{"start":{"line":71,"column":16},"end":{"line":71,"column":null}},"type":"binary-expr","locations":[{"start":{"line":71,"column":16},"end":{"line":71,"column":35}},{"start":{"line":71,"column":35},"end":{"line":71,"column":null}}]},"13":{"loc":{"start":{"line":77,"column":8},"end":{"line":79,"column":null}},"type":"if","locations":[{"start":{"line":77,"column":8},"end":{"line":79,"column":null}}]},"14":{"loc":{"start":{"line":84,"column":17},"end":{"line":84,"column":60}},"type":"binary-expr","locations":[{"start":{"line":84,"column":17},"end":{"line":84,"column":36}},{"start":{"line":84,"column":36},"end":{"line":84,"column":60}}]},"15":{"loc":{"start":{"line":95,"column":4},"end":{"line":98,"column":null}},"type":"if","locations":[{"start":{"line":95,"column":4},"end":{"line":98,"column":null}}]},"16":{"loc":{"start":{"line":100,"column":4},"end":{"line":103,"column":null}},"type":"if","locations":[{"start":{"line":100,"column":4},"end":{"line":103,"column":null}}]},"17":{"loc":{"start":{"line":100,"column":8},"end":{"line":100,"column":33}},"type":"binary-expr","locations":[{"start":{"line":100,"column":8},"end":{"line":100,"column":19}},{"start":{"line":100,"column":19},"end":{"line":100,"column":33}}]},"18":{"loc":{"start":{"line":117,"column":6},"end":{"line":136,"column":null}},"type":"if","locations":[{"start":{"line":117,"column":6},"end":{"line":136,"column":null}},{"start":{"line":133,"column":13},"end":{"line":136,"column":null}}]},"19":{"loc":{"start":{"line":128,"column":8},"end":{"line":130,"column":null}},"type":"if","locations":[{"start":{"line":128,"column":8},"end":{"line":130,"column":null}}]},"20":{"loc":{"start":{"line":135,"column":17},"end":{"line":135,"column":65}},"type":"binary-expr","locations":[{"start":{"line":135,"column":17},"end":{"line":135,"column":36}},{"start":{"line":135,"column":36},"end":{"line":135,"column":65}}]},"21":{"loc":{"start":{"line":146,"column":4},"end":{"line":152,"column":null}},"type":"if","locations":[{"start":{"line":146,"column":4},"end":{"line":152,"column":null}}]},"22":{"loc":{"start":{"line":146,"column":8},"end":{"line":146,"column":33}},"type":"binary-expr","locations":[{"start":{"line":146,"column":8},"end":{"line":146,"column":19}},{"start":{"line":146,"column":19},"end":{"line":146,"column":33}}]},"23":{"loc":{"start":{"line":148,"column":6},"end":{"line":150,"column":null}},"type":"if","locations":[{"start":{"line":148,"column":6},"end":{"line":150,"column":null}}]},"24":{"loc":{"start":{"line":159,"column":6},"end":{"line":168,"column":null}},"type":"if","locations":[{"start":{"line":159,"column":6},"end":{"line":168,"column":null}},{"start":{"line":165,"column":13},"end":{"line":168,"column":null}}]},"25":{"loc":{"start":{"line":161,"column":8},"end":{"line":163,"column":null}},"type":"if","locations":[{"start":{"line":161,"column":8},"end":{"line":163,"column":null}}]},"26":{"loc":{"start":{"line":167,"column":17},"end":{"line":167,"column":60}},"type":"binary-expr","locations":[{"start":{"line":167,"column":17},"end":{"line":167,"column":36}},{"start":{"line":167,"column":36},"end":{"line":167,"column":60}}]},"27":{"loc":{"start":{"line":177,"column":4},"end":{"line":193,"column":null}},"type":"if","locations":[{"start":{"line":177,"column":4},"end":{"line":193,"column":null}}]},"28":{"loc":{"start":{"line":180,"column":6},"end":{"line":183,"column":null}},"type":"if","locations":[{"start":{"line":180,"column":6},"end":{"line":183,"column":null}}]},"29":{"loc":{"start":{"line":187,"column":6},"end":{"line":190,"column":null}},"type":"if","locations":[{"start":{"line":187,"column":6},"end":{"line":190,"column":null}}]},"30":{"loc":{"start":{"line":204,"column":4},"end":{"line":220,"column":null}},"type":"if","locations":[{"start":{"line":204,"column":4},"end":{"line":220,"column":null}}]},"31":{"loc":{"start":{"line":207,"column":6},"end":{"line":210,"column":null}},"type":"if","locations":[{"start":{"line":207,"column":6},"end":{"line":210,"column":null}}]},"32":{"loc":{"start":{"line":214,"column":6},"end":{"line":217,"column":null}},"type":"if","locations":[{"start":{"line":214,"column":6},"end":{"line":217,"column":null}}]},"33":{"loc":{"start":{"line":223,"column":2},"end":{"line":232,"column":null}},"type":"if","locations":[{"start":{"line":223,"column":2},"end":{"line":232,"column":null}}]},"34":{"loc":{"start":{"line":236,"column":7},"end":{"line":240,"column":null}},"type":"binary-expr","locations":[{"start":{"line":236,"column":7},"end":{"line":236,"column":null}},{"start":{"line":237,"column":8},"end":{"line":240,"column":null}}]},"35":{"loc":{"start":{"line":244,"column":7},"end":{"line":366,"column":null}},"type":"binary-expr","locations":[{"start":{"line":244,"column":7},"end":{"line":244,"column":23}},{"start":{"line":244,"column":23},"end":{"line":244,"column":null}},{"start":{"line":245,"column":8},"end":{"line":366,"column":null}}]},"36":{"loc":{"start":{"line":252,"column":31},"end":{"line":252,"column":103}},"type":"cond-expr","locations":[{"start":{"line":252,"column":65},"end":{"line":252,"column":84}},{"start":{"line":252,"column":84},"end":{"line":252,"column":103}}]},"37":{"loc":{"start":{"line":254,"column":17},"end":{"line":254,"column":null}},"type":"cond-expr","locations":[{"start":{"line":254,"column":51},"end":{"line":254,"column":69}},{"start":{"line":254,"column":69},"end":{"line":254,"column":null}}]},"38":{"loc":{"start":{"line":259,"column":15},"end":{"line":263,"column":null}},"type":"binary-expr","locations":[{"start":{"line":259,"column":15},"end":{"line":259,"column":null}},{"start":{"line":260,"column":16},"end":{"line":263,"column":null}}]},"39":{"loc":{"start":{"line":261,"column":50},"end":{"line":261,"column":81}},"type":"binary-expr","locations":[{"start":{"line":261,"column":50},"end":{"line":261,"column":71}},{"start":{"line":261,"column":71},"end":{"line":261,"column":81}}]},"40":{"loc":{"start":{"line":262,"column":45},"end":{"line":262,"column":75}},"type":"binary-expr","locations":[{"start":{"line":262,"column":45},"end":{"line":262,"column":65}},{"start":{"line":262,"column":65},"end":{"line":262,"column":75}}]},"41":{"loc":{"start":{"line":265,"column":15},"end":{"line":266,"column":null}},"type":"binary-expr","locations":[{"start":{"line":265,"column":15},"end":{"line":265,"column":null}},{"start":{"line":266,"column":16},"end":{"line":266,"column":null}}]},"42":{"loc":{"start":{"line":273,"column":15},"end":{"line":348,"column":null}},"type":"cond-expr","locations":[{"start":{"line":274,"column":16},"end":{"line":336,"column":null}},{"start":{"line":338,"column":16},"end":{"line":348,"column":null}}]},"43":{"loc":{"start":{"line":277,"column":22},"end":{"line":283,"column":null}},"type":"cond-expr","locations":[{"start":{"line":278,"column":27},"end":{"line":280,"column":null}},{"start":{"line":281,"column":27},"end":{"line":283,"column":null}}]},"44":{"loc":{"start":{"line":277,"column":22},"end":{"line":277,"column":null}},"type":"binary-expr","locations":[{"start":{"line":277,"column":22},"end":{"line":277,"column":42}},{"start":{"line":277,"column":42},"end":{"line":277,"column":73}},{"start":{"line":277,"column":73},"end":{"line":277,"column":null}}]},"45":{"loc":{"start":{"line":278,"column":27},"end":{"line":280,"column":null}},"type":"cond-expr","locations":[{"start":{"line":279,"column":30},"end":{"line":279,"column":null}},{"start":{"line":280,"column":30},"end":{"line":280,"column":null}}]},"46":{"loc":{"start":{"line":281,"column":27},"end":{"line":283,"column":null}},"type":"cond-expr","locations":[{"start":{"line":282,"column":30},"end":{"line":282,"column":null}},{"start":{"line":283,"column":30},"end":{"line":283,"column":null}}]},"47":{"loc":{"start":{"line":281,"column":27},"end":{"line":281,"column":null}},"type":"binary-expr","locations":[{"start":{"line":281,"column":27},"end":{"line":281,"column":48}},{"start":{"line":281,"column":48},"end":{"line":281,"column":80}},{"start":{"line":281,"column":80},"end":{"line":281,"column":null}}]},"48":{"loc":{"start":{"line":290,"column":22},"end":{"line":292,"column":null}},"type":"if","locations":[{"start":{"line":290,"column":22},"end":{"line":292,"column":null}}]},"49":{"loc":{"start":{"line":290,"column":26},"end":{"line":290,"column":91}},"type":"binary-expr","locations":[{"start":{"line":290,"column":26},"end":{"line":290,"column":38}},{"start":{"line":290,"column":38},"end":{"line":290,"column":91}}]},"50":{"loc":{"start":{"line":296,"column":22},"end":{"line":302,"column":null}},"type":"cond-expr","locations":[{"start":{"line":297,"column":27},"end":{"line":299,"column":null}},{"start":{"line":300,"column":27},"end":{"line":302,"column":null}}]},"51":{"loc":{"start":{"line":296,"column":22},"end":{"line":296,"column":null}},"type":"binary-expr","locations":[{"start":{"line":296,"column":22},"end":{"line":296,"column":42}},{"start":{"line":296,"column":42},"end":{"line":296,"column":73}},{"start":{"line":296,"column":73},"end":{"line":296,"column":null}}]},"52":{"loc":{"start":{"line":297,"column":27},"end":{"line":299,"column":null}},"type":"cond-expr","locations":[{"start":{"line":298,"column":30},"end":{"line":298,"column":null}},{"start":{"line":299,"column":30},"end":{"line":299,"column":null}}]},"53":{"loc":{"start":{"line":300,"column":27},"end":{"line":302,"column":null}},"type":"cond-expr","locations":[{"start":{"line":301,"column":30},"end":{"line":301,"column":null}},{"start":{"line":302,"column":30},"end":{"line":302,"column":null}}]},"54":{"loc":{"start":{"line":300,"column":27},"end":{"line":300,"column":null}},"type":"binary-expr","locations":[{"start":{"line":300,"column":27},"end":{"line":300,"column":48}},{"start":{"line":300,"column":48},"end":{"line":300,"column":80}},{"start":{"line":300,"column":80},"end":{"line":300,"column":null}}]},"55":{"loc":{"start":{"line":305,"column":22},"end":{"line":311,"column":null}},"type":"cond-expr","locations":[{"start":{"line":306,"column":27},"end":{"line":308,"column":null}},{"start":{"line":309,"column":27},"end":{"line":311,"column":null}}]},"56":{"loc":{"start":{"line":305,"column":22},"end":{"line":305,"column":null}},"type":"binary-expr","locations":[{"start":{"line":305,"column":22},"end":{"line":305,"column":42}},{"start":{"line":305,"column":42},"end":{"line":305,"column":73}},{"start":{"line":305,"column":73},"end":{"line":305,"column":null}}]},"57":{"loc":{"start":{"line":306,"column":27},"end":{"line":308,"column":null}},"type":"cond-expr","locations":[{"start":{"line":307,"column":30},"end":{"line":307,"column":null}},{"start":{"line":308,"column":30},"end":{"line":308,"column":null}}]},"58":{"loc":{"start":{"line":309,"column":27},"end":{"line":311,"column":null}},"type":"cond-expr","locations":[{"start":{"line":310,"column":30},"end":{"line":310,"column":null}},{"start":{"line":311,"column":30},"end":{"line":311,"column":null}}]},"59":{"loc":{"start":{"line":309,"column":27},"end":{"line":309,"column":null}},"type":"binary-expr","locations":[{"start":{"line":309,"column":27},"end":{"line":309,"column":48}},{"start":{"line":309,"column":48},"end":{"line":309,"column":80}},{"start":{"line":309,"column":80},"end":{"line":309,"column":null}}]},"60":{"loc":{"start":{"line":314,"column":22},"end":{"line":320,"column":null}},"type":"cond-expr","locations":[{"start":{"line":315,"column":27},"end":{"line":317,"column":null}},{"start":{"line":318,"column":27},"end":{"line":320,"column":null}}]},"61":{"loc":{"start":{"line":314,"column":22},"end":{"line":314,"column":null}},"type":"binary-expr","locations":[{"start":{"line":314,"column":22},"end":{"line":314,"column":42}},{"start":{"line":314,"column":42},"end":{"line":314,"column":73}},{"start":{"line":314,"column":73},"end":{"line":314,"column":null}}]},"62":{"loc":{"start":{"line":315,"column":27},"end":{"line":317,"column":null}},"type":"cond-expr","locations":[{"start":{"line":316,"column":30},"end":{"line":316,"column":null}},{"start":{"line":317,"column":30},"end":{"line":317,"column":null}}]},"63":{"loc":{"start":{"line":318,"column":27},"end":{"line":320,"column":null}},"type":"cond-expr","locations":[{"start":{"line":319,"column":30},"end":{"line":319,"column":null}},{"start":{"line":320,"column":30},"end":{"line":320,"column":null}}]},"64":{"loc":{"start":{"line":318,"column":27},"end":{"line":318,"column":null}},"type":"binary-expr","locations":[{"start":{"line":318,"column":27},"end":{"line":318,"column":48}},{"start":{"line":318,"column":48},"end":{"line":318,"column":80}},{"start":{"line":318,"column":80},"end":{"line":318,"column":null}}]},"65":{"loc":{"start":{"line":342,"column":58},"end":{"line":342,"column":145}},"type":"binary-expr","locations":[{"start":{"line":342,"column":58},"end":{"line":342,"column":143}},{"start":{"line":342,"column":143},"end":{"line":342,"column":145}}]},"66":{"loc":{"start":{"line":359,"column":26},"end":{"line":359,"column":null}},"type":"binary-expr","locations":[{"start":{"line":359,"column":26},"end":{"line":359,"column":39}},{"start":{"line":359,"column":39},"end":{"line":359,"column":null}}]},"67":{"loc":{"start":{"line":366,"column":8},"end":{"line":473,"column":null}},"type":"binary-expr","locations":[{"start":{"line":370,"column":8},"end":{"line":370,"column":25}},{"start":{"line":370,"column":25},"end":{"line":370,"column":48}},{"start":{"line":370,"column":48},"end":{"line":370,"column":null}},{"start":{"line":371,"column":8},"end":{"line":473,"column":null}}]},"68":{"loc":{"start":{"line":374,"column":63},"end":{"line":374,"column":101}},"type":"cond-expr","locations":[{"start":{"line":374,"column":88},"end":{"line":374,"column":99}},{"start":{"line":374,"column":99},"end":{"line":374,"column":101}}]},"69":{"loc":{"start":{"line":384,"column":16},"end":{"line":386,"column":null}},"type":"if","locations":[{"start":{"line":384,"column":16},"end":{"line":386,"column":null}}]},"70":{"loc":{"start":{"line":395,"column":65},"end":{"line":395,"column":105}},"type":"cond-expr","locations":[{"start":{"line":395,"column":92},"end":{"line":395,"column":103}},{"start":{"line":395,"column":103},"end":{"line":395,"column":105}}]},"71":{"loc":{"start":{"line":406,"column":11},"end":{"line":437,"column":null}},"type":"binary-expr","locations":[{"start":{"line":406,"column":11},"end":{"line":406,"column":null}},{"start":{"line":407,"column":12},"end":{"line":437,"column":null}}]},"72":{"loc":{"start":{"line":415,"column":18},"end":{"line":417,"column":null}},"type":"if","locations":[{"start":{"line":415,"column":18},"end":{"line":417,"column":null}}]},"73":{"loc":{"start":{"line":419,"column":33},"end":{"line":419,"column":71}},"type":"cond-expr","locations":[{"start":{"line":419,"column":45},"end":{"line":419,"column":61}},{"start":{"line":419,"column":61},"end":{"line":419,"column":71}}]},"74":{"loc":{"start":{"line":422,"column":19},"end":{"line":432,"column":null}},"type":"cond-expr","locations":[{"start":{"line":423,"column":20},"end":{"line":426,"column":null}},{"start":{"line":428,"column":20},"end":{"line":432,"column":null}}]},"75":{"loc":{"start":{"line":440,"column":11},"end":{"line":471,"column":null}},"type":"binary-expr","locations":[{"start":{"line":440,"column":11},"end":{"line":440,"column":null}},{"start":{"line":441,"column":12},"end":{"line":471,"column":null}}]},"76":{"loc":{"start":{"line":456,"column":28},"end":{"line":456,"column":null}},"type":"binary-expr","locations":[{"start":{"line":456,"column":28},"end":{"line":456,"column":50}},{"start":{"line":456,"column":50},"end":{"line":456,"column":null}}]},"77":{"loc":{"start":{"line":458,"column":19},"end":{"line":467,"column":null}},"type":"cond-expr","locations":[{"start":{"line":459,"column":20},"end":{"line":462,"column":null}},{"start":{"line":464,"column":20},"end":{"line":467,"column":null}}]},"78":{"loc":{"start":{"line":476,"column":7},"end":{"line":480,"column":null}},"type":"binary-expr","locations":[{"start":{"line":476,"column":7},"end":{"line":476,"column":null}},{"start":{"line":477,"column":8},"end":{"line":480,"column":null}}]}},"s":{"0":274,"1":35863,"2":35863,"3":35863,"4":35863,"5":35863,"6":35863,"7":35863,"8":35863,"9":2746,"10":2214,"11":35863,"12":2214,"13":0,"14":2214,"15":2214,"16":2214,"17":1938,"18":1938,"19":1938,"20":151,"21":276,"22":276,"23":2214,"24":35863,"25":1307,"26":65,"27":65,"28":1242,"29":147,"30":147,"31":1095,"32":1095,"33":1095,"34":1095,"35":1095,"36":1095,"37":840,"38":741,"39":741,"40":741,"41":741,"42":0,"43":741,"44":99,"45":99,"46":255,"47":255,"48":1095,"49":35863,"50":680,"51":0,"52":0,"53":680,"54":40,"55":40,"56":640,"57":640,"58":640,"59":640,"60":457,"61":265,"62":265,"63":265,"64":265,"65":265,"66":0,"67":265,"68":192,"69":192,"70":183,"71":183,"72":640,"73":35863,"74":414,"75":0,"76":0,"77":0,"78":0,"79":414,"80":414,"81":276,"82":236,"83":236,"84":0,"85":236,"86":40,"87":40,"88":138,"89":138,"90":35863,"91":1569,"92":1569,"93":1569,"94":1569,"95":274,"96":274,"97":1295,"98":1295,"99":0,"100":0,"101":1295,"102":1295,"103":35863,"104":186,"105":186,"106":186,"107":186,"108":186,"109":186,"110":168,"111":168,"112":18,"113":18,"114":6,"115":6,"116":12,"117":35863,"118":2214,"119":33649,"120":103,"121":103,"122":103,"123":103,"124":168,"125":168,"126":168,"127":168,"128":168,"129":168,"130":726,"131":726,"132":180,"133":180,"134":0,"135":0,"136":0,"137":23211},"f":{"0":35863,"1":2746,"2":2214,"3":1307,"4":680,"5":414,"6":1569,"7":186,"8":103,"9":168,"10":726,"11":180,"12":180,"13":0,"14":23211},"b":{"0":[0],"1":[2214],"2":[2746,2214],"3":[0],"4":[2214,2214],"5":[1938],"6":[151],"7":[1938,151,0],"8":[65],"9":[1307,1307,212],"10":[147],"11":[741,99],"12":[741,88],"13":[0],"14":[99,79],"15":[0],"16":[40],"17":[680,640],"18":[265,192],"19":[0],"20":[192,0],"21":[0],"22":[414,414],"23":[0],"24":[236,40],"25":[0],"26":[40,0],"27":[1569],"28":[274],"29":[0],"30":[186],"31":[168],"32":[6],"33":[2214],"34":[33649,848],"35":[33649,1335,1335],"36":[382,953],"37":[382,953],"38":[1335,953],"39":[953,0],"40":[953,0],"41":[1335,382],"42":[953,382],"43":[919,34],"44":[953,953,919],"45":[16,903],"46":[34,0],"47":[34,34,34],"48":[103],"49":[103,103],"50":[919,34],"51":[953,953,919],"52":[16,903],"53":[34,0],"54":[34,34,34],"55":[919,34],"56":[953,953,919],"57":[16,903],"58":[34,0],"59":[34,34,34],"60":[919,34],"61":[953,953,919],"62":[16,903],"63":[34,0],"64":[34,34,34],"65":[382,0],"66":[1335,1335],"67":[33649,1335,32314,31466],"68":[6474,24992],"69":[168],"70":[24992,6474],"71":[31466,6474],"72":[0],"73":[1095,5379],"74":[1095,5379],"75":[31466,24992],"76":[24992,24266],"77":[640,24352],"78":[33649,1883]}}
}
