{"total": {"lines":{"total":263,"covered":231,"skipped":0,"pct":87.83},"statements":{"total":276,"covered":241,"skipped":0,"pct":87.31},"functions":{"total":72,"covered":61,"skipped":0,"pct":84.72},"branches":{"total":260,"covered":223,"skipped":0,"pct":85.76},"branchesTrue":{"total":0,"covered":0,"skipped":0,"pct":100}}
,"F:/25T2/COMP9900/Project/capstone-project-25t2-9900-h18b-donut/src/config.js": {"lines":{"total":2,"covered":2,"skipped":0,"pct":100},"functions":{"total":0,"covered":0,"skipped":0,"pct":100},"statements":{"total":2,"covered":2,"skipped":0,"pct":100},"branches":{"total":7,"covered":5,"skipped":0,"pct":71.42}}
,"F:/25T2/COMP9900/Project/capstone-project-25t2-9900-h18b-donut/src/components/CustomAlert.jsx": {"lines":{"total":68,"covered":50,"skipped":0,"pct":73.52},"functions":{"total":23,"covered":13,"skipped":0,"pct":56.52},"statements":{"total":72,"covered":52,"skipped":0,"pct":72.22},"branches":{"total":38,"covered":25,"skipped":0,"pct":65.78}}
,"F:/25T2/COMP9900/Project/capstone-project-25t2-9900-h18b-donut/src/components/StudentHelp.jsx": {"lines":{"total":56,"covered":56,"skipped":0,"pct":100},"functions":{"total":34,"covered":34,"skipped":0,"pct":100},"statements":{"total":64,"covered":64,"skipped":0,"pct":100},"branches":{"total":68,"covered":66,"skipped":0,"pct":97.05}}
,"F:/25T2/COMP9900/Project/capstone-project-25t2-9900-h18b-donut/src/components/VideoUpload.jsx": {"lines":{"total":137,"covered":123,"skipped":0,"pct":89.78},"functions":{"total":15,"covered":14,"skipped":0,"pct":93.33},"statements":{"total":138,"covered":123,"skipped":0,"pct":89.13},"branches":{"total":147,"covered":127,"skipped":0,"pct":86.39}}
}
