TN:
SF:src\config.js
FNF:0
FNH:0
DA:4,4
DA:8,4
LF:2
LH:2
BRDA:4,0,0,0
BRDA:4,0,1,4
BRDA:4,1,0,4
BRDA:4,1,1,4
BRDA:4,1,2,0
BRDA:10,2,0,4
BRDA:10,2,1,4
BRF:7
BRH:5
end_of_record
TN:
SF:src\components\CustomAlert.jsx
FN:17,(anonymous_0)
FN:21,(anonymous_1)
FN:56,(anonymous_2)
FN:60,(anonymous_3)
FN:68,(anonymous_4)
FN:69,(anonymous_5)
FN:69,(anonymous_6)
FN:72,(anonymous_7)
FN:81,(anonymous_8)
FN:89,(anonymous_9)
FN:97,(anonymous_10)
FN:105,(anonymous_11)
FN:106,(anonymous_12)
FN:112,(anonymous_13)
FN:113,(anonymous_14)
FN:137,(anonymous_15)
FN:145,(anonymous_16)
FN:151,(anonymous_17)
FN:152,(anonymous_18)
FN:159,(anonymous_19)
FN:166,(anonymous_20)
FN:181,(anonymous_21)
FN:242,(anonymous_22)
FNF:23
FNH:13
FNDA:81,(anonymous_0)
FNDA:53,(anonymous_1)
FNDA:37,(anonymous_2)
FNDA:0,(anonymous_3)
FNDA:0,(anonymous_4)
FNDA:0,(anonymous_5)
FNDA:0,(anonymous_6)
FNDA:0,(anonymous_7)
FNDA:8,(anonymous_8)
FNDA:11,(anonymous_9)
FNDA:3,(anonymous_10)
FNDA:7,(anonymous_11)
FNDA:7,(anonymous_12)
FNDA:0,(anonymous_13)
FNDA:0,(anonymous_14)
FNDA:81,(anonymous_15)
FNDA:0,(anonymous_16)
FNDA:37,(anonymous_17)
FNDA:0,(anonymous_18)
FNDA:0,(anonymous_19)
FNDA:37,(anonymous_20)
FNDA:37,(anonymous_21)
FNDA:81,(anonymous_22)
DA:5,9
DA:8,9
DA:17,9
DA:18,81
DA:19,81
DA:21,81
DA:34,53
DA:35,53
DA:36,16
DA:38,37
DA:40,37
DA:42,37
DA:56,37
DA:59,37
DA:60,0
DA:61,0
DA:65,37
DA:68,81
DA:69,0
DA:72,81
DA:73,0
DA:81,81
DA:82,8
DA:89,81
DA:90,11
DA:97,81
DA:98,3
DA:105,81
DA:106,7
DA:107,7
DA:112,0
DA:113,0
DA:118,81
DA:128,81
DA:137,9
DA:139,81
DA:141,81
DA:143,37
DA:145,0
DA:151,9
DA:152,37
DA:153,0
DA:154,0
DA:156,0
DA:159,37
DA:160,0
DA:161,0
DA:163,0
DA:166,37
DA:167,37
DA:169,0
DA:171,8
DA:173,0
DA:175,13
DA:177,16
DA:181,37
DA:182,37
DA:184,0
DA:186,8
DA:188,0
DA:190,13
DA:192,16
DA:196,37
DA:242,9
DA:243,81
DA:244,81
DA:245,0
DA:247,81
LF:68
LH:50
BRDA:22,0,0,42
BRDA:24,1,0,0
BRDA:25,2,0,40
BRDA:26,3,0,40
BRDA:27,4,0,46
BRDA:28,5,0,46
BRDA:29,6,0,40
BRDA:30,7,0,50
BRDA:31,8,0,50
BRDA:35,9,0,16
BRDA:59,10,0,0
BRDA:72,11,0,0
BRDA:81,12,0,8
BRDA:89,13,0,0
BRDA:97,14,0,0
BRDA:105,15,0,0
BRDA:141,16,0,44
BRDA:153,17,0,0
BRDA:160,18,0,0
BRDA:167,19,0,0
BRDA:167,19,1,8
BRDA:167,19,2,0
BRDA:167,19,3,13
BRDA:167,19,4,16
BRDA:182,20,0,0
BRDA:182,20,1,8
BRDA:182,20,2,0
BRDA:182,20,3,13
BRDA:182,20,4,16
BRDA:198,21,0,24
BRDA:198,21,1,13
BRDA:201,22,0,37
BRDA:201,22,1,11
BRDA:211,23,0,37
BRDA:211,23,1,26
BRDA:220,24,0,37
BRDA:220,24,1,13
BRDA:244,25,0,0
BRF:38
BRH:25
end_of_record
TN:
SF:src\components\StudentHelp.jsx
FN:6,StudentHelp
FN:103,(anonymous_1)
FN:107,(anonymous_2)
FN:114,(anonymous_3)
FN:118,(anonymous_4)
FN:119,(anonymous_5)
FN:126,(anonymous_6)
FN:144,(anonymous_7)
FN:168,(anonymous_8)
FN:179,(anonymous_9)
FN:183,(anonymous_10)
FN:206,(anonymous_11)
FN:210,(anonymous_12)
FN:211,(anonymous_13)
FN:236,(anonymous_14)
FN:243,(anonymous_15)
FN:274,(anonymous_16)
FN:319,(anonymous_17)
FN:83,(anonymous_1)
FN:84,(anonymous_2)
FN:88,(anonymous_3)
FN:91,(anonymous_4)
FN:92,(anonymous_5)
FN:98,(anonymous_6)
FN:136,(anonymous_7)
FN:145,(anonymous_8)
FN:164,(anonymous_9)
FN:163,(anonymous_10)
FN:196,(anonymous_11)
FN:194,(anonymous_12)
FN:222,(anonymous_14)
FN:233,(anonymous_15)
FN:264,(anonymous_16)
FN:312,(anonymous_17)
FNF:34
FNH:34
FNDA:116,StudentHelp
FNDA:3364,(anonymous_1)
FNDA:1472,(anonymous_2)
FNDA:2212,(anonymous_3)
FNDA:2208,(anonymous_4)
FNDA:2208,(anonymous_5)
FNDA:2210,(anonymous_6)
FNDA:2668,(anonymous_7)
FNDA:2253,(anonymous_8)
FNDA:2900,(anonymous_9)
FNDA:2210,(anonymous_10)
FNDA:2994,(anonymous_11)
FNDA:15012,(anonymous_12)
FNDA:15016,(anonymous_13)
FNDA:15012,(anonymous_14)
FNDA:15012,(anonymous_15)
FNDA:2213,(anonymous_16)
FNDA:2209,(anonymous_17)
FNDA:22156,(anonymous_1)
FNDA:25918,(anonymous_2)
FNDA:268,(anonymous_3)
FNDA:192,(anonymous_4)
FNDA:192,(anonymous_5)
FNDA:230,(anonymous_6)
FNDA:8932,(anonymous_7)
FNDA:1395,(anonymous_8)
FNDA:13340,(anonymous_9)
FNDA:230,(anonymous_10)
FNDA:15126,(anonymous_11)
FNDA:384,(anonymous_12)
FNDA:828,(anonymous_14)
FNDA:828,(anonymous_15)
FNDA:287,(anonymous_16)
FNDA:211,(anonymous_17)
DA:3,2204
DA:6,2320
DA:7,2320
DA:8,2320
DA:9,2320
DA:10,2320
DA:11,2320
DA:13,2320
DA:22,116
DA:77,2320
DA:83,2320
DA:84,25918
DA:85,22156
DA:86,22156
DA:88,2588
DA:91,2204
DA:92,76
DA:95,116
DA:98,2204
DA:99,114
DA:103,116
DA:104,3364
DA:107,3562
DA:109,1160
DA:111,3364
DA:114,2320
DA:115,2212
DA:118,2320
DA:119,2208
DA:126,2320
DA:127,2210
DA:128,2210
DA:129,2210
DA:133,116
DA:136,8932
DA:145,2668
DA:163,230
DA:164,13340
DA:168,2253
DA:180,2900
DA:183,2210
DA:194,384
DA:196,15126
DA:207,2994
DA:210,15012
DA:211,15016
DA:222,828
DA:233,828
DA:236,15012
DA:243,15012
DA:264,287
DA:274,2213
DA:312,211
DA:319,2209
DA:328,8
DA:330,8
LF:56
LH:56
BRDA:104,0,0,1160
BRDA:104,0,1,490
BRDA:104,0,2,378
BRDA:104,0,3,322
BRDA:109,1,0,1160
BRDA:109,1,1,60
BRDA:111,2,0,1160
BRDA:111,2,1,838
BRDA:115,3,0,3
BRDA:115,3,1,5
BRDA:127,4,0,6
BRDA:127,5,0,6
BRDA:127,5,1,3
BRDA:182,6,0,116
BRDA:182,6,1,580
BRDA:197,7,0,88
BRDA:197,7,1,2232
BRDA:201,8,0,0
BRDA:201,8,1,116
BRDA:209,9,0,9
BRDA:209,9,1,2985
BRDA:224,10,0,15019
BRDA:224,10,1,952
BRDA:225,11,0,15019
BRDA:225,11,1,952
BRDA:230,12,0,790
BRDA:230,12,1,9
BRDA:235,13,0,15012
BRDA:235,13,1,178
BRDA:242,14,0,15012
BRDA:242,14,1,178
BRDA:276,15,0,2213
BRDA:276,15,1,278
BRDA:281,16,0,116
BRDA:281,16,1,9
BRDA:84,17,0,22040
BRDA:84,17,1,9310
BRDA:84,17,2,7182
BRDA:84,17,3,6118
BRDA:85,18,0,22040
BRDA:85,18,1,1140
BRDA:86,19,0,22040
BRDA:86,19,1,15922
BRDA:89,20,0,57
BRDA:89,20,1,95
BRDA:99,21,0,114
BRDA:99,22,0,114
BRDA:99,22,1,57
BRDA:164,23,0,2204
BRDA:164,23,1,11020
BRDA:187,24,0,1672
BRDA:187,24,1,532
BRDA:194,25,0,0
BRDA:194,25,1,2204
BRDA:194,26,0,171
BRDA:194,26,1,14839
BRDA:217,27,0,342
BRDA:217,27,1,29910
BRDA:208,28,0,15010
BRDA:208,28,1,287
BRDA:221,29,0,38
BRDA:221,29,1,249
BRDA:232,30,0,828
BRDA:232,30,1,142
BRDA:264,31,0,171
BRDA:264,31,1,2033
BRDA:272,32,0,2204
BRDA:272,32,1,171
BRF:68
BRH:66
end_of_record
TN:
SF:src\components\VideoUpload.jsx
FN:5,(anonymous_0)
FN:14,(anonymous_1)
FN:20,(anonymous_2)
FN:44,(anonymous_3)
FN:94,(anonymous_4)
FN:145,(anonymous_5)
FN:175,(anonymous_6)
FN:199,(anonymous_7)
FN:287,(anonymous_8)
FN:375,(anonymous_9)
FN:396,(anonymous_10)
FN:411,(anonymous_11)
FN:412,(anonymous_12)
FN:413,(anonymous_13)
FN:450,(anonymous_14)
FNF:15
FNH:14
FNDA:35863,(anonymous_0)
FNDA:2746,(anonymous_1)
FNDA:2214,(anonymous_2)
FNDA:1307,(anonymous_3)
FNDA:680,(anonymous_4)
FNDA:414,(anonymous_5)
FNDA:1569,(anonymous_6)
FNDA:186,(anonymous_7)
FNDA:103,(anonymous_8)
FNDA:168,(anonymous_9)
FNDA:726,(anonymous_10)
FNDA:180,(anonymous_11)
FNDA:180,(anonymous_12)
FNDA:0,(anonymous_13)
FNDA:23211,(anonymous_14)
DA:5,274
DA:6,35863
DA:7,35863
DA:8,35863
DA:9,35863
DA:10,35863
DA:11,35863
DA:12,35863
DA:14,35863
DA:15,2746
DA:16,2214
DA:20,35863
DA:21,2214
DA:23,2214
DA:24,2214
DA:25,2214
DA:26,1938
DA:27,1938
DA:28,1938
DA:29,151
DA:37,276
DA:38,276
DA:40,2214
DA:44,35863
DA:45,1307
DA:46,65
DA:47,65
DA:50,1242
DA:51,147
DA:52,147
DA:55,1095
DA:56,1095
DA:58,1095
DA:59,1095
DA:61,1095
DA:62,1095
DA:67,840
DA:68,741
DA:69,741
DA:75,741
DA:77,741
DA:78,0
DA:81,741
DA:83,99
DA:84,99
DA:87,255
DA:88,255
DA:90,1095
DA:94,35863
DA:95,680
DA:96,0
DA:97,0
DA:100,680
DA:101,40
DA:102,40
DA:105,640
DA:106,640
DA:108,640
DA:109,640
DA:117,457
DA:118,265
DA:119,265
DA:125,265
DA:126,265
DA:128,265
DA:129,0
DA:132,265
DA:134,192
DA:135,192
DA:138,183
DA:139,183
DA:141,640
DA:145,35863
DA:146,414
DA:147,0
DA:148,0
DA:149,0
DA:151,0
DA:154,414
DA:155,414
DA:159,276
DA:160,236
DA:161,236
DA:162,0
DA:164,236
DA:166,40
DA:167,40
DA:170,138
DA:171,138
DA:175,35863
DA:176,1569
DA:177,1569
DA:179,1569
DA:180,1569
DA:181,274
DA:182,274
DA:186,1295
DA:187,1295
DA:188,0
DA:189,0
DA:192,1295
DA:196,1295
DA:199,35863
DA:200,186
DA:201,186
DA:203,186
DA:204,186
DA:206,186
DA:207,186
DA:208,168
DA:209,168
DA:213,18
DA:214,18
DA:215,6
DA:216,6
DA:219,12
DA:223,35863
DA:224,2214
DA:234,33649
DA:288,103
DA:289,103
DA:290,103
DA:291,103
DA:376,168
DA:379,168
DA:380,168
DA:383,168
DA:384,168
DA:385,168
DA:397,726
DA:398,726
DA:411,180
DA:412,180
DA:414,0
DA:415,0
DA:416,0
DA:450,23211
LF:137
LH:123
BRDA:5,0,0,0
BRDA:15,1,0,2214
BRDA:15,2,0,2746
BRDA:15,2,1,2214
BRDA:21,3,0,0
BRDA:21,4,0,2214
BRDA:21,4,1,2214
BRDA:26,5,0,1938
BRDA:28,6,0,151
BRDA:28,7,0,1938
BRDA:28,7,1,151
BRDA:28,7,2,0
BRDA:45,8,0,65
BRDA:45,9,0,1307
BRDA:45,9,1,1307
BRDA:45,9,2,212
BRDA:50,10,0,147
BRDA:67,11,0,741
BRDA:67,11,1,99
BRDA:71,12,0,741
BRDA:71,12,1,88
BRDA:77,13,0,0
BRDA:84,14,0,99
BRDA:84,14,1,79
BRDA:95,15,0,0
BRDA:100,16,0,40
BRDA:100,17,0,680
BRDA:100,17,1,640
BRDA:117,18,0,265
BRDA:117,18,1,192
BRDA:128,19,0,0
BRDA:135,20,0,192
BRDA:135,20,1,0
BRDA:146,21,0,0
BRDA:146,22,0,414
BRDA:146,22,1,414
BRDA:148,23,0,0
BRDA:159,24,0,236
BRDA:159,24,1,40
BRDA:161,25,0,0
BRDA:167,26,0,40
BRDA:167,26,1,0
BRDA:177,27,0,1569
BRDA:180,28,0,274
BRDA:187,29,0,0
BRDA:204,30,0,186
BRDA:207,31,0,168
BRDA:214,32,0,6
BRDA:223,33,0,2214
BRDA:236,34,0,33649
BRDA:236,34,1,848
BRDA:244,35,0,33649
BRDA:244,35,1,1335
BRDA:244,35,2,1335
BRDA:252,36,0,382
BRDA:252,36,1,953
BRDA:254,37,0,382
BRDA:254,37,1,953
BRDA:259,38,0,1335
BRDA:259,38,1,953
BRDA:261,39,0,953
BRDA:261,39,1,0
BRDA:262,40,0,953
BRDA:262,40,1,0
BRDA:265,41,0,1335
BRDA:265,41,1,382
BRDA:273,42,0,953
BRDA:273,42,1,382
BRDA:277,43,0,919
BRDA:277,43,1,34
BRDA:277,44,0,953
BRDA:277,44,1,953
BRDA:277,44,2,919
BRDA:278,45,0,16
BRDA:278,45,1,903
BRDA:281,46,0,34
BRDA:281,46,1,0
BRDA:281,47,0,34
BRDA:281,47,1,34
BRDA:281,47,2,34
BRDA:290,48,0,103
BRDA:290,49,0,103
BRDA:290,49,1,103
BRDA:296,50,0,919
BRDA:296,50,1,34
BRDA:296,51,0,953
BRDA:296,51,1,953
BRDA:296,51,2,919
BRDA:297,52,0,16
BRDA:297,52,1,903
BRDA:300,53,0,34
BRDA:300,53,1,0
BRDA:300,54,0,34
BRDA:300,54,1,34
BRDA:300,54,2,34
BRDA:305,55,0,919
BRDA:305,55,1,34
BRDA:305,56,0,953
BRDA:305,56,1,953
BRDA:305,56,2,919
BRDA:306,57,0,16
BRDA:306,57,1,903
BRDA:309,58,0,34
BRDA:309,58,1,0
BRDA:309,59,0,34
BRDA:309,59,1,34
BRDA:309,59,2,34
BRDA:314,60,0,919
BRDA:314,60,1,34
BRDA:314,61,0,953
BRDA:314,61,1,953
BRDA:314,61,2,919
BRDA:315,62,0,16
BRDA:315,62,1,903
BRDA:318,63,0,34
BRDA:318,63,1,0
BRDA:318,64,0,34
BRDA:318,64,1,34
BRDA:318,64,2,34
BRDA:342,65,0,382
BRDA:342,65,1,0
BRDA:359,66,0,1335
BRDA:359,66,1,1335
BRDA:366,67,0,33649
BRDA:366,67,1,1335
BRDA:366,67,2,32314
BRDA:366,67,3,31466
BRDA:374,68,0,6474
BRDA:374,68,1,24992
BRDA:384,69,0,168
BRDA:395,70,0,24992
BRDA:395,70,1,6474
BRDA:406,71,0,31466
BRDA:406,71,1,6474
BRDA:415,72,0,0
BRDA:419,73,0,1095
BRDA:419,73,1,5379
BRDA:422,74,0,1095
BRDA:422,74,1,5379
BRDA:440,75,0,31466
BRDA:440,75,1,24992
BRDA:456,76,0,24992
BRDA:456,76,1,24266
BRDA:458,77,0,640
BRDA:458,77,1,24352
BRDA:476,78,0,33649
BRDA:476,78,1,1883
BRF:147
BRH:127
end_of_record
